
  ========================================================================
                license information 
 Customer : 200000000019588
 ID       : LKO2306259

 License file is VALID, continuing with full version
  ========================================================================

   OpenMP run-time library returned nthreads =  8

 dscf (u-5-0.local) : TURBOMOLE rev. V7-7-1 compiled 2 Jan 2023 at 20:18:50
 Copyright (C) 2023 TURBOMOLE GmbH, Karlsruhe


    2024-03-07 18:37:06.984 



                             d s c f - program

                   idea & directorship : reinhart ahlrichs
                   program development : marco haeser
                                         michael baer
                           dft version : oliver treutler


                          quantum chemistry group
                          universitaet  karlsruhe
                                  germany



   *-----------------------------------------------------------------------*
   |                     program will use  8 thread(s)                     |
   *-----------------------------------------------------------------------*


              +--------------------------------------------------+
              | Atomic coordinate, charge and isotop information |
              +--------------------------------------------------+

                    atomic coordinates            atom    charge  isotop
         -0.24540739    0.10322062   -3.98069296    o      8.000     0
         -0.02703631   -0.30735451   -0.20851994    ce    58.000     0
          2.82800538   -1.03811727    3.56861173    o      8.000     0
          4.49345503    0.73320996   -1.09133573    o      8.000     0
          4.27532394    3.10007114   -0.93315432    n      7.000     0
          6.03124801    4.50363309   -1.27044209    o      8.000     0
          2.09283011    3.90113927   -0.40465650    o      8.000     0
         -2.20877615   -1.78305675    3.89138640    o      8.000     0
         -4.75684317   -0.29220835   -0.66850007    o      8.000     0
         -5.04098050    1.98944319   -0.07501646    n      7.000     0
         -7.07696576    2.99698280   -0.02585334    o      8.000     0
         -3.03315972    3.16743988    0.47405103    o      8.000     0
          2.36201404   -4.17982285   -1.38225907    o      8.000     0
          0.47827078   -5.63525023   -1.45496061    n      7.000     0
          0.65869617   -7.83224204   -1.99645975    o      8.000     0
         -1.62198784   -4.62695473   -0.92424237    o      8.000     0
         -0.86074568    0.77312664   -7.80229744    ce    58.000     0
         -4.27539008    2.04378605  -10.98940748    o      8.000     0
         -5.04094648   -1.09212375   -6.82519943    o      8.000     0
         -4.38558946   -3.38751927   -6.88153406    n      7.000     0
         -5.85434508   -5.07083439   -6.46266681    o      8.000     0
         -2.10042870   -3.78635353   -7.39780346    o      8.000     0
          0.69777948    3.45539634  -11.50794077    o      8.000     0
          3.76171906    1.73330971   -7.29698279    o      8.000     0
          4.52329192   -0.47241263   -7.73651986    n      7.000     0
          6.72697903   -1.03054891   -7.72063860    o      8.000     0
          2.81529319   -2.07933557   -8.19201755    o      8.000     0
         -0.62021945   -1.46603441  -12.09984079    o      8.000     0
         -3.81532681    3.91030633   -5.80977778    o      8.000     0
         -2.25121939    5.69406040   -5.71048968    n      7.000     0
         -2.76497924    7.72479978   -4.82993399    o      8.000     0
         -0.08533814    5.20899416   -6.59583959    o      8.000     0
          1.89377959    4.78136425  -11.14397574    h      1.000     0
         -3.79245734   -2.66198916    3.68319905    h      1.000     0
          1.44453878    2.42348494  -12.81416293    h      1.000     0
         -2.52666209   -0.47649822    5.12449505    h      1.000     0
         -0.03911733   -3.19319306  -12.08993295    h      1.000     0
         -2.24796718   -1.47168847  -12.92433774    h      1.000     0
         -5.96996419    2.23637560  -10.34685713    h      1.000     0
          4.58775425   -1.38873516    3.24813685    h      1.000     0
         -3.86038355    3.60439369  -11.83831970    h      1.000     0
          2.23648520   -2.32260002    4.72017681    h      1.000     0
 
       center of nuclear mass  :   -0.45213119    0.22169759   -4.07345057
       center of nuclear charge:   -0.45785673    0.22000314   -4.09682846

              +--------------------------------------------------+
              |               basis set information              |
              +--------------------------------------------------+

              we will work with the 1s 3p 5d 7f 9g ... basis set
              ...i.e. with spherical basis functions...

   type   atoms  prim   cont   basis
   ---------------------------------------------------------------------------
    o       24     34     19   def-TZVP   [5s3p1d|11s6p1d]
    ce       2    168     96   def-TZVP   [10s8p5d4f1g|14s13p10d8f1g]
    n        6     34     19   def-TZVP   [5s3p1d|11s6p1d]
    h       10      8      6   def-TZVP   [3s1p|5s1p]
   ---------------------------------------------------------------------------
   total:   42   1436    822
   ---------------------------------------------------------------------------

   total number of primitive shells          :   88
   total number of contracted shells         :  366
   total number of cartesian basis functions :  898
   total number of SCF-basis functions       :  822

  number of unique ecp types :    1

 integral neglect threshold       :  0.37E-11
 integral storage threshold THIZE :  0.10E-04
 integral storage threshold THIME :         5


 symmetry group of the molecule :   c1 

 the group has the following generators :
   c1(z)

    1 symmetry operations found

 there are 1 real representations :   a   

 maximum number of shells which are related by symmetry :  1


   ----> a dscf RESTART run will be tried ! <----
     2e integrals will be read from 2e integral file(s)

 $restart flag 'dscf  twoint' will be switched off !

  
           ------------------
           density functional
           ------------------
 B-P86 functional
 exchange:    LDA + Becke (B88)
 correlation: LDA (VWN) + Perdew (P86)
 iterations will be done with small grid
  
 spherical integration : Lebedev's spherical grid
 spherical gridsize    :                     4
    i.e. gridpoints    :                   434
  maximum batchsize    :                   100
 value for diffuse not defined
 radial integration    : Chebyshev 2nd kind (scaling 3)
 radial gridsize       :                     6
 integration cells     :                    42
 partition function    : becke
 partition sharpness   :                     3
  

          ------------------------
          nuclear repulsion energy  :   6018.01585293    
          ------------------------


         -----------------
         -S,T+V- integrals
         -----------------

 1e-integrals will be neglected if expon. factor < 0.372156E-12


          ----------------
          -ecp-  integrals
          ----------------
 
 Difference densities algorithm switched on.
 The maximal number of linear combinations of
 difference densities is  20.

 DIIS switched on: error vector is FDS-SDF
 Max. Iterations for DIIS is     :   4
 DIIS matrix (see manual) 
    Scaling factor of diagonals  :  1.200
    threshold for scaling factor :  0.000

 scf convergence criterion : increment of total energy < .1000000D-06
                  and increment of one-electron energy < .1000000D-03

 MOs are in ASCII format !


    mo occupation :
   irrep   mo's   occupied
    a      822      152
 
 number of basis functions   :   822
 number of occupied orbitals :   152
 

 reading orbital data $scfmo  from file mos
 orbital characterization : scfdump=100
 mo-orthogonalization by Cholesky decomposition

 automatic virtual orbital shift switched on 
      shift if e(lumo)-e(homo) < 0.10000000    


 DSCF restart information will be dumped onto file mos


 complete restart information read in from $restartd
 iterations from earlier run will be continued
no density matrices from previous iterations found
  expected :                     16  found :                      0
          Overall gridpoints after grid construction =        137478
 
                                              current damping :  1.350
 ITERATION  ENERGY          1e-ENERGY        2e-ENERGY     NORM[dD(SAO)]  TOL
 101  -3091.3371668715    -16577.950272     7468.5972517    0.000D+00 0.371D-11
                            Exc =  -312.030935650770     N = 303.99919087    
          max. resid. norm for Fia-block=  1.408D-02 for orbital    112a         
          max. resid. fock norm         =  5.169D-02 for orbital    183a         
          Delta Eig. =     0.7525433692 eV 
 
                                              current damping :  1.250
 ITERATION  ENERGY          1e-ENERGY        2e-ENERGY     NORM[dD(SAO)]  TOL
 102  -3091.3433198206    -16582.931542     7473.5723695    0.327D+00 0.235D-11
                            Exc =  -312.115469588124     N = 303.99928260    
          Norm of current diis error: 0.41266    
          max. resid. norm for Fia-block=  1.128D-02 for orbital    151a         
          max. resid. fock norm         =  2.608D-02 for orbital    179a         
          Delta Eig. =     0.7129253178 eV 
 
                                              current damping :  1.300
 ITERATION  ENERGY          1e-ENERGY        2e-ENERGY     NORM[dD(SAO)]  TOL
 103  -3091.3511505097    -16575.842435     7466.4754319    0.188D+00 0.191D-11
                            Exc =  -311.960292701249     N = 303.99932532    
          Norm of current diis error: 0.26982    
          max. resid. norm for Fia-block=  7.588D-03 for orbital    151a         
          max. resid. fock norm         =  1.018D-02 for orbital    163a         
          Delta Eig. =     0.3140869448 eV 
 
                                              current damping :  1.350
 ITERATION  ENERGY          1e-ENERGY        2e-ENERGY     NORM[dD(SAO)]  TOL
 104  -3091.3558972011    -16578.152162     7468.7804121    0.768D-01 0.176D-11
                            Exc =  -312.043801602158     N = 303.99933154    
          Norm of current diis error: 0.12819    
          max. resid. norm for Fia-block=  3.041D-03 for orbital    151a         
          max. resid. fock norm         =  1.068D-02 for orbital    822a         
          Delta Eig. =     0.1569545839 eV 
 
                                              current damping :  1.400
 ITERATION  ENERGY          1e-ENERGY        2e-ENERGY     NORM[dD(SAO)]  TOL
 105  -3091.3558629808    -16578.926645     7469.5549292    0.487D-01 0.169D-11
                            Exc =  -312.056054958881     N = 303.99932907    
          Norm of current diis error: 0.13049    
          max. resid. norm for Fia-block=  2.058D-03 for orbital    152a         
          max. resid. fock norm         =  6.373D-03 for orbital    817a         
 mo-orthogonalization: Cholesky decomposition
          Delta Eig. =     0.0893114000 eV 
 
                                              current damping :  1.450
 ITERATION  ENERGY          1e-ENERGY        2e-ENERGY     NORM[dD(SAO)]  TOL
 106  -3091.3569907938    -16578.634002     7469.2611585    0.289D-01 0.163D-11
                            Exc =  -312.048600769583     N = 303.99932774    
          Norm of current diis error: 0.43340E-01
          max. resid. norm for Fia-block=  1.191D-03 for orbital    146a         
          max. resid. fock norm         =  2.163D-03 for orbital    146a         
          Delta Eig. =     0.0624527122 eV 
 
                                              current damping :  1.350
 ITERATION  ENERGY          1e-ENERGY        2e-ENERGY     NORM[dD(SAO)]  TOL
 107  -3091.3570777338    -16577.926804     7468.5538731    0.800D-02 0.158D-11
                            Exc =  -312.039555807708     N = 303.99932967    
          Norm of current diis error: 0.26985E-01
          max. resid. norm for Fia-block=  8.662D-04 for orbital    150a         
          max. resid. fock norm         =  1.401D-03 for orbital    815a         
          Delta Eig. =     0.0285807715 eV 
 
                                              current damping :  1.400
 ITERATION  ENERGY          1e-ENERGY        2e-ENERGY     NORM[dD(SAO)]  TOL
 108  -3091.3571308280    -16578.244377     7468.8713931    0.354D-02 0.151D-11
                            Exc =  -312.043789400795     N = 303.99933096    
          Norm of current diis error: 0.95150E-02
          max. resid. norm for Fia-block=  2.358D-04 for orbital    114a         
          max. resid. fock norm         =  5.241D-04 for orbital    821a         
          Delta Eig. =     0.0108039176 eV 
 
                                              current damping :  1.450
 ITERATION  ENERGY          1e-ENERGY        2e-ENERGY     NORM[dD(SAO)]  TOL
 109  -3091.3571375473    -16578.168793     7468.7958021    0.113D-02 0.145D-11
                            Exc =  -312.040890603970     N = 303.99933101    
          Norm of current diis error: 0.31616E-02
          max. resid. norm for Fia-block=  1.735D-04 for orbital    146a         
          max. resid. fock norm         =  3.649D-04 for orbital    802a         
          Delta Eig. =     0.0103357616 eV 
 
                                              current damping :  1.300
 ITERATION  ENERGY          1e-ENERGY        2e-ENERGY     NORM[dD(SAO)]  TOL
 110  -3091.3571380850    -16578.168140     7468.7951495    0.497D-03 0.139D-11
                            Exc =  -312.041141766068     N = 303.99933109    
          Norm of current diis error: 0.25492E-02
          max. resid. norm for Fia-block=  8.612D-05 for orbital    151a         
          max. resid. fock norm         =  2.547D-04 for orbital    815a         
 mo-orthogonalization: Cholesky decomposition
          Delta Eig. =     0.0047602910 eV 
 
                                              current damping :  1.350
 ITERATION  ENERGY          1e-ENERGY        2e-ENERGY     NORM[dD(SAO)]  TOL
 111  -3091.3571377791    -16578.136069     7468.7630779    0.199D-03 0.135D-11
                            Exc =  -312.040407614301     N = 303.99933119    
          Norm of current diis error: 0.32196E-02
          max. resid. norm for Fia-block=  4.520D-05 for orbital     87a         
          max. resid. fock norm         =  9.729D-05 for orbital    174a         
          Delta Eig. =     0.0022832917 eV 
 
                                              current damping :  1.400
 ITERATION  ENERGY          1e-ENERGY        2e-ENERGY     NORM[dD(SAO)]  TOL
 112  -3091.3571384103    -16578.152771     7468.7797800    0.352D-04 0.130D-11
                            Exc =  -312.040760807213     N = 303.99933122    
          Norm of current diis error: 0.16876E-02
          max. resid. norm for Fia-block=  3.202D-05 for orbital    151a         
          max. resid. fock norm         =  1.172D-04 for orbital    822a         
          Delta Eig. =     0.0018220300 eV 
 
                                              current damping :  1.250
 ITERATION  ENERGY          1e-ENERGY        2e-ENERGY     NORM[dD(SAO)]  TOL
 113  -3091.3571386033    -16578.157228     7468.7842366    0.398D-04 0.123D-11
                            Exc =  -312.040863433680     N = 303.99933123    
          Norm of current diis error: 0.62429E-03
          max. resid. norm for Fia-block=  4.169D-05 for orbital    150a         
          max. resid. fock norm         =  6.548D-05 for orbital    815a         
          Delta Eig. =     0.0019221958 eV 
 
                                              current damping :  1.100
 ITERATION  ENERGY          1e-ENERGY        2e-ENERGY     NORM[dD(SAO)]  TOL
 114  -3091.3571385110    -16578.175513     7468.8025217    0.223D-04 0.118D-11
                            Exc =  -312.041219480353     N = 303.99933125    
          Norm of current diis error: 0.12573E-02
          max. resid. norm for Fia-block=  9.949D-06 for orbital    150a         
          max. resid. fock norm         =  2.304D-05 for orbital    187a         
          Delta Eig. =     0.0006080955 eV 
 
                                              current damping :  1.150
 ITERATION  ENERGY          1e-ENERGY        2e-ENERGY     NORM[dD(SAO)]  TOL
 115  -3091.3571385784    -16578.170328     7468.7973370    0.762D-05 0.114D-11
                            Exc =  -312.041101426428     N = 303.99933126    
          Norm of current diis error: 0.88866E-03
          max. resid. norm for Fia-block=  7.386D-06 for orbital    150a         
          max. resid. fock norm         =  1.317D-05 for orbital    187a         
 mo-orthogonalization: Cholesky decomposition
          Delta Eig. =     0.0003838959 eV 
 
                                              current damping :  1.000
 ITERATION  ENERGY          1e-ENERGY        2e-ENERGY     NORM[dD(SAO)]  TOL
 116  -3091.3571386160    -16578.165994     7468.7930023    0.230D-05 0.112D-11
                            Exc =  -312.041004457101     N = 303.99933127    
          Norm of current diis error: 0.55699E-03
          max. resid. norm for Fia-block=  6.767D-06 for orbital    150a         
          max. resid. fock norm         =  1.836D-05 for orbital    821a         
          Delta Eig. =     0.0003989263 eV 
 
                                              current damping :  0.850
 ITERATION  ENERGY          1e-ENERGY        2e-ENERGY     NORM[dD(SAO)]  TOL
 117  -3091.3571386400    -16578.163711     7468.7907191    0.869D-06 0.107D-11
                            Exc =  -312.040953633325     N = 303.99933127    
          Norm of current diis error: 0.15742E-03
          max. resid. norm for Fia-block=  6.034D-06 for orbital    151a         
          max. resid. fock norm         =  1.010D-05 for orbital    166a         
          irrep a   : virtual orbitals shifted by    0.00412
          Delta Eig. =     0.0004024447 eV 
 
                                              current damping :  0.700
 ITERATION  ENERGY          1e-ENERGY        2e-ENERGY     NORM[dD(SAO)]  TOL
 118  -3091.3571386405    -16578.159525     7468.7865330    0.687D-05 0.106D-11
                            Exc =  -312.040888657803     N = 303.99933128    
          Norm of current diis error: 0.25989E-03
          max. resid. norm for Fia-block=  3.913D-06 for orbital    152a         
          max. resid. fock norm         =  1.703D-05 for orbital    822a         
          irrep a   : virtual orbitals shifted by    0.01188
          Delta Eig. =     0.0003243302 eV 
 
                                              current damping :  0.750
 ITERATION  ENERGY          1e-ENERGY        2e-ENERGY     NORM[dD(SAO)]  TOL
 119  -3091.3571386518    -16578.160446     7468.7874543    0.245D-05 0.103D-11
                            Exc =  -312.040910603475     N = 303.99933128    
          Norm of current diis error: 0.18644E-03
          max. resid. norm for Fia-block=  3.257D-06 for orbital    146a         
          max. resid. fock norm         =  7.845D-06 for orbital    802a         
          irrep a   : virtual orbitals shifted by    0.00930
          Delta Eig. =     0.0003037099 eV 
 
                                              current damping :  0.600
 ITERATION  ENERGY          1e-ENERGY        2e-ENERGY     NORM[dD(SAO)]  TOL
 120  -3091.3571386524    -16578.161310     7468.7883181    0.177D-05 0.106D-11
                            Exc =  -312.040916422998     N = 303.99933128    
          Norm of current diis error: 0.67763E-04
          max. resid. norm for Fia-block=  1.377D-06 for orbital    150a         
          max. resid. fock norm         =  3.182D-06 for orbital    815a         
          irrep a   : virtual orbitals shifted by    0.01708
 mo-orthogonalization: Cholesky decomposition
          Delta Eig. =     0.0000980318 eV 
 
                                              current damping :  0.450
 ITERATION  ENERGY          1e-ENERGY        2e-ENERGY     NORM[dD(SAO)]  TOL
 121  -3091.3571386524    -16578.161858     7468.7888662    0.103D-05 0.106D-11
                            Exc =  -312.040931079130     N = 303.99933128    
          Norm of current diis error: 0.37889E-04
          max. resid. norm for Fia-block=  7.005D-07 for orbital    146a         
          max. resid. fock norm         =  1.556D-06 for orbital    802a         
          irrep a   : virtual orbitals shifted by    0.02485
          Delta Eig. =     0.0000739821 eV 

 ENERGY CONVERGED !

 Evaluating v_xc on big grid 
          Overall gridpoints after grid construction =        459336
 
                                              current damping :  0.300
 ITERATION  ENERGY          1e-ENERGY        2e-ENERGY     NORM[dD(SAO)]  TOL
 122  -3091.3567625351    -16578.162121     7468.7895051    0.103D-05 0.371D-11
                            Exc =  -312.040554440699     N = 304.00001269    
          max. resid. norm for Fia-block=  3.398D-06 for orbital    150a         
          max. resid. fock norm         =  5.565D-06 for orbital    821a         

 convergence criteria satisfied after   122 iterations


                  ------------------------------------------ 
                 |  total energy      =  -3091.35676253506  |
                  ------------------------------------------ 
                 :  kinetic energy    =   2499.21307240728  :
                 :  potential energy  =  -5590.56983494234  :
                 :  virial theorem    =      1.80845184312  :
                 :  wavefunction norm =      1.00000000000  :
                  .......................................... 


 orbitals $scfmo  will be written to file mos

    irrep                148a        149a        150a        151a        152a   
 eigenvalues H         -0.24813    -0.24719    -0.24637    -0.24503    -0.24088
            eV          -6.7519     -6.7265     -6.7041     -6.6677     -6.5547
 occupation              2.0000      2.0000      2.0000      2.0000      2.0000

    irrep                153a        154a        155a        156a        157a   
 eigenvalues H         -0.18904    -0.18892    -0.18736    -0.18599    -0.18583
            eV          -5.1441     -5.1409     -5.0985     -5.0611     -5.0567
 
 
 
 
 ==============================================================================
                           electrostatic moments
 ==============================================================================

 reference point for electrostatic moments:    0.00000   0.00000   0.00000

 
              nuc           elec       ->  total
 ------------------------------------------------------------------------------
                          charge      
 ------------------------------------------------------------------------------
         304.000000    -304.000000       0.000000
 
 ------------------------------------------------------------------------------
                       dipole moment  
 ------------------------------------------------------------------------------
   x    -139.970529     139.271546      -0.698983
   y      66.159510     -66.375650      -0.216140
   z   -1250.555359    1249.310193      -1.245166
 
   | dipole moment | =     1.4442 a.u. =     3.6708 debye 
 
 ------------------------------------------------------------------------------
                     quadrupole moment
 ------------------------------------------------------------------------------
  xx    3448.881142   -3639.363342    -190.482200
  yy    3357.614377   -3555.037672    -197.423294
  zz   10767.510938  -10848.993295     -81.482358
  xy     -49.175995      46.699887      -2.476107
  xz     769.917942    -756.841593      13.076349
  yz    -703.135110     683.032326     -20.102784
 
     1/3  trace=    -156.462617
     anisotropy=     120.122664
 
 ==============================================================================
 
HOMO-LUMO Separation
 HOMO         :   -0.24087836 H =     -6.55464 eV
 LUMO         :   -0.18904216 H =     -5.14410 eV
 HOMO-LUMO gap:    0.05183621 H =     +1.41054 eV
 
 ==============================================================================


    ------------------------------------------------------------------------
         total  cpu-time :  1 hours 47 minutes and  0 seconds
         total wall-time : 13 minutes and 30 seconds
    ------------------------------------------------------------------------

   ****  dscf : all done  ****


    2024-03-07 18:50:36.793 

 dscf ended normally
