
  ========================================================================
                license information 
 Customer : 200000000019588
 ID       : LKO2306259

 License file is VALID, continuing with full version
  ========================================================================

   OpenMP run-time library returned nthreads =  8
 operating system is UNIX !

 dscf (u-0-8.local) : TURBOMOLE rev. V7-7-1 compiled 2 Jan 2023 at 20:18:50
 Copyright (C) 2023 TURBOMOLE GmbH, Karlsruhe


    2024-02-15 15:31:41.860 



                             d s c f - program

                   idea & directorship : reinhart ahlrichs
                   program development : marco haeser
                                         michael baer
                           dft version : oliver treutler


                          quantum chemistry group
                          universitaet  karlsruhe
                                  germany



   *-----------------------------------------------------------------------*
   |                     program will use  8 thread(s)                     |
   *-----------------------------------------------------------------------*


              +--------------------------------------------------+
              | Atomic coordinate, charge and isotop information |
              +--------------------------------------------------+

                    atomic coordinates            atom    charge  isotop
          0.90408655   -0.00628712    3.71027882    ce    58.000     0
         -0.79479046   -0.04061210   -3.77994547    ce    58.000     0
         -0.29822902    4.91204259    1.14417626    h      1.000     0
          0.33658668   -5.59814546   -2.64408590    h      1.000     0
          1.76192017    5.67893314    3.04784100    h      1.000     0
         -2.55440516   -5.40876467   -2.31945174    h      1.000     0
          2.90802772    1.54971904    8.76083267    h      1.000     0
         -3.70174482   -1.00856384   -8.58563617    h      1.000     0
          1.83414172    4.09594925    7.84197035    h      1.000     0
         -3.36084012   -3.70659008   -7.50283443    h      1.000     0
          0.20305296   -2.95962670    8.80068322    h      1.000     0
         -0.36461132    3.24719388   -8.69976618    h      1.000     0
          2.81667269   -3.84179053    7.86450345    h      1.000     0
         -2.73425040    4.30452777   -7.37850368    h      1.000     0
         -4.18412198    1.25416399    5.58675419    n      7.000     0
          3.51838847   -2.28368111   -6.50101503    n      7.000     0
         -0.36967011   -5.38095357    3.14443246    n      7.000     0
          1.90145565    4.86705011   -3.33054403    n      7.000     0
          6.39269593    0.69585952    3.17826423    n      7.000     0
         -6.08398271    0.37614999   -2.14162851    n      7.000     0
          0.34520572   -0.26665358   -0.10882366    o      8.000     0
         -3.69120771    1.20650887    3.26632925    o      8.000     0
          3.34477934   -2.30592319   -4.12393231    o      8.000     0
         -2.36604104    0.70601491    7.03625539    o      8.000     0
          1.71324838   -1.23999860   -7.65172974    o      8.000     0
         -6.24545602    1.78553230    6.38972150    o      8.000     0
          5.29000105   -3.19594640   -7.59534787    o      8.000     0
          0.25635080    4.66232096    2.88070606    o      8.000     0
         -1.15553162   -4.79117382   -3.31280517    o      8.000     0
         -1.98367008   -3.75388992    3.78828294    o      8.000     0
          2.84885284    2.97624495   -4.40513112    o      8.000     0
          1.84600920   -4.56487912    2.86010616    o      8.000     0
         -0.33388815    4.57671069   -2.52788475    o      8.000     0
         -0.91271126   -7.56795629    2.82334343    o      8.000     0
          3.03038938    6.82250279   -3.07417622    o      8.000     0
          2.81170460    2.65222684    7.30732715    o      8.000     0
         -3.75100620   -1.98551256   -7.04493490    o      8.000     0
          5.41461337   -1.10268732    4.40448861    o      8.000     0
         -4.89992189    2.14688950   -3.22196603    o      8.000     0
          4.85658480    2.19939743    2.16774830    o      8.000     0
         -4.84155203   -1.61249574   -1.79070826    o      8.000     0
          8.64585229    0.94705703    3.00071879    o      8.000     0
         -8.25289886    0.59569837   -1.49852825    o      8.000     0
          1.69136346   -2.40789470    7.90352818    o      8.000     0
         -1.79145470    2.77133816   -7.66891868    o      8.000     0
 
       center of nuclear mass  :    0.07535578   -0.03071276   -0.01734127
       center of nuclear charge:    0.07125886   -0.02899377   -0.01548039

              +--------------------------------------------------+
              |               basis set information              |
              +--------------------------------------------------+

              we will work with the 1s 3p 5d 7f 9g ... basis set
              ...i.e. with spherical basis functions...

   type   atoms  prim   cont   basis
   ---------------------------------------------------------------------------
    ce       2    168     96   def-TZVP   [10s8p5d4f1g|14s13p10d8f1g]
    h       12      8      6   def-TZVP   [3s1p|5s1p]
    n        6     34     19   def-TZVP   [5s3p1d|11s6p1d]
    o       25     34     19   def-TZVP   [5s3p1d|11s6p1d]
   ---------------------------------------------------------------------------
   total:   45   1486    853
   ---------------------------------------------------------------------------

   total number of primitive shells          :   88
   total number of contracted shells         :  383
   total number of cartesian basis functions :  930
   total number of SCF-basis functions       :  853

  number of unique ecp types :    1

 integral neglect threshold       :  0.36E-11
 integral storage threshold THIZE :  0.10E-04
 integral storage threshold THIME :         5


 DENSITY CONVERGENCE CHECK SWITCHED ON !
 SCF CONVERGENCE IF RMS(delta[D]) <     0.1000000000E-06


 symmetry group of the molecule :   c1 

 the group has the following generators :
   c1(z)

    1 symmetry operations found

 there are 1 real representations :   a   

 maximum number of shells which are related by symmetry :  1

 ==============================================================================
                      COSMO switched on
 ==============================================================================
 COSMO stati: segments per atom: H   32 other atoms   92
 COSMO statistics: nps   1413 npspher:    649
 COSMO surface:
   number of segments: 1413
   area (bohr**2):     1359.038304
   volume (bohr**3):   3507.449394
 COSMO: check number of disjunct cavities:

       ... OK contiguous cavity found
  
           ------------------
           density functional
           ------------------
 B-P86 functional
 exchange:    LDA + Becke (B88)
 correlation: LDA (VWN) + Perdew (P86)
 iterations will be done with small grid
  
 spherical integration : Lebedev's spherical grid
 spherical gridsize    :                     4
    i.e. gridpoints    :                   434
  maximum batchsize    :                   100
 value for diffuse not defined
 radial integration    : Chebyshev 2nd kind (scaling 3)
 radial gridsize       :                     6
 integration cells     :                    45
 partition function    : becke
 partition sharpness   :                     3
  

          ------------------------
          nuclear repulsion energy  :   6292.05427519    
          ------------------------


         -----------------
         -S,T+V- integrals
         -----------------

 1e-integrals will be neglected if expon. factor < 0.359351E-12


          ----------------
          -ecp-  integrals
          ----------------
 
 Difference densities algorithm switched on.
 The maximal number of linear combinations of
 difference densities is  20.

 DIIS switched on: error vector is FDS-SDF
 Max. Iterations for DIIS is     :   4
 DIIS matrix (see manual) 
    Scaling factor of diagonals  :  1.200
    threshold for scaling factor :  0.000

 scf convergence criterion : increment of total energy < .1000000D-06
                  and increment of one-electron energy < .1000000D-03

 MOs are in ASCII format !


    mo occupation :
   irrep   mo's   occupied
    a      853      157
 
 number of basis functions   :   853
 number of occupied orbitals :   157
 

 reading orbital data $scfmo  from file mos
 orbital characterization : scfconv=7
 mo-orthogonalization by Cholesky decomposition

 automatic virtual orbital shift switched on 
      shift if e(lumo)-e(homo) < 0.10000000    


 DSCF restart information will be dumped onto file mos

          Overall gridpoints after grid construction =        144198
 
                                              current damping :  0.300
 ITERATION  ENERGY          1e-ENERGY        2e-ENERGY     RMS[dD(SAO)]   TOL
   1  -3167.9301129908    -17228.427297     7768.4429091    0.000D+00 0.358D-11
                            Exc =  -321.399710300772     N = 313.99870859    
                          Ediel =    -0.070480823085
          max. resid. norm for Fia-block=  1.052D-02 for orbital    116a         
          max. resid. fock norm         =  3.273D-02 for orbital    239a         
          irrep a   : virtual orbitals shifted by    0.00991
          Delta Eig. =     0.9397377613 eV 
 
                                              current damping :  0.300
 ITERATION  ENERGY          1e-ENERGY        2e-ENERGY     RMS[dD(SAO)]   TOL
   2  -3167.9286011141    -17223.050877     7763.0680003    0.667D-03 0.228D-11
                            Exc =  -321.350670848762     N = 313.99872721    
                          Ediel =    -0.099767679865
          Norm of current diis error: 0.38530    
          max. resid. norm for Fia-block=  4.789D-03 for orbital    157a         
          max. resid. fock norm         =  1.023D-02 for orbital    491a         
          irrep a   : virtual orbitals shifted by    0.02783
          Delta Eig. =     0.5792123432 eV 
 
                                              current damping :  0.250
 ITERATION  ENERGY          1e-ENERGY        2e-ENERGY     RMS[dD(SAO)]   TOL
   3  -3167.9386930810    -17228.736432     7768.7434638    0.224D-03 0.193D-11
                            Exc =  -321.445616675695     N = 313.99873984    
                          Ediel =    -0.097232061330
          Norm of current diis error: 0.18795    
          max. resid. norm for Fia-block=  4.478D-03 for orbital     82a         
          max. resid. fock norm         =  7.852D-03 for orbital    818a         
          irrep a   : virtual orbitals shifted by    0.02142
          Delta Eig. =     0.4003718496 eV 
 
                                              current damping :  0.300
 ITERATION  ENERGY          1e-ENERGY        2e-ENERGY     RMS[dD(SAO)]   TOL
   4  -3167.9374821744    -17226.722847     7766.7310892    0.159D-03 0.185D-11
                            Exc =  -321.352414407000     N = 313.99874773    
                          Ediel =    -0.095103475931
          Norm of current diis error: 0.22997    
          max. resid. norm for Fia-block=  2.115D-03 for orbital    126a         
          max. resid. fock norm         =  4.827D-03 for orbital    817a         
          irrep a   : virtual orbitals shifted by    0.02080
          Delta Eig. =     0.2370237483 eV 
 
                                              current damping :  0.350
 ITERATION  ENERGY          1e-ENERGY        2e-ENERGY     RMS[dD(SAO)]   TOL
   5  -3167.9405900371    -17226.816019     7766.8211538    0.579D-04 0.177D-11
                            Exc =  -321.361907363928     N = 313.99873973    
                          Ediel =    -0.095423585743
          Norm of current diis error: 0.95613E-01
          max. resid. norm for Fia-block=  1.472D-03 for orbital    156a         
          max. resid. fock norm         =  2.400D-03 for orbital    823a         
          irrep a   : virtual orbitals shifted by    0.02145
 mo-orthogonalization: Cholesky decomposition
          Delta Eig. =     0.1512941243 eV 
 
                                              current damping :  0.250
 ITERATION  ENERGY          1e-ENERGY        2e-ENERGY     RMS[dD(SAO)]   TOL
   6  -3167.9411234993    -17228.164649     7768.1692507    0.529D-04 0.166D-11
                            Exc =  -321.397585101057     N = 313.99874499    
                          Ediel =    -0.095065461976
          Norm of current diis error: 0.42400E-01
          max. resid. norm for Fia-block=  1.222D-03 for orbital    157a         
          max. resid. fock norm         =  2.898D-03 for orbital    833a         
          irrep a   : virtual orbitals shifted by    0.02549
          Delta Eig. =     0.1388285354 eV 
 
                                              current damping :  0.300
 ITERATION  ENERGY          1e-ENERGY        2e-ENERGY     RMS[dD(SAO)]   TOL
   7  -3167.9410107697    -17227.121700     7767.1264145    0.443D-04 0.163D-11
                            Exc =  -321.388016169537     N = 313.99873578    
                          Ediel =    -0.096199029020
          Norm of current diis error: 0.57972E-01
          max. resid. norm for Fia-block=  5.931D-04 for orbital    156a         
          max. resid. fock norm         =  3.483D-03 for orbital    852a         
          irrep a   : virtual orbitals shifted by    0.02073
          Delta Eig. =     0.0498518894 eV 
 
                                              current damping :  0.150
 ITERATION  ENERGY          1e-ENERGY        2e-ENERGY     RMS[dD(SAO)]   TOL
   8  -3167.9411141173    -17227.107279     7767.1118898    0.263D-04 0.163D-11
                            Exc =  -321.387878064699     N = 313.99873595    
                          Ediel =    -0.096334546248
          Norm of current diis error: 0.43593E-01
          max. resid. norm for Fia-block=  3.832D-04 for orbital    155a         
          max. resid. fock norm         =  1.361D-03 for orbital    852a         
          irrep a   : virtual orbitals shifted by    0.03090
          Delta Eig. =     0.0538285054 eV 
 
                                              current damping :  0.200
 ITERATION  ENERGY          1e-ENERGY        2e-ENERGY     RMS[dD(SAO)]   TOL
   9  -3167.9412597775    -17227.432076     7767.4365408    0.158D-04 0.162D-11
                            Exc =  -321.390415009994     N = 313.99873902    
                          Ediel =    -0.095929147292
          Norm of current diis error: 0.13568E-01
          max. resid. norm for Fia-block=  2.281D-04 for orbital    157a         
          max. resid. fock norm         =  5.053D-04 for orbital    833a         
          irrep a   : virtual orbitals shifted by    0.02913
          Delta Eig. =     0.0226680085 eV 
 
                                              current damping :  0.100
 ITERATION  ENERGY          1e-ENERGY        2e-ENERGY     RMS[dD(SAO)]   TOL
  10  -3167.9412750555    -17227.656585     7767.6610347    0.882D-05 0.158D-11
                            Exc =  -321.392384352829     N = 313.99874108    
                          Ediel =    -0.095723844901
          Norm of current diis error: 0.51799E-02
          max. resid. norm for Fia-block=  1.045D-04 for orbital    157a         
          max. resid. fock norm         =  2.757D-04 for orbital    829a         
          irrep a   : virtual orbitals shifted by    0.03464
 mo-orthogonalization: Cholesky decomposition
          Delta Eig. =     0.0136484650 eV 
 
                                              current damping :  0.150
 ITERATION  ENERGY          1e-ENERGY        2e-ENERGY     RMS[dD(SAO)]   TOL
  11  -3167.9412745232    -17227.619616     7767.6240665    0.408D-05 0.156D-11
                            Exc =  -321.391068381667     N = 313.99874068    
                          Ediel =    -0.095650776080
          Norm of current diis error: 0.60051E-02
          max. resid. norm for Fia-block=  7.331D-05 for orbital     82a         
          max. resid. fock norm         =  1.571D-04 for orbital    833a         
          irrep a   : virtual orbitals shifted by    0.03173
          Delta Eig. =     0.0091086700 eV 
 
                                              current damping :  0.200
 ITERATION  ENERGY          1e-ENERGY        2e-ENERGY     RMS[dD(SAO)]   TOL
  12  -3167.9412763965    -17227.630244     7767.6346921    0.198D-05 0.152D-11
                            Exc =  -321.391948921895     N = 313.99874033    
                          Ediel =    -0.095677196851
          Norm of current diis error: 0.31226E-02
          max. resid. norm for Fia-block=  5.206D-05 for orbital    157a         
          max. resid. fock norm         =  1.677D-04 for orbital    852a         
          irrep a   : virtual orbitals shifted by    0.02881
          Delta Eig. =     0.0049261230 eV 
 
                                              current damping :  0.250
 ITERATION  ENERGY          1e-ENERGY        2e-ENERGY     RMS[dD(SAO)]   TOL
  13  -3167.9412769140    -17227.604799     7767.6092470    0.182D-05 0.148D-11
                            Exc =  -321.391564277145     N = 313.99874055    
                          Ediel =    -0.095735834231
          Norm of current diis error: 0.17829E-02
          max. resid. norm for Fia-block=  3.576D-05 for orbital     82a         
          max. resid. fock norm         =  9.236D-05 for orbital    833a         
          irrep a   : virtual orbitals shifted by    0.02585
          Delta Eig. =     0.0038599773 eV 
 
                                              current damping :  0.300
 ITERATION  ENERGY          1e-ENERGY        2e-ENERGY     RMS[dD(SAO)]   TOL
  14  -3167.9412770575    -17227.615419     7767.6198664    0.821D-06 0.148D-11
                            Exc =  -321.391927139798     N = 313.99874034    
                          Ediel =    -0.095715692355
          Norm of current diis error: 0.10854E-02
          max. resid. norm for Fia-block=  2.593D-05 for orbital    126a         
          max. resid. fock norm         =  8.373D-05 for orbital    833a         
          irrep a   : virtual orbitals shifted by    0.02286
          Delta Eig. =     0.0033714353 eV 
 
                                              current damping :  0.150
 ITERATION  ENERGY          1e-ENERGY        2e-ENERGY     RMS[dD(SAO)]   TOL
  15  -3167.9412770307    -17227.622029     7767.6264764    0.732D-06 0.143D-11
                            Exc =  -321.391942718395     N = 313.99874055    
                          Ediel =    -0.095721744161
          Norm of current diis error: 0.11521E-02
          max. resid. norm for Fia-block=  1.246D-05 for orbital    157a         
          max. resid. fock norm         =  3.232D-05 for orbital    852a         
          irrep a   : virtual orbitals shifted by    0.03176
 mo-orthogonalization: Cholesky decomposition
          Delta Eig. =     0.0014921986 eV 
 
                                              current damping :  0.200
 ITERATION  ENERGY          1e-ENERGY        2e-ENERGY     RMS[dD(SAO)]   TOL
  16  -3167.9412771143    -17227.615731     7767.6201790    0.437D-06 0.142D-11
                            Exc =  -321.391758134228     N = 313.99874051    
                          Ediel =    -0.095718295323
          Norm of current diis error: 0.53687E-03
          max. resid. norm for Fia-block=  9.162D-06 for orbital    126a         
          max. resid. fock norm         =  2.088D-05 for orbital    833a         
          irrep a   : virtual orbitals shifted by    0.02881
          Delta Eig. =     0.0011030151 eV 
 
                                              current damping :  0.250
 ITERATION  ENERGY          1e-ENERGY        2e-ENERGY     RMS[dD(SAO)]   TOL
  17  -3167.9412771313    -17227.616801     7767.6212484    0.260D-06 0.142D-11
                            Exc =  -321.391829628081     N = 313.99874046    
                          Ediel =    -0.095718734181
          Norm of current diis error: 0.25347E-03
          max. resid. norm for Fia-block=  6.029D-06 for orbital     78a         
          max. resid. fock norm         =  1.987D-05 for orbital    852a         
          irrep a   : virtual orbitals shifted by    0.02581
          Delta Eig. =     0.0008089236 eV 
 
                                              current damping :  0.300
 ITERATION  ENERGY          1e-ENERGY        2e-ENERGY     RMS[dD(SAO)]   TOL
  18  -3167.9412771315    -17227.611519     7767.6159664    0.233D-06 0.142D-11
                            Exc =  -321.391752696139     N = 313.99874043    
                          Ediel =    -0.095722243162
          Norm of current diis error: 0.33428E-03
          max. resid. norm for Fia-block=  4.439D-06 for orbital    155a         
          max. resid. fock norm         =  7.495D-06 for orbital    167a         
          irrep a   : virtual orbitals shifted by    0.02287
          Delta Eig. =     0.0005402060 eV 
 
                                              current damping :  0.350
 ITERATION  ENERGY          1e-ENERGY        2e-ENERGY     RMS[dD(SAO)]   TOL
  19  -3167.9412771454    -17227.616617     7767.6210651    0.174D-06 0.140D-11
                            Exc =  -321.391833852357     N = 313.99874046    
                          Ediel =    -0.095716501378
          Norm of current diis error: 0.14685E-03
          max. resid. norm for Fia-block=  2.799D-06 for orbital    141a         
          max. resid. fock norm         =  7.030D-06 for orbital    829a         
          irrep a   : virtual orbitals shifted by    0.01990
          Delta Eig. =     0.0002692001 eV 

 DENSITY CONVERGED !

 
                                              current damping :  0.400
 ITERATION  ENERGY          1e-ENERGY        2e-ENERGY     RMS[dD(SAO)]   TOL
  20  -3167.9412771545    -17227.615324     7767.6197719    0.754D-07 0.139D-11
                            Exc =  -321.391809869365     N = 313.99874046    
                          Ediel =    -0.095719743244
          Norm of current diis error: 0.39980E-04
          max. resid. norm for Fia-block=  1.033D-06 for orbital    141a         
          max. resid. fock norm         =  2.354D-06 for orbital    819a         
          irrep a   : virtual orbitals shifted by    0.01693
 mo-orthogonalization: Cholesky decomposition
          Delta Eig. =     0.0000800942 eV 

 ENERGY & DENSITY CONVERGED !

 Evaluating v_xc on big grid 
          Overall gridpoints after grid construction =        484838
 
                                              current damping :  0.450
 ITERATION  ENERGY          1e-ENERGY        2e-ENERGY     RMS[dD(SAO)]   TOL
  21  -3167.9410974716    -17227.615425     7767.6200528    0.240D-07 0.132D-11
                            Exc =  -321.391623361668     N = 314.00028227    
                          Ediel =    -0.095718871903
          max. resid. norm for Fia-block=  1.885D-06 for orbital    157a         
          max. resid. fock norm         =  3.670D-06 for orbital    853a         

 convergence criteria satisfied after    21 iterations


                  ------------------------------------------ 
                 |  total energy      =  -3167.94109747162  |
                  ------------------------------------------ 
                 :  kinetic energy    =   2574.82884839087  :
                 :  potential energy  =  -5742.76994586248  :
                 :  virial theorem    =      1.81277674337  :
                 :  wavefunction norm =      1.00000000000  :
                  .......................................... 


 orbitals $scfmo  will be written to file mos

    irrep                153a        154a        155a        156a        157a   
 eigenvalues H         -0.26679    -0.26472    -0.26289    -0.26157    -0.25835
            eV          -7.2597     -7.2034     -7.1538     -7.1176     -7.0302
 occupation              2.0000      2.0000      2.0000      2.0000      2.0000

    irrep                158a        159a        160a        161a        162a   
 eigenvalues H         -0.19902    -0.19831    -0.19793    -0.19727    -0.19702
            eV          -5.4156     -5.3962     -5.3859     -5.3680     -5.3613
 
 ==============================================================================
                                  COSMO RESULTS
 ==============================================================================
  PARAMETER:
    nppa:      1082
    nspa:        92
    nsph:        32
    nps:       1413
    npspher:    649
    disex:   10.0000    
    disex2:  3911.51    
    rsolv [A]: 1.3000
    routf:     0.8500
    phsran:    0.0    
    ampran:   0.10E-04
    cavity:  closed
    epsilon: infinity
    refind:     1.300
    fepsi:      1.0000000
  CAVITY VOLUME/AREA [a.u.]:
    surface: V1.0, A matrix: V1.0
    area:  1359.04
    volume:  3507.45
  SCREENING CHARGE:
    cosmo      :  -0.028172
    correction :   0.027101
    total      :  -0.001071
  ENERGIES [a.u.]:
    Total energy            =   -3167.9410974716188
    Total energy + OC corr. =    -3167.9423555169
    Dielectric energy       =       -0.0957188719
    Diel. energy + OC corr. =       -0.0969769172
  ELEMENT RADIUS [A]: ATOM LIST
    ce 2.22: 1,2
    h  1.30: 3-14
    n  1.83: 15-20
    o  1.72: 21-45
 ==============================================================================
 
 
 
 ==============================================================================
                           electrostatic moments
 ==============================================================================

 reference point for electrostatic moments:    0.00000   0.00000   0.00000

 
              nuc           elec       ->  total
 ------------------------------------------------------------------------------
                          charge      
 ------------------------------------------------------------------------------
         314.000000    -314.000000       0.000000
 
 ------------------------------------------------------------------------------
                       dipole moment  
 ------------------------------------------------------------------------------
   x      23.305486     -24.011380      -0.705894
   y      -9.414517       9.555593       0.141076
   z      -3.777077       3.699524      -0.077553
 
   | dipole moment | =     0.7240 a.u. =     1.8403 debye 
 
 ------------------------------------------------------------------------------
                     quadrupole moment
 ------------------------------------------------------------------------------
  xx    4075.971112   -4306.479856    -230.508745
  yy    2819.935618   -2989.851274    -169.915656
  zz    6906.498909   -7028.819639    -122.320730
  xy      84.438791     -80.197181       4.241610
  xz     315.984542    -283.705512      32.279030
  yz    -132.708399     131.050311      -1.658088
 
     1/3  trace=    -174.248377
     anisotropy=     109.584451
 
 ==============================================================================
 
HOMO-LUMO Separation
 HOMO         :   -0.25835289 H =     -7.03014 eV
 LUMO         :   -0.19901882 H =     -5.41558 eV
 HOMO-LUMO gap:    0.05933407 H =     +1.61456 eV
 
 ==============================================================================


    ------------------------------------------------------------------------
         total  cpu-time :  1 hours 38 minutes and 31 seconds
         total wall-time : 12 minutes and 35 seconds
    ------------------------------------------------------------------------

   ****  dscf : all done  ****


    2024-02-15 15:44:16.537 

 dscf ended normally
