
  ========================================================================
                license information 
 Customer : 200000000019588
 ID       : LKO2306259

 License file is VALID, continuing with full version
  ========================================================================

   OpenMP run-time library returned nthreads =  8
 operating system is UNIX !

 dscf (u-0-8.local) : TURBOMOLE rev. V7-7-1 compiled 2 Jan 2023 at 20:18:50
 Copyright (C) 2023 TURBOMOLE GmbH, Karlsruhe


    2024-02-15 15:44:16.683 



                             d s c f - program

                   idea & directorship : reinhart ahlrichs
                   program development : marco haeser
                                         michael baer
                           dft version : oliver treutler


                          quantum chemistry group
                          universitaet  karlsruhe
                                  germany



   *-----------------------------------------------------------------------*
   |                     program will use  8 thread(s)                     |
   *-----------------------------------------------------------------------*


              +--------------------------------------------------+
              | Atomic coordinate, charge and isotop information |
              +--------------------------------------------------+

                    atomic coordinates            atom    charge  isotop
          0.90408655   -0.00628712    3.71027882    ce    58.000     0
         -0.79479046   -0.04061210   -3.77994547    ce    58.000     0
         -0.29822902    4.91204259    1.14417626    h      1.000     0
          0.33658668   -5.59814546   -2.64408590    h      1.000     0
          1.76192017    5.67893314    3.04784100    h      1.000     0
         -2.55440516   -5.40876467   -2.31945174    h      1.000     0
          2.90802772    1.54971904    8.76083267    h      1.000     0
         -3.70174482   -1.00856384   -8.58563617    h      1.000     0
          1.83414172    4.09594925    7.84197035    h      1.000     0
         -3.36084012   -3.70659008   -7.50283443    h      1.000     0
          0.20305296   -2.95962670    8.80068322    h      1.000     0
         -0.36461132    3.24719388   -8.69976618    h      1.000     0
          2.81667269   -3.84179053    7.86450345    h      1.000     0
         -2.73425040    4.30452777   -7.37850368    h      1.000     0
         -4.18412198    1.25416399    5.58675419    n      7.000     0
          3.51838847   -2.28368111   -6.50101503    n      7.000     0
         -0.36967011   -5.38095357    3.14443246    n      7.000     0
          1.90145565    4.86705011   -3.33054403    n      7.000     0
          6.39269593    0.69585952    3.17826423    n      7.000     0
         -6.08398271    0.37614999   -2.14162851    n      7.000     0
          0.34520572   -0.26665358   -0.10882366    o      8.000     0
         -3.69120771    1.20650887    3.26632925    o      8.000     0
          3.34477934   -2.30592319   -4.12393231    o      8.000     0
         -2.36604104    0.70601491    7.03625539    o      8.000     0
          1.71324838   -1.23999860   -7.65172974    o      8.000     0
         -6.24545602    1.78553230    6.38972150    o      8.000     0
          5.29000105   -3.19594640   -7.59534787    o      8.000     0
          0.25635080    4.66232096    2.88070606    o      8.000     0
         -1.15553162   -4.79117382   -3.31280517    o      8.000     0
         -1.98367008   -3.75388992    3.78828294    o      8.000     0
          2.84885284    2.97624495   -4.40513112    o      8.000     0
          1.84600920   -4.56487912    2.86010616    o      8.000     0
         -0.33388815    4.57671069   -2.52788475    o      8.000     0
         -0.91271126   -7.56795629    2.82334343    o      8.000     0
          3.03038938    6.82250279   -3.07417622    o      8.000     0
          2.81170460    2.65222684    7.30732715    o      8.000     0
         -3.75100620   -1.98551256   -7.04493490    o      8.000     0
          5.41461337   -1.10268732    4.40448861    o      8.000     0
         -4.89992189    2.14688950   -3.22196603    o      8.000     0
          4.85658480    2.19939743    2.16774830    o      8.000     0
         -4.84155203   -1.61249574   -1.79070826    o      8.000     0
          8.64585229    0.94705703    3.00071879    o      8.000     0
         -8.25289886    0.59569837   -1.49852825    o      8.000     0
          1.69136346   -2.40789470    7.90352818    o      8.000     0
         -1.79145470    2.77133816   -7.66891868    o      8.000     0
 
       center of nuclear mass  :    0.07535578   -0.03071276   -0.01734127
       center of nuclear charge:    0.07125886   -0.02899377   -0.01548039

              +--------------------------------------------------+
              |               basis set information              |
              +--------------------------------------------------+

              we will work with the 1s 3p 5d 7f 9g ... basis set
              ...i.e. with spherical basis functions...

   type   atoms  prim   cont   basis
   ---------------------------------------------------------------------------
    ce       2    168     96   def-TZVP   [10s8p5d4f1g|14s13p10d8f1g]
    h       12      8      6   def-TZVP   [3s1p|5s1p]
    n        6     34     19   def-TZVP   [5s3p1d|11s6p1d]
    o       25     34     19   def-TZVP   [5s3p1d|11s6p1d]
   ---------------------------------------------------------------------------
   total:   45   1486    853
   ---------------------------------------------------------------------------

   total number of primitive shells          :   88
   total number of contracted shells         :  383
   total number of cartesian basis functions :  930
   total number of SCF-basis functions       :  853

  number of unique ecp types :    1

 integral neglect threshold       :  0.36E-11
 integral storage threshold THIZE :  0.10E-04
 integral storage threshold THIME :         5


 DENSITY CONVERGENCE CHECK SWITCHED ON !
 SCF CONVERGENCE IF RMS(delta[D]) <     0.1000000000E-06


 symmetry group of the molecule :   c1 

 the group has the following generators :
   c1(z)

    1 symmetry operations found

 there are 1 real representations :   a   

 maximum number of shells which are related by symmetry :  1

  
           ------------------
           density functional
           ------------------
 B-P86 functional
 exchange:    LDA + Becke (B88)
 correlation: LDA (VWN) + Perdew (P86)
 iterations will be done with small grid
  
 spherical integration : Lebedev's spherical grid
 spherical gridsize    :                     4
    i.e. gridpoints    :                   434
  maximum batchsize    :                   100
 value for diffuse not defined
 radial integration    : Chebyshev 2nd kind (scaling 3)
 radial gridsize       :                     6
 integration cells     :                    45
 partition function    : becke
 partition sharpness   :                     3
  

          ------------------------
          nuclear repulsion energy  :   6292.05427519    
          ------------------------


         -----------------
         -S,T+V- integrals
         -----------------

 1e-integrals will be neglected if expon. factor < 0.359351E-12


          ----------------
          -ecp-  integrals
          ----------------
 
 Difference densities algorithm switched on.
 The maximal number of linear combinations of
 difference densities is  20.

 DIIS switched on: error vector is FDS-SDF
 Max. Iterations for DIIS is     :   4
 DIIS matrix (see manual) 
    Scaling factor of diagonals  :  1.200
    threshold for scaling factor :  0.000

 scf convergence criterion : increment of total energy < .1000000D-06
                  and increment of one-electron energy < .1000000D-03

 MOs are in ASCII format !


    mo occupation :
   irrep   mo's   occupied
    a      853      157
 
 number of basis functions   :   853
 number of occupied orbitals :   157
 

 reading orbital data $scfmo  from file mos
 orbital characterization : scfconv=7
 mo-orthogonalization by Cholesky decomposition

 automatic virtual orbital shift switched on 
      shift if e(lumo)-e(homo) < 0.10000000    


 DSCF restart information will be dumped onto file mos

          Overall gridpoints after grid construction =        144198
 
                                              current damping :  0.300
 ITERATION  ENERGY          1e-ENERGY        2e-ENERGY     RMS[dD(SAO)]   TOL
   1  -3167.8455582608    -17227.519707     7767.6198731    0.000D+00 0.358D-11
                            Exc =  -321.391803048891     N = 313.99874046    
          max. resid. norm for Fia-block=  1.352D-02 for orbital    141a         
          max. resid. fock norm         =  3.843D-02 for orbital    452a         
          irrep a   : virtual orbitals shifted by    0.04663
          Delta Eig. =     1.1516291592 eV 
 
                                              current damping :  0.300
 ITERATION  ENERGY          1e-ENERGY        2e-ENERGY     RMS[dD(SAO)]   TOL
   2  -3167.8374863936    -17234.328043     7774.4362816    0.799D-03 0.227D-11
                            Exc =  -321.466826900119     N = 313.99871806    
          Norm of current diis error: 0.53768    
          max. resid. norm for Fia-block=  6.758D-03 for orbital    156a         
          max. resid. fock norm         =  1.095D-02 for orbital    490a         
          irrep a   : virtual orbitals shifted by    0.02875
          Delta Eig. =     0.7028713327 eV 
 
                                              current damping :  0.250
 ITERATION  ENERGY          1e-ENERGY        2e-ENERGY     RMS[dD(SAO)]   TOL
   3  -3167.8551962495    -17227.160960     7767.2514884    0.260D-03 0.194D-11
                            Exc =  -321.337792308317     N = 313.99870621    
          Norm of current diis error: 0.23385    
          max. resid. norm for Fia-block=  5.645D-03 for orbital    149a         
          max. resid. fock norm         =  1.012D-02 for orbital    818a         
          irrep a   : virtual orbitals shifted by    0.04125
          Delta Eig. =     0.5490274074 eV 
 
                                              current damping :  0.300
 ITERATION  ENERGY          1e-ENERGY        2e-ENERGY     RMS[dD(SAO)]   TOL
   4  -3167.8536175001    -17230.032623     7770.1247308    0.212D-03 0.191D-11
                            Exc =  -321.452214655719     N = 313.99870271    
          Norm of current diis error: 0.29553    
          max. resid. norm for Fia-block=  2.206D-03 for orbital    155a         
          max. resid. fock norm         =  4.898D-03 for orbital    819a         
          irrep a   : virtual orbitals shifted by    0.03466
          Delta Eig. =     0.2186052888 eV 
 
                                              current damping :  0.350
 ITERATION  ENERGY          1e-ENERGY        2e-ENERGY     RMS[dD(SAO)]   TOL
   5  -3167.8577625021    -17229.835829     7769.9237912    0.691D-04 0.182D-11
                            Exc =  -321.444931500117     N = 313.99870810    
          Norm of current diis error: 0.15926    
          max. resid. norm for Fia-block=  3.660D-03 for orbital    157a         
          max. resid. fock norm         =  6.418D-03 for orbital    852a         
          irrep a   : virtual orbitals shifted by    0.02826
 mo-orthogonalization: Cholesky decomposition
          Delta Eig. =     0.3104865546 eV 
 
                                              current damping :  0.250
 ITERATION  ENERGY          1e-ENERGY        2e-ENERGY     RMS[dD(SAO)]   TOL
   6  -3167.8579929285    -17227.302570     7767.3903014    0.106D-03 0.175D-11
                            Exc =  -321.389759526183     N = 313.99870279    
          Norm of current diis error: 0.14437    
          max. resid. norm for Fia-block=  2.622D-03 for orbital    157a         
          max. resid. fock norm         =  1.366D-02 for orbital    852a         
          irrep a   : virtual orbitals shifted by    0.03212
          Delta Eig. =     0.1484742619 eV 
 
                                              current damping :  0.300
 ITERATION  ENERGY          1e-ENERGY        2e-ENERGY     RMS[dD(SAO)]   TOL
   7  -3167.8572809884    -17227.588827     7767.6772707    0.108D-03 0.160D-11
                            Exc =  -321.388229084741     N = 313.99870851    
          Norm of current diis error: 0.17646    
          max. resid. norm for Fia-block=  2.527D-03 for orbital    156a         
          max. resid. fock norm         =  5.074D-03 for orbital    853a         
          irrep a   : virtual orbitals shifted by    0.03435
          Delta Eig. =     0.2003657872 eV 
 
                                              current damping :  0.200
 ITERATION  ENERGY          1e-ENERGY        2e-ENERGY     RMS[dD(SAO)]   TOL
   8  -3167.8580784370    -17229.448558     7769.5362039    0.817D-04 0.162D-11
                            Exc =  -321.404727387865     N = 313.99871430    
          Norm of current diis error: 0.14092    
          max. resid. norm for Fia-block=  1.766D-03 for orbital    157a         
          max. resid. fock norm         =  3.687D-03 for orbital    852a         
          irrep a   : virtual orbitals shifted by    0.03559
          Delta Eig. =     0.1425951390 eV 
 
                                              current damping :  0.250
 ITERATION  ENERGY          1e-ENERGY        2e-ENERGY     RMS[dD(SAO)]   TOL
   9  -3167.8596075810    -17228.405118     7768.4912349    0.555D-04 0.167D-11
                            Exc =  -321.396682815512     N = 313.99870963    
          Norm of current diis error: 0.16913E-01
          max. resid. norm for Fia-block=  4.745D-04 for orbital    157a         
          max. resid. fock norm         =  1.250D-03 for orbital    833a         
          irrep a   : virtual orbitals shifted by    0.03484
          Delta Eig. =     0.0399541345 eV 
 
                                              current damping :  0.100
 ITERATION  ENERGY          1e-ENERGY        2e-ENERGY     RMS[dD(SAO)]   TOL
  10  -3167.8596146588    -17228.383117     7768.4692269    0.145D-04 0.169D-11
                            Exc =  -321.402664847349     N = 313.99870635    
          Norm of current diis error: 0.16278E-01
          max. resid. norm for Fia-block=  5.365D-04 for orbital    129a         
          max. resid. fock norm         =  1.517D-03 for orbital    833a         
          irrep a   : virtual orbitals shifted by    0.04252
 mo-orthogonalization: Cholesky decomposition
          Delta Eig. =     0.0739066135 eV 
 
                                              current damping :  0.150
 ITERATION  ENERGY          1e-ENERGY        2e-ENERGY     RMS[dD(SAO)]   TOL
  11  -3167.8595785261    -17228.204690     7768.2908365    0.117D-04 0.168D-11
                            Exc =  -321.396885421735     N = 313.99870976    
          Norm of current diis error: 0.27940E-01
          max. resid. norm for Fia-block=  2.252D-04 for orbital     82a         
          max. resid. fock norm         =  6.490D-04 for orbital    852a         
          irrep a   : virtual orbitals shifted by    0.03983
          Delta Eig. =     0.0250197843 eV 
 
                                              current damping :  0.200
 ITERATION  ENERGY          1e-ENERGY        2e-ENERGY     RMS[dD(SAO)]   TOL
  12  -3167.8596204373    -17228.256751     7768.3428549    0.624D-05 0.162D-11
                            Exc =  -321.398359329709     N = 313.99870910    
          Norm of current diis error: 0.12656E-01
          max. resid. norm for Fia-block=  1.605D-04 for orbital    157a         
          max. resid. fock norm         =  2.668D-04 for orbital    833a         
          irrep a   : virtual orbitals shifted by    0.03752
          Delta Eig. =     0.0100327073 eV 
 
                                              current damping :  0.100
 ITERATION  ENERGY          1e-ENERGY        2e-ENERGY     RMS[dD(SAO)]   TOL
  13  -3167.8596309689    -17228.399759     7768.4858531    0.544D-05 0.154D-11
                            Exc =  -321.400602942239     N = 313.99870878    
          Norm of current diis error: 0.39227E-02
          max. resid. norm for Fia-block=  2.557D-04 for orbital    156a         
          max. resid. fock norm         =  7.253D-04 for orbital    852a         
          irrep a   : virtual orbitals shifted by    0.04188
          Delta Eig. =     0.0319470768 eV 
 
                                              current damping :  0.150
 ITERATION  ENERGY          1e-ENERGY        2e-ENERGY     RMS[dD(SAO)]   TOL
  14  -3167.8596081098    -17228.240562     7768.3266791    0.868D-05 0.147D-11
                            Exc =  -321.397505587126     N = 313.99870797    
          Norm of current diis error: 0.17937E-01
          max. resid. norm for Fia-block=  1.318D-04 for orbital     50a         
          max. resid. fock norm         =  5.743D-04 for orbital    852a         
          irrep a   : virtual orbitals shifted by    0.03973
          Delta Eig. =     0.0187167609 eV 
 
                                              current damping :  0.200
 ITERATION  ENERGY          1e-ENERGY        2e-ENERGY     RMS[dD(SAO)]   TOL
  15  -3167.8596263865    -17228.284343     7768.3704415    0.389D-05 0.151D-11
                            Exc =  -321.398389829032     N = 313.99870821    
          Norm of current diis error: 0.85217E-02
          max. resid. norm for Fia-block=  6.262D-05 for orbital    156a         
          max. resid. fock norm         =  1.296D-04 for orbital    852a         
          irrep a   : virtual orbitals shifted by    0.03729
 mo-orthogonalization: Cholesky decomposition
          Delta Eig. =     0.0052096563 eV 
 
                                              current damping :  0.100
 ITERATION  ENERGY          1e-ENERGY        2e-ENERGY     RMS[dD(SAO)]   TOL
  16  -3167.8596309640    -17228.324080     7768.4101736    0.198D-05 0.148D-11
                            Exc =  -321.399109719960     N = 313.99870845    
          Norm of current diis error: 0.38611E-02
          max. resid. norm for Fia-block=  5.078D-05 for orbital    129a         
          max. resid. fock norm         =  1.155D-04 for orbital    852a         
          irrep a   : virtual orbitals shifted by    0.04251
          Delta Eig. =     0.0057441998 eV 
 
                                              current damping :  0.150
 ITERATION  ENERGY          1e-ENERGY        2e-ENERGY     RMS[dD(SAO)]   TOL
  17  -3167.8596310575    -17228.310651     7768.3967445    0.176D-05 0.145D-11
                            Exc =  -321.398748064578     N = 313.99870866    
          Norm of current diis error: 0.38406E-02
          max. resid. norm for Fia-block=  1.430D-04 for orbital    156a         
          max. resid. fock norm         =  1.906D-04 for orbital    156a         
          irrep a   : virtual orbitals shifted by    0.04026
          Delta Eig. =     0.0155410066 eV 
 
                                              current damping :  0.200
 ITERATION  ENERGY          1e-ENERGY        2e-ENERGY     RMS[dD(SAO)]   TOL
  18  -3167.8596258883    -17228.479059     7768.5651579    0.545D-05 0.143D-11
                            Exc =  -321.401740594459     N = 313.99870890    
          Norm of current diis error: 0.88571E-02
          max. resid. norm for Fia-block=  6.239D-05 for orbital    157a         
          max. resid. fock norm         =  1.355D-04 for orbital    818a         
          irrep a   : virtual orbitals shifted by    0.03748
          Delta Eig. =     0.0073115446 eV 
 
                                              current damping :  0.250
 ITERATION  ENERGY          1e-ENERGY        2e-ENERGY     RMS[dD(SAO)]   TOL
  19  -3167.8596298535    -17228.423069     7768.5091636    0.225D-05 0.143D-11
                            Exc =  -321.401152392657     N = 313.99870862    
          Norm of current diis error: 0.54814E-02
          max. resid. norm for Fia-block=  3.177D-05 for orbital    156a         
          max. resid. fock norm         =  6.604D-05 for orbital    852a         
          irrep a   : virtual orbitals shifted by    0.03477
          Delta Eig. =     0.0034437754 eV 
 
                                              current damping :  0.100
 ITERATION  ENERGY          1e-ENERGY        2e-ENERGY     RMS[dD(SAO)]   TOL
  20  -3167.8596315603    -17228.393874     7768.4799673    0.108D-05 0.142D-11
                            Exc =  -321.400523392524     N = 313.99870862    
          Norm of current diis error: 0.27571E-02
          max. resid. norm for Fia-block=  4.528D-05 for orbital    156a         
          max. resid. fock norm         =  7.375D-05 for orbital    852a         
          irrep a   : virtual orbitals shifted by    0.04248
 mo-orthogonalization: Cholesky decomposition
          Delta Eig. =     0.0046095592 eV 
 
                                              current damping :  0.100
 ITERATION  ENERGY          1e-ENERGY        2e-ENERGY     RMS[dD(SAO)]   TOL
  21  -3167.8596319586    -17228.353199     7768.4392922    0.149D-05 0.140D-11
                            Exc =  -321.399606043832     N = 313.99870857    
          Norm of current diis error: 0.17078E-02
          max. resid. norm for Fia-block=  7.749D-05 for orbital    157a         
          max. resid. fock norm         =  3.286D-04 for orbital    852a         
          irrep a   : virtual orbitals shifted by    0.04262
          Delta Eig. =     0.0079516115 eV 
 
                                              current damping :  0.150
 ITERATION  ENERGY          1e-ENERGY        2e-ENERGY     RMS[dD(SAO)]   TOL
  22  -3167.8596292967    -17228.328665     7768.4147601    0.283D-05 0.358D-11
                            Exc =  -321.399069575561     N = 313.99870867    
          Norm of current diis error: 0.63065E-02
          max. resid. norm for Fia-block=  4.306D-05 for orbital     51a         
          max. resid. fock norm         =  1.901D-04 for orbital    852a         
          irrep a   : virtual orbitals shifted by    0.03996
          Delta Eig. =     0.0056393331 eV 
 
                                              current damping :  0.200
 ITERATION  ENERGY          1e-ENERGY        2e-ENERGY     RMS[dD(SAO)]   TOL
  23  -3167.8596313744    -17228.338949     7768.4250425    0.126D-05 0.227D-11
                            Exc =  -321.399409499294     N = 313.99870860    
          Norm of current diis error: 0.32249E-02
          max. resid. norm for Fia-block=  2.237D-05 for orbital    157a         
          max. resid. fock norm         =  5.103D-05 for orbital    852a         
          irrep a   : virtual orbitals shifted by    0.03736
          Delta Eig. =     0.0017752330 eV 
 
                                              current damping :  0.100
 ITERATION  ENERGY          1e-ENERGY        2e-ENERGY     RMS[dD(SAO)]   TOL
  24  -3167.8596319903    -17228.352126     7768.4382193    0.689D-06 0.176D-11
                            Exc =  -321.399647002279     N = 313.99870862    
          Norm of current diis error: 0.15308E-02
          max. resid. norm for Fia-block=  2.521D-05 for orbital    157a         
          max. resid. fock norm         =  4.137D-05 for orbital    852a         
          irrep a   : virtual orbitals shifted by    0.04258
          Delta Eig. =     0.0016864541 eV 
 
                                              current damping :  0.100
 ITERATION  ENERGY          1e-ENERGY        2e-ENERGY     RMS[dD(SAO)]   TOL
  25  -3167.8596321115    -17228.369197     7768.4552894    0.821D-06 0.131D-11
                            Exc =  -321.399884166407     N = 313.99870865    
          Norm of current diis error: 0.86172E-03
          max. resid. norm for Fia-block=  5.704D-05 for orbital    156a         
          max. resid. fock norm         =  1.075D-04 for orbital    852a         
          irrep a   : virtual orbitals shifted by    0.04240
 mo-orthogonalization: Cholesky decomposition
          Delta Eig. =     0.0063215827 eV 
 
                                              current damping :  0.150
 ITERATION  ENERGY          1e-ENERGY        2e-ENERGY     RMS[dD(SAO)]   TOL
  26  -3167.8596309573    -17228.320999     7768.4070928    0.192D-05 0.141D-11
                            Exc =  -321.399088816380     N = 313.99870854    
          Norm of current diis error: 0.40273E-02
          max. resid. norm for Fia-block=  3.083D-05 for orbital     50a         
          max. resid. fock norm         =  8.215D-05 for orbital    852a         
          irrep a   : virtual orbitals shifted by    0.03990
          Delta Eig. =     0.0042709328 eV 
 
                                              current damping :  0.200
 ITERATION  ENERGY          1e-ENERGY        2e-ENERGY     RMS[dD(SAO)]   TOL
  27  -3167.8596318561    -17228.340871     7768.4269636    0.888D-06 0.142D-11
                            Exc =  -321.399482092040     N = 313.99870854    
          Norm of current diis error: 0.19937E-02
          max. resid. norm for Fia-block=  1.375D-05 for orbital    156a         
          max. resid. fock norm         =  3.800D-05 for orbital    852a         
          irrep a   : virtual orbitals shifted by    0.03732
          Delta Eig. =     0.0010318827 eV 
 
                                              current damping :  0.100
 ITERATION  ENERGY          1e-ENERGY        2e-ENERGY     RMS[dD(SAO)]   TOL
  28  -3167.8596321064    -17228.348737     7768.4348293    0.452D-06 0.143D-11
                            Exc =  -321.399598816324     N = 313.99870858    
          Norm of current diis error: 0.88438E-03
          max. resid. norm for Fia-block=  2.000D-05 for orbital    157a         
          max. resid. fock norm         =  7.407D-05 for orbital    852a         
          irrep a   : virtual orbitals shifted by    0.04257
          Delta Eig. =     0.0021107464 eV 
 
                                              current damping :  0.150
 ITERATION  ENERGY          1e-ENERGY        2e-ENERGY     RMS[dD(SAO)]   TOL
  29  -3167.8596319596    -17228.343971     7768.4300640    0.753D-06 0.158D-11
                            Exc =  -321.399503093043     N = 313.99870861    
          Norm of current diis error: 0.16738E-02
          max. resid. norm for Fia-block=  2.596D-05 for orbital    157a         
          max. resid. fock norm         =  4.629D-05 for orbital    821a         
          irrep a   : virtual orbitals shifted by    0.04000
          Delta Eig. =     0.0026918877 eV 
 
                                              current damping :  0.200
 ITERATION  ENERGY          1e-ENERGY        2e-ENERGY     RMS[dD(SAO)]   TOL
  30  -3167.8596320274    -17228.370948     7768.4570412    0.956D-06 0.130D-11
                            Exc =  -321.399856227917     N = 313.99870871    
          Norm of current diis error: 0.13463E-02
          max. resid. norm for Fia-block=  1.455D-05 for orbital    129a         
          max. resid. fock norm         =  3.771D-05 for orbital    833a         
          irrep a   : virtual orbitals shifted by    0.03738
 mo-orthogonalization: Cholesky decomposition
          Delta Eig. =     0.0021245689 eV 
 
                                              current damping :  0.250
 ITERATION  ENERGY          1e-ENERGY        2e-ENERGY     RMS[dD(SAO)]   TOL
  31  -3167.8596320538    -17228.370147     7768.4562396    0.389D-06 0.118D-11
                            Exc =  -321.399972522460     N = 313.99870862    
          Norm of current diis error: 0.12201E-02
          max. resid. norm for Fia-block=  6.347D-06 for orbital     50a         
          max. resid. fock norm         =  1.134D-05 for orbital    734a         
          irrep a   : virtual orbitals shifted by    0.03474
          Delta Eig. =     0.0007398731 eV 
 
                                              current damping :  0.100
 ITERATION  ENERGY          1e-ENERGY        2e-ENERGY     RMS[dD(SAO)]   TOL
  32  -3167.8596321321    -17228.364821     7768.4509139    0.221D-06 0.123D-11
                            Exc =  -321.399859628826     N = 313.99870863    
          Norm of current diis error: 0.65555E-03
          max. resid. norm for Fia-block=  2.698D-05 for orbital    156a         
          max. resid. fock norm         =  7.671D-05 for orbital    852a         
          irrep a   : virtual orbitals shifted by    0.04249
          Delta Eig. =     0.0030858257 eV 
 
                                              current damping :  0.150
 ITERATION  ENERGY          1e-ENERGY        2e-ENERGY     RMS[dD(SAO)]   TOL
  33  -3167.8596319344    -17228.347283     7768.4333756    0.913D-06 0.130D-11
                            Exc =  -321.399485072617     N = 313.99870861    
          Norm of current diis error: 0.17951E-02
          max. resid. norm for Fia-block=  1.400D-05 for orbital    157a         
          max. resid. fock norm         =  7.116D-05 for orbital    852a         
          irrep a   : virtual orbitals shifted by    0.03991
          Delta Eig. =     0.0014636577 eV 
 
                                              current damping :  0.100
 ITERATION  ENERGY          1e-ENERGY        2e-ENERGY     RMS[dD(SAO)]   TOL
  34  -3167.8596320292    -17228.341218     7768.4273106    0.504D-06 0.149D-11
                            Exc =  -321.399408237173     N = 313.99870858    
          Norm of current diis error: 0.12947E-02
          max. resid. norm for Fia-block=  8.780D-06 for orbital     51a         
          max. resid. fock norm         =  1.730D-05 for orbital    170a         
          irrep a   : virtual orbitals shifted by    0.04254
          Delta Eig. =     0.0012221250 eV 
 
                                              current damping :  0.150
 ITERATION  ENERGY          1e-ENERGY        2e-ENERGY     RMS[dD(SAO)]   TOL
  35  -3167.8596321148    -17228.349034     7768.4351271    0.313D-06 0.140D-11
                            Exc =  -321.399587114226     N = 313.99870857    
          Norm of current diis error: 0.74140E-03
          max. resid. norm for Fia-block=  5.321D-06 for orbital    156a         
          max. resid. fock norm         =  1.168D-05 for orbital    833a         
          irrep a   : virtual orbitals shifted by    0.03994
 mo-orthogonalization: Cholesky decomposition
          Delta Eig. =     0.0006819573 eV 
 
                                              current damping :  0.100
 ITERATION  ENERGY          1e-ENERGY        2e-ENERGY     RMS[dD(SAO)]   TOL
  36  -3167.8596321461    -17228.353574     7768.4396663    0.178D-06 0.138D-11
                            Exc =  -321.399648983882     N = 313.99870861    
          Norm of current diis error: 0.40437E-03
          max. resid. norm for Fia-block=  1.111D-05 for orbital    156a         
          max. resid. fock norm         =  3.079D-05 for orbital    852a         
          irrep a   : virtual orbitals shifted by    0.04258
          Delta Eig. =     0.0010493100 eV 
 
                                              current damping :  0.100
 ITERATION  ENERGY          1e-ENERGY        2e-ENERGY     RMS[dD(SAO)]   TOL
  37  -3167.8596321410    -17228.360322     7768.4464147    0.364D-06 0.131D-11
                            Exc =  -321.399758639810     N = 313.99870862    
          Norm of current diis error: 0.52060E-03
          max. resid. norm for Fia-block=  3.511D-06 for orbital    157a         
          max. resid. fock norm         =  1.618D-05 for orbital    852a         
          irrep a   : virtual orbitals shifted by    0.04257
          Delta Eig. =     0.0003522946 eV 
 
                                              current damping :  0.100
 ITERATION  ENERGY          1e-ENERGY        2e-ENERGY     RMS[dD(SAO)]   TOL
  38  -3167.8596321444    -17228.361145     7768.4472378    0.127D-06 0.125D-11
                            Exc =  -321.399801546624     N = 313.99870862    
          Norm of current diis error: 0.41485E-03
          max. resid. norm for Fia-block=  2.324D-06 for orbital    157a         
          max. resid. fock norm         =  8.765D-06 for orbital    852a         
          irrep a   : virtual orbitals shifted by    0.04257
          Delta Eig. =     0.0002412642 eV 

 ENERGY & DENSITY CONVERGED !

 Evaluating v_xc on big grid 
          Overall gridpoints after grid construction =        484838
 
                                              current damping :  0.100
 ITERATION  ENERGY          1e-ENERGY        2e-ENERGY     RMS[dD(SAO)]   TOL
  39  -3167.8594705745    -17228.361553     7768.4478073    0.906D-07 0.124D-11
                            Exc =  -321.399639724235     N = 314.00028914    
          max. resid. norm for Fia-block=  2.453D-05 for orbital    156a         
          max. resid. fock norm         =  3.291D-05 for orbital    167a         

 convergence criteria satisfied after    39 iterations


                  ------------------------------------------ 
                 |  total energy      =  -3167.85947057451  |
                  ------------------------------------------ 
                 :  kinetic energy    =   2575.24022223010  :
                 :  potential energy  =  -5743.09969280461  :
                 :  virial theorem    =      1.81292754497  :
                 :  wavefunction norm =      1.00000000000  :
                  .......................................... 


 orbitals $scfmo  will be written to file mos

    irrep                153a        154a        155a        156a        157a   
 eigenvalues H         -0.25785    -0.25616    -0.25232    -0.25164    -0.24866
            eV          -7.0166     -6.9706     -6.8661     -6.8476     -6.7665
 occupation              2.0000      2.0000      2.0000      2.0000      2.0000

    irrep                158a        159a        160a        161a        162a   
 eigenvalues H         -0.19637    -0.19527    -0.19438    -0.19376    -0.19338
            eV          -5.3437     -5.3137     -5.2895     -5.2725     -5.2623
 
 
 
 
 ==============================================================================
                           electrostatic moments
 ==============================================================================

 reference point for electrostatic moments:    0.00000   0.00000   0.00000

 
              nuc           elec       ->  total
 ------------------------------------------------------------------------------
                          charge      
 ------------------------------------------------------------------------------
         314.000000    -314.000000       0.000000
 
 ------------------------------------------------------------------------------
                       dipole moment  
 ------------------------------------------------------------------------------
   x      23.305486     -23.885443      -0.579957
   y      -9.414517       9.564966       0.150449
   z      -3.777077       3.720218      -0.056858
 
   | dipole moment | =     0.6018 a.u. =     1.5297 debye 
 
 ------------------------------------------------------------------------------
                     quadrupole moment
 ------------------------------------------------------------------------------
  xx    4075.971112   -4292.968112    -216.997000
  yy    2819.935618   -2990.762422    -170.826804
  zz    6906.498909   -7039.462972    -132.964063
  xy      84.438791     -81.192801       3.245989
  xz     315.984542    -290.290022      25.694520
  yz    -132.708399     131.393555      -1.314845
 
     1/3  trace=    -173.595956
     anisotropy=      85.620239
 
 ==============================================================================
 
HOMO-LUMO Separation
 HOMO         :   -0.24866295 H =     -6.76647 eV
 LUMO         :   -0.19637484 H =     -5.34363 eV
 HOMO-LUMO gap:    0.05228811 H =     +1.42283 eV
 
 ==============================================================================


    ------------------------------------------------------------------------
         total  cpu-time :  2 hours 47 minutes and 54 seconds
         total wall-time : 21 minutes and 17 seconds
    ------------------------------------------------------------------------

   ****  dscf : all done  ****


    2024-02-15 16:05:33.441 

 dscf ended normally
