
  ========================================================================
                license information 
 Customer : 200000000019588
 ID       : LKO2306259

 License file is VALID, continuing with full version
  ========================================================================

   OpenMP run-time library returned nthreads =  8

 dscf (u-0-13.local) : TURBOMOLE rev. V7-7-1 compiled 2 Jan 2023 at 20:18:50
 Copyright (C) 2023 TURBOMOLE GmbH, Karlsruhe


    2024-02-24 19:10:19.700 



                             d s c f - program

                   idea & directorship : reinhart ahlrichs
                   program development : marco haeser
                                         michael baer
                           dft version : oliver treutler


                          quantum chemistry group
                          universitaet  karlsruhe
                                  germany



   *-----------------------------------------------------------------------*
   |                     program will use  8 thread(s)                     |
   *-----------------------------------------------------------------------*


              +--------------------------------------------------+
              | Atomic coordinate, charge and isotop information |
              +--------------------------------------------------+

                    atomic coordinates            atom    charge  isotop
         -0.00005858   -0.00013417    0.00000000    n      7.000     0
          0.00003968    1.17503737    2.03526716    o      8.000     0
          0.00003968    1.17503737   -2.03526716    o      8.000     0
         -0.00002268   -2.34994058    0.00000000    o      8.000     0
 
       center of nuclear mass  :    0.00000140    0.00000431    0.00000000
       center of nuclear charge:    0.00000140    0.00000433    0.00000000

              +--------------------------------------------------+
              |               basis set information              |
              +--------------------------------------------------+

              we will work with the 1s 3p 5d 7f 9g ... basis set
              ...i.e. with spherical basis functions...

   type   atoms  prim   cont   basis
   ---------------------------------------------------------------------------
    n        1     34     19   def-TZVP   [5s3p1d|11s6p1d]
    o        3     34     19   def-TZVP   [5s3p1d|11s6p1d]
   ---------------------------------------------------------------------------
   total:    4    136     76
   ---------------------------------------------------------------------------

   total number of primitive shells          :   36
   total number of contracted shells         :   36
   total number of cartesian basis functions :   80
   total number of SCF-basis functions       :   76


 integral neglect threshold       :  0.42E-10
 integral storage threshold THIZE :  0.10E-04
 integral storage threshold THIME :         5


 symmetry group of the molecule :   c1 

 the group has the following generators :
   c1(z)

    1 symmetry operations found

 there are 1 real representations :   a   

 maximum number of shells which are related by symmetry :  1

 ==============================================================================
                      COSMO switched on
 ==============================================================================
 COSMO stati: segments per atom: H   32 other atoms   92
 COSMO statistics: nps    240 npspher:    174
 COSMO surface:
   number of segments:  240
   area (bohr**2):      271.149504
   volume (bohr**3):    379.298204
 COSMO: check number of disjunct cavities:

       ... OK contiguous cavity found
  
           ------------------
           density functional
           ------------------
 B-P86 functional
 exchange:    LDA + Becke (B88)
 correlation: LDA (VWN) + Perdew (P86)
 iterations will be done with small grid
  
 spherical integration : Lebedev's spherical grid
 spherical gridsize    :                     4
    i.e. gridpoints    :                   434
  maximum batchsize    :                   100
 value for diffuse not defined
 radial integration    : Chebyshev 2nd kind (scaling 3)
 radial gridsize       :                     6
 integration cells     :                     4
 partition function    : becke
 partition sharpness   :                     3
  

          ------------------------
          nuclear repulsion energy  :   118.657345808    
          ------------------------


         -----------------
         -S,T+V- integrals
         -----------------

 1e-integrals will be neglected if expon. factor < 0.417745E-11
 
 Difference densities algorithm switched on.
 The maximal number of linear combinations of
 difference densities is  20.

 DIIS switched on: error vector is FDS-SDF
 Max. Iterations for DIIS is     :   4
 DIIS matrix (see manual) 
    Scaling factor of diagonals  :  1.200
    threshold for scaling factor :  0.000

 scf convergence criterion : increment of total energy < .1000000D-06
                  and increment of one-electron energy < .1000000D-03

 MOs are in ASCII format !


    mo occupation :
   irrep   mo's   occupied
    a       76       16
 
 number of basis functions   :    76
 number of occupied orbitals :    16
 

 reading orbital data $scfmo  from file mos
 orbital characterization : expanded
 virtual MOs provided and orthogonalized by Cholesky decomposition

 automatic virtual orbital shift switched on 
      shift if e(lumo)-e(homo) < 0.10000000    


 DSCF restart information will be dumped onto file mos

          Overall gridpoints after grid construction =         14754
 
                                              current damping :  0.300
 ITERATION  ENERGY          1e-ENERGY        2e-ENERGY     NORM[dD(SAO)]  TOL
   1  -279.23569235671    -625.27262432     227.37958616    0.000D+00 0.417D-10
                            Exc =   -33.246445854262     N = 31.999971227    
                          Ediel =    -0.127388765777
          max. resid. norm for Fia-block=  5.094D-01 for orbital      8a         
          max. resid. fock norm         =  1.684D+01 for orbital     43a         
          Delta Eig. =   866.7243669170 eV 
 
                                              current damping :  0.250
 ITERATION  ENERGY          1e-ENERGY        2e-ENERGY     NORM[dD(SAO)]  TOL
   2  -280.15004594193    -630.28306413     231.47567238    0.149D+01 0.281D-10
                            Exc =   -32.936936685322     N = 31.999983072    
                          Ediel =    -0.110198220960
          Norm of current diis error:  2.9128    
          max. resid. norm for Fia-block=  1.879D-01 for orbital      5a         
          max. resid. fock norm         =  3.657D-01 for orbital     18a         
          Delta Eig. =   201.3950707945 eV 
 
                                              current damping :  0.200
 ITERATION  ENERGY          1e-ENERGY        2e-ENERGY     NORM[dD(SAO)]  TOL
   3  -280.61199173438    -628.68180502     229.41246748    0.608D+00 0.247D-10
                            Exc =   -32.941527266213     N = 31.999979008    
                          Ediel =    -0.107317104140
          Norm of current diis error: 0.29454    
          max. resid. norm for Fia-block=  2.457D-02 for orbital     16a         
          max. resid. fock norm         =  4.027D-02 for orbital     45a         
          Delta Eig. =    42.6625940794 eV 
 
                                              current damping :  0.100
 ITERATION  ENERGY          1e-ENERGY        2e-ENERGY     NORM[dD(SAO)]  TOL
   4  -280.61706186811    -628.39285390     229.11844622    0.776D-01 0.214D-10
                            Exc =   -32.936831546676     N = 31.999979114    
                          Ediel =    -0.107334542292
          Norm of current diis error: 0.60677E-01
          max. resid. norm for Fia-block=  6.225D-03 for orbital      5a         
          max. resid. fock norm         =  7.026D-03 for orbital     60a         
          Delta Eig. =     7.5764016513 eV 
 
                                              current damping :  0.150
 ITERATION  ENERGY          1e-ENERGY        2e-ENERGY     NORM[dD(SAO)]  TOL
   5  -280.61726041015    -628.50755992     229.23295371    0.257D-01 0.199D-10
                            Exc =   -32.952883984972     N = 31.999978902    
                          Ediel =    -0.107393639694
          Norm of current diis error: 0.17561E-01
          max. resid. norm for Fia-block=  1.670D-03 for orbital     12a         
          max. resid. fock norm         =  1.982D-03 for orbital     28a         
 mo-orthogonalization: Cholesky decomposition
          Delta Eig. =     0.8083383429 eV 
 
                                              current damping :  0.200
 ITERATION  ENERGY          1e-ENERGY        2e-ENERGY     NORM[dD(SAO)]  TOL
   6  -280.61728284387    -628.39524853     229.12061988    0.770D-02 0.190D-10
                            Exc =   -32.939620358350     N = 31.999979036    
                          Ediel =    -0.107370586934
          Norm of current diis error: 0.78007E-02
          max. resid. norm for Fia-block=  5.869D-04 for orbital     15a         
          max. resid. fock norm         =  6.382D-04 for orbital     74a         
          Delta Eig. =     0.0525672057 eV 
 
                                              current damping :  0.250
 ITERATION  ENERGY          1e-ENERGY        2e-ENERGY     NORM[dD(SAO)]  TOL
   7  -280.61728838410    -628.43111571     229.15648152    0.147D-02 0.186D-10
                            Exc =   -32.943969617487     N = 31.999978977    
                          Ediel =    -0.107377590363
          Norm of current diis error: 0.31387E-02
          max. resid. norm for Fia-block=  3.539D-04 for orbital     15a         
          max. resid. fock norm         =  6.673D-04 for orbital     76a         
          Delta Eig. =     0.0107506237 eV 
 
                                              current damping :  0.100
 ITERATION  ENERGY          1e-ENERGY        2e-ENERGY     NORM[dD(SAO)]  TOL
   8  -280.61728834355    -628.43393915     229.15930500    0.735D-03 0.186D-10
                            Exc =   -32.944429793222     N = 31.999979008    
                          Ediel =    -0.107379106140
          Norm of current diis error: 0.31665E-02
          max. resid. norm for Fia-block=  1.340D-04 for orbital     14a         
          max. resid. fock norm         =  2.432D-04 for orbital     75a         
          Delta Eig. =     0.0125457416 eV 
 
                                              current damping :  0.150
 ITERATION  ENERGY          1e-ENERGY        2e-ENERGY     NORM[dD(SAO)]  TOL
   9  -280.61728923274    -628.43119332     229.15655828    0.654D-04 0.184D-10
                            Exc =   -32.944098949236     N = 31.999978995    
                          Ediel =    -0.107378715848
          Norm of current diis error: 0.74310E-03
          max. resid. norm for Fia-block=  4.474D-05 for orbital      9a         
          max. resid. fock norm         =  5.690D-05 for orbital     10a         
          Delta Eig. =     0.0037289731 eV 
 
                                              current damping :  0.200
 ITERATION  ENERGY          1e-ENERGY        2e-ENERGY     NORM[dD(SAO)]  TOL
  10  -280.61728926478    -628.43189953     229.15726446    0.416D-04 0.183D-10
                            Exc =   -32.944077771800     N = 31.999978994    
                          Ediel =    -0.107377961803
          Norm of current diis error: 0.43591E-03
          max. resid. norm for Fia-block=  2.574D-05 for orbital      9a         
          max. resid. fock norm         =  3.012D-05 for orbital     17a         
 mo-orthogonalization: Cholesky decomposition
          Delta Eig. =     0.0021607126 eV 
 
                                              current damping :  0.250
 ITERATION  ENERGY          1e-ENERGY        2e-ENERGY     NORM[dD(SAO)]  TOL
  11  -280.61728927541    -628.43136457     229.15672949    0.547D-06 0.179D-10
                            Exc =   -32.944071862710     N = 31.999978992    
                          Ediel =    -0.107378353775
          Norm of current diis error: 0.10838E-03
          max. resid. norm for Fia-block=  4.969D-06 for orbital     14a         
          max. resid. fock norm         =  1.086D-05 for orbital     74a         
          Delta Eig. =     0.0003347576 eV 

 ENERGY CONVERGED !

 Evaluating v_xc on big grid 
          Overall gridpoints after grid construction =         48506
 
                                              current damping :  0.100
 ITERATION  ENERGY          1e-ENERGY        2e-ENERGY     NORM[dD(SAO)]  TOL
  12  -280.61731254166    -628.43132586     229.15666751    0.167D-06 0.175D-10
                            Exc =   -32.944082994426     N = 32.000000092    
                          Ediel =    -0.107378281878
          max. resid. norm for Fia-block=  2.656D-06 for orbital     15a         
          max. resid. fock norm         =  3.921D-06 for orbital     74a         

 convergence criteria satisfied after    12 iterations


                  ------------------------------------------ 
                 |  total energy      =   -280.61731254166  |
                  ------------------------------------------ 
                 :  kinetic energy    =    279.93813372096  :
                 :  potential energy  =   -560.55544626262  :
                 :  virial theorem    =      1.99757969737  :
                 :  wavefunction norm =      1.00000000000  :
                  .......................................... 


 <geterg> : there is no data group $energy 


 <skperg> : $end is missing 


 orbitals $scfmo  will be written to file mos

    irrep                 12a         13a         14a         15a         16a   
 eigenvalues H         -0.26468    -0.26467    -0.25047    -0.25044    -0.18775
            eV          -7.2023     -7.2020     -6.8158     -6.8148     -5.1089
 occupation              2.0000      2.0000      2.0000      2.0000      2.0000

    irrep                 17a         18a         19a         20a         21a   
 eigenvalues H         -0.05030     0.11540     0.24052     0.24056     0.24641
            eV          -1.3686      3.1403      6.5448      6.5461      6.7053
 
 ==============================================================================
                                  COSMO RESULTS
 ==============================================================================
  PARAMETER:
    nppa:      1082
    nspa:        92
    nsph:        32
    nps:        240
    npspher:    174
    disex:   10.0000    
    disex2:  4263.21    
    rsolv [A]: 1.3000
    routf:     0.8500
    phsran:    0.0    
    ampran:   0.10E-04
    cavity:  closed
    epsilon: infinity
    refind:     1.300
    fepsi:      1.0000000
  CAVITY VOLUME/AREA [a.u.]:
    surface: V1.0, A matrix: V1.0
    area:   271.15
    volume:   379.30
  SCREENING CHARGE:
    cosmo      :   0.981770
    correction :   0.017369
    total      :   0.999138
  ENERGIES [a.u.]:
    Total energy            =    -280.6173125416592
    Total energy + OC corr. =     -280.6211223563
    Dielectric energy       =       -0.1073782819
    Diel. energy + OC corr. =       -0.1111880965
  ELEMENT RADIUS [A]: ATOM LIST
    n  1.83: 1
    o  1.72: 2-4
 ==============================================================================
 
 
 
 ==============================================================================
                           electrostatic moments
 ==============================================================================

 reference point for electrostatic moments:    0.00000   0.00000   0.00000

 
              nuc           elec       ->  total
 ------------------------------------------------------------------------------
                          charge      
 ------------------------------------------------------------------------------
          31.000000     -32.000000      -1.000000
 
 ------------------------------------------------------------------------------
                       dipole moment  
 ------------------------------------------------------------------------------
   x       0.000043      -0.000104      -0.000060
   y       0.000134      -0.000891      -0.000757
   z       0.000000      -0.000051      -0.000051
 
   | dipole moment | =     0.0008 a.u. =     0.0019 debye 
 
 ------------------------------------------------------------------------------
                     quadrupole moment
 ------------------------------------------------------------------------------
  xx       0.000000     -16.510702     -16.510702
  yy      66.269171     -88.647874     -22.378703
  zz      66.276999     -88.656783     -22.379785
  xy       0.001172      -0.001292      -0.000120
  xz       0.000000       0.000049       0.000049
  yz       0.000000       0.000100       0.000100
 
     1/3  trace=     -20.423063
     anisotropy=       5.868542
 
 ==============================================================================
 
HOMO-LUMO Separation
 HOMO         :   -0.18774738 H =     -5.10887 eV
 LUMO         :   -0.05029569 H =     -1.36862 eV
 HOMO-LUMO gap:    0.13745169 H =     +3.74025 eV
 
 ==============================================================================


    ------------------------------------------------------------------------
         total  cpu-time :   8.54 seconds
         total wall-time :   1.21 seconds
    ------------------------------------------------------------------------

   ****  dscf : all done  ****


    2024-02-24 19:10:20.820 

 dscf ended normally
