
  ========================================================================
                license information 
 Customer : 200000000019588
 ID       : LKO2306259

 License file is VALID, continuing with full version
  ========================================================================

   OpenMP run-time library returned nthreads =  8

 dscf (u-0-13.local) : TURBOMOLE rev. V7-7-1 compiled 2 Jan 2023 at 20:18:50
 Copyright (C) 2023 TURBOMOLE GmbH, Karlsruhe


    2024-02-24 19:10:20.940 



                             d s c f - program

                   idea & directorship : reinhart ahlrichs
                   program development : marco haeser
                                         michael baer
                           dft version : oliver treutler


                          quantum chemistry group
                          universitaet  karlsruhe
                                  germany



   *-----------------------------------------------------------------------*
   |                     program will use  8 thread(s)                     |
   *-----------------------------------------------------------------------*


              +--------------------------------------------------+
              | Atomic coordinate, charge and isotop information |
              +--------------------------------------------------+

                    atomic coordinates            atom    charge  isotop
         -0.00005858   -0.00013417    0.00000000    n      7.000     0
          0.00003968    1.17503737    2.03526716    o      8.000     0
          0.00003968    1.17503737   -2.03526716    o      8.000     0
         -0.00002268   -2.34994058    0.00000000    o      8.000     0
 
       center of nuclear mass  :    0.00000140    0.00000431    0.00000000
       center of nuclear charge:    0.00000140    0.00000433    0.00000000

              +--------------------------------------------------+
              |               basis set information              |
              +--------------------------------------------------+

              we will work with the 1s 3p 5d 7f 9g ... basis set
              ...i.e. with spherical basis functions...

   type   atoms  prim   cont   basis
   ---------------------------------------------------------------------------
    n        1     34     19   def-TZVP   [5s3p1d|11s6p1d]
    o        3     34     19   def-TZVP   [5s3p1d|11s6p1d]
   ---------------------------------------------------------------------------
   total:    4    136     76
   ---------------------------------------------------------------------------

   total number of primitive shells          :   36
   total number of contracted shells         :   36
   total number of cartesian basis functions :   80
   total number of SCF-basis functions       :   76


 integral neglect threshold       :  0.42E-10
 integral storage threshold THIZE :  0.10E-04
 integral storage threshold THIME :         5


 symmetry group of the molecule :   c1 

 the group has the following generators :
   c1(z)

    1 symmetry operations found

 there are 1 real representations :   a   

 maximum number of shells which are related by symmetry :  1

  
           ------------------
           density functional
           ------------------
 B-P86 functional
 exchange:    LDA + Becke (B88)
 correlation: LDA (VWN) + Perdew (P86)
 iterations will be done with small grid
  
 spherical integration : Lebedev's spherical grid
 spherical gridsize    :                     4
    i.e. gridpoints    :                   434
  maximum batchsize    :                   100
 value for diffuse not defined
 radial integration    : Chebyshev 2nd kind (scaling 3)
 radial gridsize       :                     6
 integration cells     :                     4
 partition function    : becke
 partition sharpness   :                     3
  

          ------------------------
          nuclear repulsion energy  :   118.657345808    
          ------------------------


         -----------------
         -S,T+V- integrals
         -----------------

 1e-integrals will be neglected if expon. factor < 0.417745E-11
 
 Difference densities algorithm switched on.
 The maximal number of linear combinations of
 difference densities is  20.

 DIIS switched on: error vector is FDS-SDF
 Max. Iterations for DIIS is     :   4
 DIIS matrix (see manual) 
    Scaling factor of diagonals  :  1.200
    threshold for scaling factor :  0.000

 scf convergence criterion : increment of total energy < .1000000D-06
                  and increment of one-electron energy < .1000000D-03

 MOs are in ASCII format !


    mo occupation :
   irrep   mo's   occupied
    a       76       16
 
 number of basis functions   :    76
 number of occupied orbitals :    16
 

 reading orbital data $scfmo  from file mos
 orbital characterization : scfconv=7
 mo-orthogonalization by Cholesky decomposition

 automatic virtual orbital shift switched on 
      shift if e(lumo)-e(homo) < 0.10000000    


 DSCF restart information will be dumped onto file mos

          Overall gridpoints after grid construction =         14754
 
                                              current damping :  0.300
 ITERATION  ENERGY          1e-ENERGY        2e-ENERGY     NORM[dD(SAO)]  TOL
   1  -280.50991099416    -628.32394758     229.15669078    0.000D+00 0.417D-10
                            Exc =   -32.944059729138     N = 31.999978993    
          max. resid. norm for Fia-block=  3.636D-03 for orbital      9a         
          max. resid. fock norm         =  1.306D-02 for orbital     34a         
          Delta Eig. =     4.5090729100 eV 
 
                                              current damping :  0.250
 ITERATION  ENERGY          1e-ENERGY        2e-ENERGY     NORM[dD(SAO)]  TOL
   2  -280.51000102898    -628.29196398     229.12461715    0.623D-01 0.264D-10
                            Exc =   -32.938211572508     N = 31.999979021    
          Norm of current diis error: 0.12879E-01
          max. resid. norm for Fia-block=  1.292D-03 for orbital      9a         
          max. resid. fock norm         =  2.986D-03 for orbital     34a         
          Delta Eig. =     1.1182762899 eV 
 
                                              current damping :  0.200
 ITERATION  ENERGY          1e-ENERGY        2e-ENERGY     NORM[dD(SAO)]  TOL
   3  -280.51001122145    -628.29709712     229.12974009    0.598D-02 0.215D-10
                            Exc =   -32.941109733857     N = 31.999978938    
          Norm of current diis error: 0.86164E-02
          max. resid. norm for Fia-block=  4.444D-04 for orbital      9a         
          max. resid. fock norm         =  7.489D-04 for orbital     34a         
          Delta Eig. =     0.2278811484 eV 
 
                                              current damping :  0.100
 ITERATION  ENERGY          1e-ENERGY        2e-ENERGY     NORM[dD(SAO)]  TOL
   4  -280.51001544659    -628.30449021     229.13712896    0.131D-02 0.202D-10
                            Exc =   -32.941015129508     N = 31.999978952    
          Norm of current diis error: 0.11422E-02
          max. resid. norm for Fia-block=  1.265D-04 for orbital     14a         
          max. resid. fock norm         =  2.286D-04 for orbital     18a         
          Delta Eig. =     0.0534356689 eV 
 
                                              current damping :  0.150
 ITERATION  ENERGY          1e-ENERGY        2e-ENERGY     NORM[dD(SAO)]  TOL
   5  -280.51001551355    -628.29461363     229.12725230    0.478D-03 0.198D-10
                            Exc =   -32.939903061441     N = 31.999978954    
          Norm of current diis error: 0.88177E-03
          max. resid. norm for Fia-block=  6.447D-05 for orbital     14a         
          max. resid. fock norm         =  7.906D-05 for orbital     76a         
 mo-orthogonalization: Cholesky decomposition
          Delta Eig. =     0.0028499276 eV 
 
                                              current damping :  0.200
 ITERATION  ENERGY          1e-ENERGY        2e-ENERGY     NORM[dD(SAO)]  TOL
   6  -280.51001557575    -628.29826974     229.13090836    0.201D-03 0.193D-10
                            Exc =   -32.940300067870     N = 31.999978956    
          Norm of current diis error: 0.43099E-03
          max. resid. norm for Fia-block=  2.963D-05 for orbital     14a         
          max. resid. fock norm         =  6.267D-05 for orbital     76a         
          Delta Eig. =     0.0018186294 eV 
 
                                              current damping :  0.100
 ITERATION  ENERGY          1e-ENERGY        2e-ENERGY     NORM[dD(SAO)]  TOL
   7  -280.51001558907    -628.29880557     229.13144417    0.335D-04 0.191D-10
                            Exc =   -32.940359557832     N = 31.999978952    
          Norm of current diis error: 0.21812E-03
          max. resid. norm for Fia-block=  1.121D-05 for orbital     14a         
          max. resid. fock norm         =  2.224D-05 for orbital     74a         
          Delta Eig. =     0.0006512242 eV 

 ENERGY CONVERGED !

 Evaluating v_xc on big grid 
          Overall gridpoints after grid construction =         48506
 
                                              current damping :  0.150
 ITERATION  ENERGY          1e-ENERGY        2e-ENERGY     NORM[dD(SAO)]  TOL
   8  -280.51003882915    -628.29869239     229.13130776    0.351D-05 0.188D-10
                            Exc =   -32.940375701876     N = 32.000000091    
          max. resid. norm for Fia-block=  6.840D-06 for orbital     14a         
          max. resid. fock norm         =  1.244D-05 for orbital     76a         

 convergence criteria satisfied after     8 iterations


                  ------------------------------------------ 
                 |  total energy      =   -280.51003882915  |
                  ------------------------------------------ 
                 :  kinetic energy    =    279.93265467683  :
                 :  potential energy  =   -560.44269350597  :
                 :  virial theorem    =      1.99794166314  :
                 :  wavefunction norm =      1.00000000000  :
                  .......................................... 


 orbitals $scfmo  will be written to file mos

    irrep                 12a         13a         14a         15a         16a   
 eigenvalues H         -0.05039    -0.05037    -0.03863    -0.03859     0.02653
            eV          -1.3711     -1.3706     -1.0511     -1.0501      0.7220
 occupation              2.0000      2.0000      2.0000      2.0000      2.0000

    irrep                 17a         18a         19a         20a         21a   
 eigenvalues H          0.16109     0.31899     0.44617     0.44620     0.45438
            eV           4.3835      8.6803     12.1409     12.1418     12.3645
 

    !!!!!!!!!!!!!!!!!!!!!!!!!!!!!!!!!!!!!!!!!!!!!!!!!!!!!!!!!!!!!!!!!!!!!!!
    !                                                                     !
    ! WARNING : ORBITAL ENERGIES SHOULD BE NEGATIVE FOR OCCUPIED ORBITALS !
    !                                                                     !
    !      orbital energy (   0.02653) of occupied MO  16a    is > 0      !
    !!!!!!!!!!!!!!!!!!!!!!!!!!!!!!!!!!!!!!!!!!!!!!!!!!!!!!!!!!!!!!!!!!!!!!!

 
 
 
 ==============================================================================
                           electrostatic moments
 ==============================================================================

 reference point for electrostatic moments:    0.00000   0.00000   0.00000

 
              nuc           elec       ->  total
 ------------------------------------------------------------------------------
                          charge      
 ------------------------------------------------------------------------------
          31.000000     -32.000000      -1.000000
 
 ------------------------------------------------------------------------------
                       dipole moment  
 ------------------------------------------------------------------------------
   x       0.000043      -0.000072      -0.000028
   y       0.000134      -0.000600      -0.000466
   z       0.000000       0.000004       0.000004
 
   | dipole moment | =     0.0005 a.u. =     0.0012 debye 
 
 ------------------------------------------------------------------------------
                     quadrupole moment
 ------------------------------------------------------------------------------
  xx       0.000000     -16.566071     -16.566071
  yy      66.269171     -88.647690     -22.378518
  zz      66.276999     -88.656615     -22.379616
  xy       0.001172      -0.001275      -0.000103
  xz       0.000000       0.000000       0.000000
  yz       0.000000       0.000005       0.000005
 
     1/3  trace=     -20.441402
     anisotropy=       5.812997
 
 ==============================================================================
 
HOMO-LUMO Separation
 HOMO         :    0.02653269 H =     +0.72199 eV
 LUMO         :    0.16109044 H =     +4.38350 eV
 HOMO-LUMO gap:    0.13455776 H =     +3.66150 eV
 
 ==============================================================================


    ------------------------------------------------------------------------
         total  cpu-time :   4.87 seconds
         total wall-time :   0.65 seconds
    ------------------------------------------------------------------------

   ****  dscf : all done  ****


    2024-02-24 19:10:21.564 

 dscf ended normally
