
  ========================================================================
                license information 
 Customer : 200000000019588
 ID       : LKO2306259

 License file is VALID, continuing with full version
  ========================================================================

   OpenMP run-time library returned nthreads =  8

 dscf (u-0-12.local) : TURBOMOLE rev. V7-7-1 compiled 2 Jan 2023 at 20:18:50
 Copyright (C) 2023 TURBOMOLE GmbH, Karlsruhe


    2024-05-02 23:00:33.825 



                             d s c f - program

                   idea & directorship : reinhart ahlrichs
                   program development : marco haeser
                                         michael baer
                           dft version : oliver treutler


                          quantum chemistry group
                          universitaet  karlsruhe
                                  germany



   *-----------------------------------------------------------------------*
   |                     program will use  8 thread(s)                     |
   *-----------------------------------------------------------------------*


              +--------------------------------------------------+
              | Atomic coordinate, charge and isotop information |
              +--------------------------------------------------+

                    atomic coordinates            atom    charge  isotop
          0.16285471    0.59764100    0.00301033    o      8.000     0
          1.87374093   -0.09290461   -0.00972264    h      1.000     0
         -0.06167877    1.63938655    1.50976456    h      1.000     0
         -0.08518885    1.63532930   -1.50305037    h      1.000     0
 
       center of nuclear mass  :    0.22846782    0.67123270    0.00237241
       center of nuclear charge:    0.27542827    0.72390357    0.00191584

              +--------------------------------------------------+
              |               basis set information              |
              +--------------------------------------------------+

              we will work with the 1s 3p 5d 7f 9g ... basis set
              ...i.e. with spherical basis functions...

   type   atoms  prim   cont   basis
   ---------------------------------------------------------------------------
    o        1     34     19   def-TZVP   [5s3p1d|11s6p1d]
    h        3      8      6   def-TZVP   [3s1p|5s1p]
   ---------------------------------------------------------------------------
   total:    4     58     37
   ---------------------------------------------------------------------------

   total number of primitive shells          :   24
   total number of contracted shells         :   21
   total number of cartesian basis functions :   38
   total number of SCF-basis functions       :   37


 integral neglect threshold       :  0.88E-10
 integral storage threshold THIZE :  0.10E-04
 integral storage threshold THIME :         5


 symmetry group of the molecule :   c1 

 the group has the following generators :
   c1(z)

    1 symmetry operations found

 there are 1 real representations :   a   

 maximum number of shells which are related by symmetry :  1

  
           ------------------
           density functional
           ------------------
 B-P86 functional
 exchange:    LDA + Becke (B88)
 correlation: LDA (VWN) + Perdew (P86)
 iterations will be done with small grid
  
 spherical integration : Lebedev's spherical grid
 spherical gridsize    :                     4
    i.e. gridpoints    :                   434
  maximum batchsize    :                   100
 value for diffuse not defined
 radial integration    : Chebyshev 2nd kind (scaling 3)
 radial gridsize       :                     6
 integration cells     :                     4
 partition function    : becke
 partition sharpness   :                     3
  

          ------------------------
          nuclear repulsion energy  :   14.0017689491    
          ------------------------


         -----------------
         -S,T+V- integrals
         -----------------

 1e-integrals will be neglected if expon. factor < 0.879464E-11
 
 Difference densities algorithm switched on.
 The maximal number of linear combinations of
 difference densities is  20.

 DIIS switched on: error vector is FDS-SDF
 Max. Iterations for DIIS is     :   4
 DIIS matrix (see manual) 
    Scaling factor of diagonals  :  1.200
    threshold for scaling factor :  0.000

 scf convergence criterion : increment of total energy < .1000000D-06
                  and increment of one-electron energy < .1000000D-03

 MOs are in ASCII format !


    mo occupation :
   irrep   mo's   occupied
    a       37        5
 
 number of basis functions   :    37
 number of occupied orbitals :     5
 

 reading orbital data $scfmo  from file mos
 orbital characterization : scfconv=7
 mo-orthogonalization by Cholesky decomposition

 automatic virtual orbital shift switched on 
      shift if e(lumo)-e(homo) < 0.10000000    


 DSCF restart information will be dumped onto file mos

          Overall gridpoints after grid construction =          9136
 
                                              current damping :  0.300
 ITERATION  ENERGY          1e-ENERGY        2e-ENERGY     NORM[dD(SAO)]  TOL
   1  -76.738840061332    -128.62614470     37.885535691    0.000D+00 0.877D-10
                            Exc =    -9.430589602306     N = 9.9999835194    
          max. resid. norm for Fia-block=  1.643D-02 for orbital      5a         
          max. resid. fock norm         =  3.231D-02 for orbital     11a         
          Delta Eig. =     6.1127861701 eV 
 
                                              current damping :  0.250
 ITERATION  ENERGY          1e-ENERGY        2e-ENERGY     NORM[dD(SAO)]  TOL
   2  -76.739539598925    -128.58558151     37.844272966    0.630D-01 0.556D-10
                            Exc =    -9.427890090613     N = 9.9999817762    
          Norm of current diis error: 0.20796E-01
          max. resid. norm for Fia-block=  3.845D-03 for orbital      5a         
          max. resid. fock norm         =  7.338D-03 for orbital     14a         
          Delta Eig. =     1.5894794097 eV 
 
                                              current damping :  0.200
 ITERATION  ENERGY          1e-ENERGY        2e-ENERGY     NORM[dD(SAO)]  TOL
   3  -76.739562964765    -128.64472908     37.903397163    0.819D-02 0.464D-10
                            Exc =    -9.436017771639     N = 9.9999817864    
          Norm of current diis error: 0.17597E-01
          max. resid. norm for Fia-block=  1.140D-03 for orbital      5a         
          max. resid. fock norm         =  1.385D-03 for orbital      6a         
          Delta Eig. =     0.2833010826 eV 
 
                                              current damping :  0.250
 ITERATION  ENERGY          1e-ENERGY        2e-ENERGY     NORM[dD(SAO)]  TOL
   4  -76.739577693267    -128.61950632     37.878159674    0.237D-02 0.437D-10
                            Exc =    -9.432631099710     N = 9.9999816927    
          Norm of current diis error: 0.16910E-02
          max. resid. norm for Fia-block=  2.744D-04 for orbital      5a         
          max. resid. fock norm         =  3.368D-04 for orbital      5a         
          Delta Eig. =     0.0454709741 eV 
 
                                              current damping :  0.100
 ITERATION  ENERGY          1e-ENERGY        2e-ENERGY     NORM[dD(SAO)]  TOL
   5  -76.739577864164    -128.61795942     37.876612609    0.316D-03 0.410D-10
                            Exc =    -9.432399702873     N = 9.9999816769    
          Norm of current diis error: 0.17753E-03
          max. resid. norm for Fia-block=  3.543D-05 for orbital      5a         
          max. resid. fock norm         =  6.084D-05 for orbital     11a         
 mo-orthogonalization: Cholesky decomposition
          Delta Eig. =     0.0104330870 eV 

 ENERGY CONVERGED !

 Evaluating v_xc on big grid 
          Overall gridpoints after grid construction =         36140
 
                                              current damping :  0.100
 ITERATION  ENERGY          1e-ENERGY        2e-ENERGY     NORM[dD(SAO)]  TOL
   6  -76.739579164586    -128.61777133     37.876423215    0.180D-04 0.387D-10
                            Exc =    -9.432374347883     N = 9.9999998493    
          max. resid. norm for Fia-block=  3.641D-06 for orbital      5a         
          max. resid. fock norm         =  6.876D-06 for orbital     11a         

 convergence criteria satisfied after     6 iterations


                  ------------------------------------------ 
                 |  total energy      =    -76.73957916459  |
                  ------------------------------------------ 
                 :  kinetic energy    =     76.50763847377  :
                 :  potential energy  =   -153.24721763835  :
                 :  virial theorem    =      1.99697756108  :
                 :  wavefunction norm =      1.00000000000  :
                  .......................................... 


 orbitals $scfmo  will be written to file mos

    irrep                  1a          2a          3a          4a          5a   
 eigenvalues H        -19.20614    -1.37579    -0.88804    -0.88766    -0.69800
            eV        -522.6298    -37.4374    -24.1650    -24.1547    -18.9937
 occupation              2.0000      2.0000      2.0000      2.0000      2.0000

    irrep                  6a          7a          8a          9a         10a   
 eigenvalues H         -0.29479    -0.20421    -0.20418     0.01755     0.01786
            eV          -8.0218     -5.5569     -5.5559      0.4777      0.4859
 
 
 
 
 ==============================================================================
                           electrostatic moments
 ==============================================================================

 reference point for electrostatic moments:    0.00000   0.00000   0.00000

 
              nuc           elec       ->  total
 ------------------------------------------------------------------------------
                          charge      
 ------------------------------------------------------------------------------
          11.000000     -10.000000       1.000000
 
 ------------------------------------------------------------------------------
                       dipole moment  
 ------------------------------------------------------------------------------
   x       3.029711      -2.280636       0.749075
   y       7.962939      -6.707133       1.255806
   z       0.021074      -0.023737      -0.002662
 
   | dipole moment | =     1.4622 a.u. =     3.7167 debye 
 
 ------------------------------------------------------------------------------
                     quadrupole moment
 ------------------------------------------------------------------------------
  xx       3.734140      -6.507468      -2.773329
  yy       8.227920     -10.343703      -2.115783
  zz       4.538716      -6.519396      -1.980680
  xy       0.364123      -0.936190      -0.572067
  xz       0.020627      -0.010192       0.010435
  yz       0.032401      -0.021445       0.010956
 
     1/3  trace=      -2.289930
     anisotropy=       1.233663
 
 ==============================================================================
 
HOMO-LUMO Separation
 HOMO         :   -0.69799898 H =    -18.99353 eV
 LUMO         :   -0.29479231 H =     -8.02171 eV
 HOMO-LUMO gap:    0.40320667 H =    +10.97182 eV
 
 ==============================================================================


    ------------------------------------------------------------------------
         total  cpu-time :   1.20 seconds
         total wall-time :   0.18 seconds
    ------------------------------------------------------------------------

   ****  dscf : all done  ****


    2024-05-02 23:00:33.985 

 dscf ended normally
