
  ========================================================================
                license information 
 Customer : 200000000019588
 ID       : LKO2306259

 License file is VALID, continuing with full version
  ========================================================================

   OpenMP run-time library returned nthreads =  8

 dscf (u-0-12.local) : TURBOMOLE rev. V7-7-1 compiled 2 Jan 2023 at 20:18:50
 Copyright (C) 2023 TURBOMOLE GmbH, Karlsruhe


    2024-05-02 23:37:13.607 



                             d s c f - program

                   idea & directorship : reinhart ahlrichs
                   program development : marco haeser
                                         michael baer
                           dft version : oliver treutler


                          quantum chemistry group
                          universitaet  karlsruhe
                                  germany



   *-----------------------------------------------------------------------*
   |                     program will use  8 thread(s)                     |
   *-----------------------------------------------------------------------*


              +--------------------------------------------------+
              | Atomic coordinate, charge and isotop information |
              +--------------------------------------------------+

                    atomic coordinates            atom    charge  isotop
          0.00000000    0.13287987    0.06644088    o      8.000     0
          0.00000000    1.75684625    0.87842218    h      1.000     0
 
       center of nuclear mass  :    0.00000000    0.22912693    0.11456430
       center of nuclear charge:    0.00000000    0.31332058    0.15666103

              +--------------------------------------------------+
              |               basis set information              |
              +--------------------------------------------------+

              we will work with the 1s 3p 5d 7f 9g ... basis set
              ...i.e. with spherical basis functions...

   type   atoms  prim   cont   basis
   ---------------------------------------------------------------------------
    o        1     34     19   def-TZVP   [5s3p1d|11s6p1d]
    h        1      8      6   def-TZVP   [3s1p|5s1p]
   ---------------------------------------------------------------------------
   total:    2     42     25
   ---------------------------------------------------------------------------

   total number of primitive shells          :   24
   total number of contracted shells         :   13
   total number of cartesian basis functions :   26
   total number of SCF-basis functions       :   25


 integral neglect threshold       :  0.13E-09
 integral storage threshold THIZE :  0.10E-04
 integral storage threshold THIME :         5


 symmetry group of the molecule :   c1 

 the group has the following generators :
   c1(z)

    1 symmetry operations found

 there are 1 real representations :   a   

 maximum number of shells which are related by symmetry :  1

 ==============================================================================
                      COSMO switched on
 ==============================================================================
 COSMO stati: segments per atom: H   32 other atoms   92
 COSMO statistics: nps    113 npspher:     92
 COSMO surface:
   number of segments:  113
   area (bohr**2):      142.869106
   volume (bohr**3):    157.554090
 COSMO: check number of disjunct cavities:

       ... OK contiguous cavity found
  
           ------------------
           density functional
           ------------------
 B-P86 functional
 exchange:    LDA + Becke (B88)
 correlation: LDA (VWN) + Perdew (P86)
 iterations will be done with small grid
  
 spherical integration : Lebedev's spherical grid
 spherical gridsize    :                     4
    i.e. gridpoints    :                   434
  maximum batchsize    :                   100
 value for diffuse not defined
 radial integration    : Chebyshev 2nd kind (scaling 3)
 radial gridsize       :                     6
 integration cells     :                     2
 partition function    : becke
 partition sharpness   :                     3
  

          ------------------------
          nuclear repulsion energy  :   4.40613854023    
          ------------------------


         -----------------
         -S,T+V- integrals
         -----------------

 1e-integrals will be neglected if expon. factor < 0.128537E-10
 
 Difference densities algorithm switched on.
 The maximal number of linear combinations of
 difference densities is  20.

 DIIS switched on: error vector is FDS-SDF
 Max. Iterations for DIIS is     :   4
 DIIS matrix (see manual) 
    Scaling factor of diagonals  :  1.200
    threshold for scaling factor :  0.000

 scf convergence criterion : increment of total energy < .1000000D-06
                  and increment of one-electron energy < .1000000D-03

 MOs are in ASCII format !


    mo occupation :
   irrep   mo's   occupied
    a       25        5
 
 number of basis functions   :    25
 number of occupied orbitals :     5
 

 reading orbital data $scfmo  from file mos
 orbital characterization : expanded
 virtual MOs provided and orthogonalized by Cholesky decomposition

 automatic virtual orbital shift switched on 
      shift if e(lumo)-e(homo) < 0.10000000    


 DSCF restart information will be dumped onto file mos

          Overall gridpoints after grid construction =          5547
 
                                              current damping :  0.300
 ITERATION  ENERGY          1e-ENERGY        2e-ENERGY     NORM[dD(SAO)]  TOL
   1  -75.590847738079    -120.53313429     40.536148009    0.000D+00 0.128D-09
                            Exc =    -9.729181992056     N = 10.000018834    
                          Ediel =    -0.182500562082
          max. resid. norm for Fia-block=  3.895D-01 for orbital      3a         
          max. resid. fock norm         =  1.534D+01 for orbital     11a         
          Delta Eig. =   867.6754113456 eV 
 
                                              current damping :  0.250
 ITERATION  ENERGY          1e-ENERGY        2e-ENERGY     NORM[dD(SAO)]  TOL
   2  -75.899579752027    -115.43894829     35.133230002    0.786D+00 0.932D-10
                            Exc =    -8.979055613787     N = 10.000010770    
                          Ediel =    -0.155202858249
          Norm of current diis error: 0.93327    
          max. resid. norm for Fia-block=  1.319D-01 for orbital      2a         
          max. resid. fock norm         =  1.998D-01 for orbital     18a         
          Delta Eig. =   190.5118994759 eV 
 
                                              current damping :  0.200
 ITERATION  ENERGY          1e-ENERGY        2e-ENERGY     NORM[dD(SAO)]  TOL
   3  -75.967503806982    -117.04424254     36.670600190    0.258D+00 0.732D-10
                            Exc =    -9.207913673110     N = 10.000013762    
                          Ediel =    -0.155835772357
          Norm of current diis error: 0.11865    
          max. resid. norm for Fia-block=  2.032D-02 for orbital      1a         
          max. resid. fock norm         =  3.250D-02 for orbital     24a         
          Delta Eig. =    41.9968899678 eV 
 
                                              current damping :  0.250
 ITERATION  ENERGY          1e-ENERGY        2e-ENERGY     NORM[dD(SAO)]  TOL
   4  -75.968411919162    -116.92045814     36.545907676    0.432D-01 0.645D-10
                            Exc =    -9.189503075286     N = 10.000013447    
                          Ediel =    -0.156205113145
          Norm of current diis error: 0.60955E-01
          max. resid. norm for Fia-block=  5.926D-03 for orbital      2a         
          max. resid. fock norm         =  6.749D-03 for orbital     11a         
          Delta Eig. =     6.4404552842 eV 
 
                                              current damping :  0.300
 ITERATION  ENERGY          1e-ENERGY        2e-ENERGY     NORM[dD(SAO)]  TOL
   5  -75.968676289089    -117.03435231     36.659537480    0.660D-02 0.612D-10
                            Exc =    -9.205549700527     N = 10.000013652    
                          Ediel =    -0.156524496090
          Norm of current diis error: 0.34865E-02
          max. resid. norm for Fia-block=  6.320D-04 for orbital      2a         
          max. resid. fock norm         =  8.230D-04 for orbital     15a         
 mo-orthogonalization: Cholesky decomposition
          Delta Eig. =     1.2734540707 eV 
 
                                              current damping :  0.150
 ITERATION  ENERGY          1e-ENERGY        2e-ENERGY     NORM[dD(SAO)]  TOL
   6  -75.968677499026    -117.03594712     36.661131079    0.524D-03 0.578D-10
                            Exc =    -9.205830030829     N = 10.000013653    
                          Ediel =    -0.156527364641
          Norm of current diis error: 0.13444E-02
          max. resid. norm for Fia-block=  1.885D-04 for orbital      2a         
          max. resid. fock norm         =  2.637D-04 for orbital     15a         
          Delta Eig. =     0.3275570611 eV 
 
                                              current damping :  0.100
 ITERATION  ENERGY          1e-ENERGY        2e-ENERGY     NORM[dD(SAO)]  TOL
   7  -75.968677635083    -117.03860328     36.663787106    0.144D-03 0.555D-10
                            Exc =    -9.206207890095     N = 10.000013657    
                          Ediel =    -0.156541312858
          Norm of current diis error: 0.25907E-03
          max. resid. norm for Fia-block=  2.726D-05 for orbital      4a         
          max. resid. fock norm         =  2.822D-05 for orbital      8a         
          Delta Eig. =     0.0477392534 eV 
 
                                              current damping :  0.150
 ITERATION  ENERGY          1e-ENERGY        2e-ENERGY     NORM[dD(SAO)]  TOL
   8  -75.968677640724    -117.03768432     36.662868138    0.132D-04 0.539D-10
                            Exc =    -9.206080681544     N = 10.000013656    
                          Ediel =    -0.156538374977
          Norm of current diis error: 0.14675E-03
          max. resid. norm for Fia-block=  9.721D-06 for orbital      3a         
          max. resid. fock norm         =  1.076D-05 for orbital      3a         
          Delta Eig. =     0.0032574835 eV 

 ENERGY CONVERGED !

 Evaluating v_xc on big grid 
          Overall gridpoints after grid construction =         20328
 
                                              current damping :  0.200
 ITERATION  ENERGY          1e-ENERGY        2e-ENERGY     NORM[dD(SAO)]  TOL
   9  -75.968663227633    -117.03799249     36.663190718    0.926D-06 0.527D-10
                            Exc =    -9.206109312216     N = 9.9999999073    
                          Ediel =    -0.156539661606
          max. resid. norm for Fia-block=  4.815D-07 for orbital      3a         
          max. resid. fock norm         =  6.236D-07 for orbital      6a         

 convergence criteria satisfied after     9 iterations


                  ------------------------------------------ 
                 |  total energy      =    -75.96866322763  |
                  ------------------------------------------ 
                 :  kinetic energy    =     75.72295533391  :
                 :  potential energy  =   -151.69161856155  :
                 :  virial theorem    =      1.99676566780  :
                 :  wavefunction norm =      1.00000000000  :
                  .......................................... 


 <geterg> : there is no data group $energy 


 <skperg> : $end is missing 


 orbitals $scfmo  will be written to file mos

    irrep                  1a          2a          3a          4a          5a   
 eigenvalues H        -18.62799    -0.75122    -0.28642    -0.15283    -0.15280
            eV        -506.8974    -20.4418     -7.7939     -4.1586     -4.1579
 occupation              2.0000      2.0000      2.0000      2.0000      2.0000

    irrep                  6a          7a          8a          9a         10a   
 eigenvalues H          0.06133     0.39402     0.42350     0.42356     0.42598
            eV           1.6690     10.7219     11.5241     11.5257     11.5916
 
 ==============================================================================
                                  COSMO RESULTS
 ==============================================================================
  PARAMETER:
    nppa:      1082
    nspa:        92
    nsph:        32
    nps:        113
    npspher:     92
    disex:   10.0000    
    disex2:  3874.56    
    rsolv [A]: 1.3000
    routf:     0.8500
    phsran:    0.0    
    ampran:   0.10E-04
    cavity:  closed
    epsilon: infinity
    refind:     1.300
    fepsi:      1.0000000
  CAVITY VOLUME/AREA [a.u.]:
    surface: V1.0, A matrix: V1.0
    area:   142.87
    volume:   157.55
  SCREENING CHARGE:
    cosmo      :   0.975159
    correction :   0.023695
    total      :   0.998854
  ENERGIES [a.u.]:
    Total energy            =     -75.9686632276335
    Total energy + OC corr. =      -75.9764060630
    Dielectric energy       =       -0.1565396616
    Diel. energy + OC corr. =       -0.1642824969
  ELEMENT RADIUS [A]: ATOM LIST
    o  1.72: 1
    h  1.30: 2
 ==============================================================================
 
 
 
 ==============================================================================
                           electrostatic moments
 ==============================================================================

 reference point for electrostatic moments:    0.00000   0.00000   0.00000

 
              nuc           elec       ->  total
 ------------------------------------------------------------------------------
                          charge      
 ------------------------------------------------------------------------------
           9.000000     -10.000000      -1.000000
 
 ------------------------------------------------------------------------------
                       dipole moment  
 ------------------------------------------------------------------------------
   x       0.000000       0.000121       0.000121
   y       2.819885      -2.367895       0.451990
   z       1.409949      -1.183993       0.225956
 
   | dipole moment | =     0.5053 a.u. =     1.2844 debye 
 
 ------------------------------------------------------------------------------
                     quadrupole moment
 ------------------------------------------------------------------------------
  xx       0.000000      -6.749812      -6.749812
  yy       3.227765      -8.377159      -5.149394
  zz       0.806941      -7.156857      -6.349916
  xy       0.000000       0.000075       0.000075
  xz       0.000000       0.000134       0.000134
  yz       1.613882      -0.813656       0.800226
 
     1/3  trace=      -6.083041
     anisotropy=       2.000584
 
 ==============================================================================
 
HOMO-LUMO Separation
 HOMO         :   -0.15280031 H =     -4.15791 eV
 LUMO         :    0.06133339 H =     +1.66897 eV
 HOMO-LUMO gap:    0.21413370 H =     +5.82688 eV
 
 ==============================================================================


    ------------------------------------------------------------------------
         total  cpu-time :   2.16 seconds
         total wall-time :   0.38 seconds
    ------------------------------------------------------------------------

   ****  dscf : all done  ****


    2024-05-02 23:37:13.926 

 dscf ended normally
