
  ========================================================================
                license information 
 Customer : 200000000019588
 ID       : LKO2306259

 License file is VALID, continuing with full version
  ========================================================================

   OpenMP run-time library returned nthreads =  8

 dscf (u-0-12.local) : TURBOMOLE rev. V7-7-1 compiled 2 Jan 2023 at 20:18:50
 Copyright (C) 2023 TURBOMOLE GmbH, Karlsruhe


    2024-04-10 16:40:52.440 



                             d s c f - program

                   idea & directorship : reinhart ahlrichs
                   program development : marco haeser
                                         michael baer
                           dft version : oliver treutler


                          quantum chemistry group
                          universitaet  karlsruhe
                                  germany



   *-----------------------------------------------------------------------*
   |                     program will use  8 thread(s)                     |
   *-----------------------------------------------------------------------*


              +--------------------------------------------------+
              | Atomic coordinate, charge and isotop information |
              +--------------------------------------------------+

                    atomic coordinates            atom    charge  isotop
          1.24429206    0.17592972    3.78249471    o      8.000     0
          0.20277139    0.05176905   -0.06399369    ce    58.000     0
         -0.95267519    2.49619782   -4.02822713    o      8.000     0
          4.70277999   -1.36580334   -0.02114037    o      8.000     0
          5.06167489   -1.24517834   -2.37381160    n      7.000     0
          7.04745579   -1.77573407   -3.33267564    o      8.000     0
          3.18085126   -0.51988822   -3.65170865    o      8.000     0
          0.66929753   -4.60842597    0.68965744    o      8.000     0
          3.20209934    3.73138707   -0.29224992    o      8.000     0
          1.76785580    5.36175395    0.66028732    n      7.000     0
          2.41849606    7.49797406    1.05068395    o      8.000     0
         -0.44206363    4.58715899    1.18481860    o      8.000     0
         -2.04455517   -2.58979029   -3.31407129    o      8.000     0
         -4.26614932    1.35935937   -0.24856891    o      8.000     0
         -5.15866508   -0.38860517    1.10903680    n      7.000     0
         -7.37360740   -0.56145275    1.56012765    o      8.000     0
         -3.55363187   -1.93155710    1.95025405    o      8.000     0
          1.59894263    0.39053458    7.49486168    ce    58.000     0
          3.15391322   -1.52259580   11.72754962    o      8.000     0
         -1.09425347    4.06243685    6.48507519    o      8.000     0
         -1.32132674   -3.18535259    7.74289012    o      8.000     0
          0.22970755   -4.94121997    7.24757212    n      7.000     0
         -0.41906378   -7.11361699    7.12348892    o      8.000     0
          2.47177122   -4.24797394    6.89353949    o      8.000     0
          0.80212638    3.23780572   11.26653015    o      8.000     0
          6.12082292   -0.37080584    7.21843254    o      8.000     0
          6.82138975    1.87878083    6.77809423    n      7.000     0
          9.00159323    2.41868692    6.47957230    o      8.000     0
          5.07234050    3.48800735    6.67435016    o      8.000     0
         -1.06985711    4.57789177    4.71851574    h      1.000     0
          2.20819978   -5.11389180    1.52755066    h      1.000     0
         -1.00269435    5.58343583    7.48508802    h      1.000     0
         -0.69015633   -5.45467934    1.56358018    h      1.000     0
          1.77470039    2.72134735   12.72221264    h      1.000     0
         -2.19184987   -1.71398537   -4.90848613    h      1.000     0
         -0.92150227    3.39019134   11.84686693    h      1.000     0
         -1.27866240   -4.20592564   -3.67211958    h      1.000     0
          1.87250694   -2.40539270   12.68038355    h      1.000     0
          0.41912614    3.21733054   -4.98943066    h      1.000     0
          4.55714447   -2.67923858   11.59307104    h      1.000     0
         -2.23456146    3.78719068   -3.90871519    h      1.000     0
 
       center of nuclear mass  :    1.14507350    0.17526847    3.28581119
       center of nuclear charge:    1.14442375    0.17142236    3.26585161

              +--------------------------------------------------+
              |               basis set information              |
              +--------------------------------------------------+

              we will work with the 1s 3p 5d 7f 9g ... basis set
              ...i.e. with spherical basis functions...

   type   atoms  prim   cont   basis
   ---------------------------------------------------------------------------
    o       22     34     19   def-TZVP   [5s3p1d|11s6p1d]
    ce       2    168     96   def-TZVP   [10s8p5d4f1g|14s13p10d8f1g]
    n        5     34     19   def-TZVP   [5s3p1d|11s6p1d]
    h       12      8      6   def-TZVP   [3s1p|5s1p]
   ---------------------------------------------------------------------------
   total:   41   1350    777
   ---------------------------------------------------------------------------

   total number of primitive shells          :   88
   total number of contracted shells         :  347
   total number of cartesian basis functions :  850
   total number of SCF-basis functions       :  777

  number of unique ecp types :    1

 integral neglect threshold       :  0.39E-11
 integral storage threshold THIZE :  0.10E-04
 integral storage threshold THIME :         5


 symmetry group of the molecule :   c1 

 the group has the following generators :
   c1(z)

    1 symmetry operations found

 there are 1 real representations :   a   

 maximum number of shells which are related by symmetry :  1


   ----> a dscf RESTART run will be tried ! <----
     2e integrals will be read from 2e integral file(s)

 $restart flag 'dscf  twoint' will be switched off !

  
           ------------------
           density functional
           ------------------
 B-P86 functional
 exchange:    LDA + Becke (B88)
 correlation: LDA (VWN) + Perdew (P86)
 iterations will be done with small grid
  
 spherical integration : Lebedev's spherical grid
 spherical gridsize    :                     4
    i.e. gridpoints    :                   434
  maximum batchsize    :                   100
 value for diffuse not defined
 radial integration    : Chebyshev 2nd kind (scaling 3)
 radial gridsize       :                     6
 integration cells     :                    41
 partition function    : becke
 partition sharpness   :                     3
  

          ------------------------
          nuclear repulsion energy  :   5210.87024606    
          ------------------------


         -----------------
         -S,T+V- integrals
         -----------------

 1e-integrals will be neglected if expon. factor < 0.393172E-12


          ----------------
          -ecp-  integrals
          ----------------
 
 Difference densities algorithm switched on.
 The maximal number of linear combinations of
 difference densities is  20.

 DIIS switched on: error vector is FDS-SDF
 Max. Iterations for DIIS is     :   4
 DIIS matrix (see manual) 
    Scaling factor of diagonals  :  1.200
    threshold for scaling factor :  0.000

 scf convergence criterion : increment of total energy < .1000000D-06
                  and increment of one-electron energy < .1000000D-03

 MOs are in ASCII format !


    mo occupation :
   irrep   mo's   occupied
    a      777      141
 
 number of basis functions   :   777
 number of occupied orbitals :   141
 

 reading orbital data $scfmo  from file mos
 orbital characterization : scfconv=7

 restart only if MO data block has keyword scfdump and only if all MOs (occ. & virt.) are given!
 MOs are complete... continue, but flag $restart will be ignored...
 mo-orthogonalization by Cholesky decomposition

 automatic virtual orbital shift switched off 


 closed shell shift switched on 
 all occupied orbitals are shifted by    0.50000


 DSCF restart information will be dumped onto file mos

          Overall gridpoints after grid construction =        130494
 
                                              current damping :  1.500
 ITERATION  ENERGY          1e-ENERGY        2e-ENERGY     NORM[dD(SAO)]  TOL
   1  -2886.5502900365    -14632.366096     6534.9455599    0.000D+00 0.392D-11
                            Exc =  -287.769765945055     N = 282.00074129    
          max. resid. norm for Fia-block=  1.037D-01 for orbital     22a         
          max. resid. fock norm         =  5.671D-01 for orbital    775a         
          Delta Eig. =    21.7305520204 eV 
 
                                              current damping :  1.450
 ITERATION  ENERGY          1e-ENERGY        2e-ENERGY     NORM[dD(SAO)]  TOL
   2  -2886.7754035123    -14637.216381     6539.5707313    0.367D+00 0.248D-11
                            Exc =  -287.978966413796     N = 282.00086429    
          Norm of current diis error:  1.4669    
          max. resid. norm for Fia-block=  6.570D-02 for orbital     13a         
          max. resid. fock norm         =  3.430D-01 for orbital    775a         
          Delta Eig. =    13.5583920412 eV 
 
                                              current damping :  1.350
 ITERATION  ENERGY          1e-ENERGY        2e-ENERGY     NORM[dD(SAO)]  TOL
   3  -2886.9077368690    -14640.086547     6542.3085639    0.101D+00 0.180D-11
                            Exc =  -288.076442066851     N = 282.00096749    
          Norm of current diis error:  1.0491    
          max. resid. norm for Fia-block=  4.310D-02 for orbital    117a         
          max. resid. fock norm         =  2.043D-01 for orbital    775a         
          Delta Eig. =     8.1940165704 eV 
 
                                              current damping :  1.250
 ITERATION  ENERGY          1e-ENERGY        2e-ENERGY     NORM[dD(SAO)]  TOL
   4  -2886.9929128206    -14642.202501     6544.3393420    0.303D-01 0.142D-11
                            Exc =  -288.130891884661     N = 282.00105348    
          Norm of current diis error: 0.76166    
          max. resid. norm for Fia-block=  3.202D-02 for orbital    141a         
          max. resid. fock norm         =  1.179D-01 for orbital    775a         
          Delta Eig. =     4.8771946925 eV 
 
                                              current damping :  1.150
 ITERATION  ENERGY          1e-ENERGY        2e-ENERGY     NORM[dD(SAO)]  TOL
   5  -2887.0485139000    -14644.055079     6546.1363191    0.908D-02 0.118D-11
                            Exc =  -288.182329418177     N = 282.00111920    
          Norm of current diis error: 0.55822    
          max. resid. norm for Fia-block=  2.565D-02 for orbital    141a         
          max. resid. fock norm         =  6.595D-02 for orbital    775a         
 mo-orthogonalization: Cholesky decomposition
          Delta Eig. =     3.1752522397 eV 
 
                                              current damping :  1.050
 ITERATION  ENERGY          1e-ENERGY        2e-ENERGY     NORM[dD(SAO)]  TOL
   6  -2887.0837467781    -14645.575352     6547.6213594    0.588D-02 0.103D-11
                            Exc =  -288.231378468516     N = 282.00116595    
          Norm of current diis error: 0.41300    
          max. resid. norm for Fia-block=  2.056D-02 for orbital    141a         
          max. resid. fock norm         =  3.554D-02 for orbital    775a         
          Delta Eig. =     2.1294473224 eV 
 
                                              current damping :  0.950
 ITERATION  ENERGY          1e-ENERGY        2e-ENERGY     NORM[dD(SAO)]  TOL
   7  -2887.1055351310    -14646.651587     6548.6758057    0.357D-02 0.933D-12
                            Exc =  -288.267261952286     N = 282.00119855    
          Norm of current diis error: 0.31190    
          max. resid. norm for Fia-block=  1.671D-02 for orbital    141a         
          max. resid. fock norm         =  1.961D-02 for orbital    155a         
          Delta Eig. =     1.4010919545 eV 
 
                                              current damping :  0.850
 ITERATION  ENERGY          1e-ENERGY        2e-ENERGY     NORM[dD(SAO)]  TOL
   8  -2887.1192135550    -14647.496052     6549.5065928    0.254D-02 0.861D-12
                            Exc =  -288.294480014561     N = 282.00122128    
          Norm of current diis error: 0.23630    
          max. resid. norm for Fia-block=  1.372D-02 for orbital    141a         
          max. resid. fock norm         =  1.600D-02 for orbital    155a         
          Delta Eig. =     0.9149011860 eV 
 
                                              current damping :  0.750
 ITERATION  ENERGY          1e-ENERGY        2e-ENERGY     NORM[dD(SAO)]  TOL
   9  -2887.1276748317    -14648.133167     6550.1352465    0.243D-02 0.807D-12
                            Exc =  -288.318215344876     N = 282.00123534    
          Norm of current diis error: 0.18232    
          max. resid. norm for Fia-block=  1.134D-02 for orbital    141a         
          max. resid. fock norm         =  1.297D-02 for orbital    155a         
          Delta Eig. =     0.6078196293 eV 
 
                                              current damping :  0.650
 ITERATION  ENERGY          1e-ENERGY        2e-ENERGY     NORM[dD(SAO)]  TOL
  10  -2887.1330473039    -14648.672344     6550.6690505    0.179D-02 0.765D-12
                            Exc =  -288.338542277857     N = 282.00124413    
          Norm of current diis error: 0.13917    
          max. resid. norm for Fia-block=  9.421D-03 for orbital    141a         
          max. resid. fock norm         =  1.039D-02 for orbital    155a         
 mo-orthogonalization: Cholesky decomposition
          Delta Eig. =     0.4286442842 eV 
 
                                              current damping :  0.500
 ITERATION  ENERGY          1e-ENERGY        2e-ENERGY     NORM[dD(SAO)]  TOL
  11  -2887.1363388036    -14649.046667     6551.0400821    0.131D-02 0.732D-12
                            Exc =  -288.354779140668     N = 282.00124820    
          Norm of current diis error: 0.11091    
          max. resid. norm for Fia-block=  7.800D-03 for orbital    141a         
          max. resid. fock norm         =  8.785D-03 for orbital    148a         
          Delta Eig. =     0.2990166944 eV 
 
                                              current damping :  0.350
 ITERATION  ENERGY          1e-ENERGY        2e-ENERGY     NORM[dD(SAO)]  TOL
  12  -2887.1386243990    -14649.461677     6551.4528063    0.120D-02 0.705D-12
                            Exc =  -288.370814640890     N = 282.00125118    
          Norm of current diis error: 0.80652E-01
          max. resid. norm for Fia-block=  6.782D-03 for orbital    141a         
          max. resid. fock norm         =  7.102D-03 for orbital    148a         
          Delta Eig. =     0.3683545227 eV 
 
                                              current damping :  0.200
 ITERATION  ENERGY          1e-ENERGY        2e-ENERGY     NORM[dD(SAO)]  TOL
  13  -2887.1399350945    -14649.697367     6551.6871861    0.129D-02 0.682D-12
                            Exc =  -288.383420293081     N = 282.00124964    
          Norm of current diis error: 0.73815E-01
          max. resid. norm for Fia-block=  5.808D-03 for orbital    138a         
          max. resid. fock norm         =  7.789D-03 for orbital    776a         
          Delta Eig. =     0.2614140235 eV 
 
                                              current damping :  0.100
 ITERATION  ENERGY          1e-ENERGY        2e-ENERGY     NORM[dD(SAO)]  TOL
  14  -2887.1410050810    -14650.129644     6552.1183932    0.146D-02 0.661D-12
                            Exc =  -288.400245278741     N = 282.00125070    
          Norm of current diis error: 0.46916E-01
          max. resid. norm for Fia-block=  4.195D-03 for orbital    141a         
          max. resid. fock norm         =  5.424D-03 for orbital    776a         
          Delta Eig. =     0.3712233165 eV 
 
                                              current damping :  0.100
 ITERATION  ENERGY          1e-ENERGY        2e-ENERGY     NORM[dD(SAO)]  TOL
  15  -2887.1415651944    -14650.186543     6552.1747319    0.179D-02 0.646D-12
                            Exc =  -288.406115771300     N = 282.00124768    
          Norm of current diis error: 0.35583E-01
          max. resid. norm for Fia-block=  3.075D-03 for orbital    141a         
          max. resid. fock norm         =  3.237D-03 for orbital    148a         
 mo-orthogonalization: Cholesky decomposition
          Delta Eig. =     0.1202813056 eV 
 
                                              current damping :  0.100
 ITERATION  ENERGY          1e-ENERGY        2e-ENERGY     NORM[dD(SAO)]  TOL
  16  -2887.1418806361    -14650.202698     6552.1905717    0.256D-02 0.633D-12
                            Exc =  -288.408793968476     N = 282.00124632    
          Norm of current diis error: 0.30223E-01
          max. resid. norm for Fia-block=  3.246D-03 for orbital    141a         
          max. resid. fock norm         =  3.264D-03 for orbital    141a         
          Delta Eig. =     0.0677865941 eV 
 
                                              current damping :  0.100
 ITERATION  ENERGY          1e-ENERGY        2e-ENERGY     NORM[dD(SAO)]  TOL
  17  -2887.1421145051    -14650.484291     6552.4719304    0.188D-02 0.623D-12
                            Exc =  -288.416853636603     N = 282.00124524    
          Norm of current diis error: 0.21836E-01
          max. resid. norm for Fia-block=  2.346D-03 for orbital    138a         
          max. resid. fock norm         =  3.414D-03 for orbital    777a         
          Delta Eig. =     0.1652085879 eV 
 
                                              current damping :  0.100
 ITERATION  ENERGY          1e-ENERGY        2e-ENERGY     NORM[dD(SAO)]  TOL
  18  -2887.1422490422    -14650.488024     6552.4755293    0.971D-03 0.615D-12
                            Exc =  -288.422001924614     N = 282.00124426    
          Norm of current diis error: 0.19798E-01
          max. resid. norm for Fia-block=  2.002D-03 for orbital    141a         
          max. resid. fock norm         =  3.195D-03 for orbital    776a         
          Delta Eig. =     0.1013415440 eV 
 
                                              current damping :  0.100
 ITERATION  ENERGY          1e-ENERGY        2e-ENERGY     NORM[dD(SAO)]  TOL
  19  -2887.1423493261    -14650.538745     6552.5261491    0.808D-03 0.609D-12
                            Exc =  -288.423815432928     N = 282.00124305    
          Norm of current diis error: 0.13243E-01
          max. resid. norm for Fia-block=  1.342D-03 for orbital    141a         
          max. resid. fock norm         =  1.379D-03 for orbital    148a         
          Delta Eig. =     0.0710239420 eV 
 
                                              current damping :  0.150
 ITERATION  ENERGY          1e-ENERGY        2e-ENERGY     NORM[dD(SAO)]  TOL
  20  -2887.1424044248    -14650.491212     6552.4785613    0.778D-03 0.604D-12
                            Exc =  -288.421032751866     N = 282.00124234    
          Norm of current diis error: 0.13483E-01
          max. resid. norm for Fia-block=  1.633D-03 for orbital    141a         
          max. resid. fock norm         =  1.639D-03 for orbital    141a         
 mo-orthogonalization: Cholesky decomposition
          Delta Eig. =     0.0583415840 eV 
 
                                              current damping :  0.200
 ITERATION  ENERGY          1e-ENERGY        2e-ENERGY     NORM[dD(SAO)]  TOL
  21  -2887.1424517869    -14650.636683     6552.6239850    0.465D-03 0.600D-12
                            Exc =  -288.425960834942     N = 282.00124234    
          Norm of current diis error: 0.11471E-01
          max. resid. norm for Fia-block=  1.043D-03 for orbital    138a         
          max. resid. fock norm         =  1.186D-03 for orbital    148a         
          Delta Eig. =     0.0615151638 eV 
 
                                              current damping :  0.250
 ITERATION  ENERGY          1e-ENERGY        2e-ENERGY     NORM[dD(SAO)]  TOL
  22  -2887.1424827416    -14650.615827     6552.6030978    0.465D-03 0.392D-11
                            Exc =  -288.427532789293     N = 282.00124168    
          Norm of current diis error: 0.92454E-02
          max. resid. norm for Fia-block=  1.010D-03 for orbital    141a         
          max. resid. fock norm         =  1.345D-03 for orbital    776a         
          Delta Eig. =     0.0413655476 eV 
 
                                              current damping :  0.300
 ITERATION  ENERGY          1e-ENERGY        2e-ENERGY     NORM[dD(SAO)]  TOL
  23  -2887.1425044784    -14650.618896     6552.6061457    0.432D-02 0.249D-11
                            Exc =  -288.427212138880     N = 282.00124111    
          Norm of current diis error: 0.75591E-02
          max. resid. norm for Fia-block=  7.740D-04 for orbital    141a         
          max. resid. fock norm         =  1.182D-03 for orbital    776a         
          Delta Eig. =     0.0296916480 eV 
 
                                              current damping :  0.350
 ITERATION  ENERGY          1e-ENERGY        2e-ENERGY     NORM[dD(SAO)]  TOL
  24  -2887.1425196238    -14650.612822     6552.6000564    0.290D-02 0.191D-11
                            Exc =  -288.426778517682     N = 282.00124102    
          Norm of current diis error: 0.67475E-02
          max. resid. norm for Fia-block=  8.334D-04 for orbital    141a         
          max. resid. fock norm         =  8.364D-04 for orbital    141a         
          Delta Eig. =     0.0231810763 eV 
 
                                              current damping :  0.400
 ITERATION  ENERGY          1e-ENERGY        2e-ENERGY     NORM[dD(SAO)]  TOL
  25  -2887.1425315739    -14650.637979     6552.6252014    0.150D-02 0.161D-11
                            Exc =  -288.427788800978     N = 282.00124087    
          Norm of current diis error: 0.57051E-02
          max. resid. norm for Fia-block=  5.673D-04 for orbital    141a         
          max. resid. fock norm         =  5.785D-04 for orbital    141a         
 mo-orthogonalization: Cholesky decomposition
          Delta Eig. =     0.0262459294 eV 
 
                                              current damping :  0.450
 ITERATION  ENERGY          1e-ENERGY        2e-ENERGY     NORM[dD(SAO)]  TOL
  26  -2887.1425395750    -14650.606088     6552.5933019    0.118D-02 0.142D-11
                            Exc =  -288.427603722629     N = 282.00124045    
          Norm of current diis error: 0.55251E-02
          max. resid. norm for Fia-block=  7.063D-04 for orbital    141a         
          max. resid. fock norm         =  7.147D-04 for orbital    141a         
          Delta Eig. =     0.0188274693 eV 
 
                                              current damping :  0.500
 ITERATION  ENERGY          1e-ENERGY        2e-ENERGY     NORM[dD(SAO)]  TOL
  27  -2887.1425467539    -14650.636853     6552.6240603    0.469D-03 0.132D-11
                            Exc =  -288.428077757939     N = 282.00124040    
          Norm of current diis error: 0.43761E-02
          max. resid. norm for Fia-block=  5.449D-04 for orbital    141a         
          max. resid. fock norm         =  6.098D-04 for orbital    776a         
          Delta Eig. =     0.0133783039 eV 
 
                                              current damping :  0.350
 ITERATION  ENERGY          1e-ENERGY        2e-ENERGY     NORM[dD(SAO)]  TOL
  28  -2887.1425517886    -14650.638337     6552.6255391    0.179D-03 0.124D-11
                            Exc =  -288.428204587546     N = 282.00124040    
          Norm of current diis error: 0.42781E-02
          max. resid. norm for Fia-block=  5.283D-04 for orbital    141a         
          max. resid. fock norm         =  5.410D-04 for orbital    776a         
          Delta Eig. =     0.0144970336 eV 
 
                                              current damping :  0.200
 ITERATION  ENERGY          1e-ENERGY        2e-ENERGY     NORM[dD(SAO)]  TOL
  29  -2887.1425565537    -14650.642653     6552.6298499    0.185D-03 0.117D-11
                            Exc =  -288.428354634762     N = 282.00124023    
          Norm of current diis error: 0.35488E-02
          max. resid. norm for Fia-block=  4.250D-04 for orbital    141a         
          max. resid. fock norm         =  4.277D-04 for orbital    141a         
          Delta Eig. =     0.0147927470 eV 
 
                                              current damping :  0.250
 ITERATION  ENERGY          1e-ENERGY        2e-ENERGY     NORM[dD(SAO)]  TOL
  30  -2887.1425604893    -14650.633131     6552.6203245    0.126D-03 0.111D-11
                            Exc =  -288.428357442835     N = 282.00124004    
          Norm of current diis error: 0.32675E-02
          max. resid. norm for Fia-block=  4.702D-04 for orbital    141a         
          max. resid. fock norm         =  4.715D-04 for orbital    141a         
 mo-orthogonalization: Cholesky decomposition
          Delta Eig. =     0.0134247176 eV 
 
                                              current damping :  0.300
 ITERATION  ENERGY          1e-ENERGY        2e-ENERGY     NORM[dD(SAO)]  TOL
  31  -2887.1425636554    -14650.652897     6552.6400874    0.114D-03 0.106D-11
                            Exc =  -288.428733213488     N = 282.00124007    
          Norm of current diis error: 0.28987E-02
          max. resid. norm for Fia-block=  3.534D-04 for orbital    141a         
          max. resid. fock norm         =  3.597D-04 for orbital    141a         
          Delta Eig. =     0.0136131060 eV 
 
                                              current damping :  0.350
 ITERATION  ENERGY          1e-ENERGY        2e-ENERGY     NORM[dD(SAO)]  TOL
  32  -2887.1425659487    -14650.641707     6552.6288953    0.615D-04 0.102D-11
                            Exc =  -288.428602575753     N = 282.00123996    
          Norm of current diis error: 0.25686E-02
          max. resid. norm for Fia-block=  3.603D-04 for orbital    141a         
          max. resid. fock norm         =  3.661D-04 for orbital    141a         
          Delta Eig. =     0.0067294458 eV 
 
                                              current damping :  0.400
 ITERATION  ENERGY          1e-ENERGY        2e-ENERGY     NORM[dD(SAO)]  TOL
  33  -2887.1425677421    -14650.649206     6552.6363923    0.436D-04 0.985D-12
                            Exc =  -288.428755805077     N = 282.00123986    
          Norm of current diis error: 0.22788E-02
          max. resid. norm for Fia-block=  3.193D-04 for orbital    141a         
          max. resid. fock norm         =  3.359D-04 for orbital    776a         
          Delta Eig. =     0.0067062714 eV 
 
                                              current damping :  0.250
 ITERATION  ENERGY          1e-ENERGY        2e-ENERGY     NORM[dD(SAO)]  TOL
  34  -2887.1425691460    -14650.651640     6552.6388247    0.261D-04 0.956D-12
                            Exc =  -288.428911564105     N = 282.00123986    
          Norm of current diis error: 0.20888E-02
          max. resid. norm for Fia-block=  3.004D-04 for orbital    141a         
          max. resid. fock norm         =  3.012D-04 for orbital    141a         
          Delta Eig. =     0.0056797762 eV 
 
                                              current damping :  0.100
 ITERATION  ENERGY          1e-ENERGY        2e-ENERGY     NORM[dD(SAO)]  TOL
  35  -2887.1425704301    -14650.653397     6552.6405803    0.462D-02 0.112D-11
                            Exc =  -288.428945374224     N = 282.00123982    
          Norm of current diis error: 0.18082E-02
          max. resid. norm for Fia-block=  2.530D-04 for orbital    141a         
          max. resid. fock norm         =  2.542D-04 for orbital    141a         
 mo-orthogonalization: Cholesky decomposition
          Delta Eig. =     0.0088820812 eV 
 
                                              current damping :  0.150
 ITERATION  ENERGY          1e-ENERGY        2e-ENERGY     NORM[dD(SAO)]  TOL
  36  -2887.1425715148    -14650.646671     6552.6338537    0.232D-04 0.113D-11
                            Exc =  -288.428886802961     N = 282.00123971    
          Norm of current diis error: 0.17599E-02
          max. resid. norm for Fia-block=  2.662D-04 for orbital    141a         
          max. resid. fock norm         =  2.670D-04 for orbital    141a         
          Delta Eig. =     0.0092104731 eV 
 
                                              current damping :  0.200
 ITERATION  ENERGY          1e-ENERGY        2e-ENERGY     NORM[dD(SAO)]  TOL
  37  -2887.1425724097    -14650.658567     6552.6457485    0.118D-04 0.109D-11
                            Exc =  -288.429119890191     N = 282.00123972    
          Norm of current diis error: 0.14736E-02
          max. resid. norm for Fia-block=  2.204D-04 for orbital    141a         
          max. resid. fock norm         =  2.262D-04 for orbital    141a         
          Delta Eig. =     0.0070377873 eV 
 
                                              current damping :  0.250
 ITERATION  ENERGY          1e-ENERGY        2e-ENERGY     NORM[dD(SAO)]  TOL
  38  -2887.1425730535    -14650.654046     6552.6412270    0.230D-04 0.107D-11
                            Exc =  -288.429084395279     N = 282.00123971    
          Norm of current diis error: 0.13508E-02
          max. resid. norm for Fia-block=  2.033D-04 for orbital    141a         
          max. resid. fock norm         =  2.057D-04 for orbital    141a         
          Delta Eig. =     0.0045834222 eV 
 
                                              current damping :  0.300
 ITERATION  ENERGY          1e-ENERGY        2e-ENERGY     NORM[dD(SAO)]  TOL
  39  -2887.1425735634    -14650.655737     6552.6429172    0.131D-04 0.104D-11
                            Exc =  -288.429113506672     N = 282.00123965    
          Norm of current diis error: 0.11894E-02
          max. resid. norm for Fia-block=  1.892D-04 for orbital    141a         
          max. resid. fock norm         =  1.895D-04 for orbital    141a         
          Delta Eig. =     0.0040668374 eV 
 
                                              current damping :  0.150
 ITERATION  ENERGY          1e-ENERGY        2e-ENERGY     NORM[dD(SAO)]  TOL
  40  -2887.1425739692    -14650.657284     6552.6444637    0.602D-04 0.112D-11
                            Exc =  -288.429182995044     N = 282.00123963    
          Norm of current diis error: 0.10133E-02
          max. resid. norm for Fia-block=  1.783D-04 for orbital    141a         
          max. resid. fock norm         =  1.798D-04 for orbital    141a         
 mo-orthogonalization: Cholesky decomposition
          Delta Eig. =     0.0023154917 eV 
 
                                              current damping :  0.100
 ITERATION  ENERGY          1e-ENERGY        2e-ENERGY     NORM[dD(SAO)]  TOL
  41  -2887.1425743299    -14650.658594     6552.6457736    0.179D-04 0.112D-11
                            Exc =  -288.429209203828     N = 282.00123964    
          Norm of current diis error: 0.96442E-03
          max. resid. norm for Fia-block=  1.559D-04 for orbital    141a         
          max. resid. fock norm         =  1.563D-04 for orbital    141a         
          Delta Eig. =     0.0047892354 eV 
 
                                              current damping :  0.150
 ITERATION  ENERGY          1e-ENERGY        2e-ENERGY     NORM[dD(SAO)]  TOL
  42  -2887.1425746339    -14650.655255     6552.6424341    0.617D-04 0.112D-11
                            Exc =  -288.429186435027     N = 282.00123960    
          Norm of current diis error: 0.88921E-03
          max. resid. norm for Fia-block=  1.507D-04 for orbital    141a         
          max. resid. fock norm         =  1.519D-04 for orbital    141a         
          Delta Eig. =     0.0041969273 eV 
 
                                              current damping :  0.200
 ITERATION  ENERGY          1e-ENERGY        2e-ENERGY     NORM[dD(SAO)]  TOL
  43  -2887.1425748787    -14650.659819     6552.6469982    0.617D-04 0.392D-11
                            Exc =  -288.429261844929     N = 282.00123958    
          Norm of current diis error: 0.75668E-03
          max. resid. norm for Fia-block=  1.367D-04 for orbital    141a         
          max. resid. fock norm         =  1.390D-04 for orbital    141a         
          Delta Eig. =     0.0026864014 eV 
 
                                              current damping :  0.250
 ITERATION  ENERGY          1e-ENERGY        2e-ENERGY     NORM[dD(SAO)]  TOL
  44  -2887.1425750616    -14650.659050     6552.6462291    0.367D-03 0.249D-11
                            Exc =  -288.429277042511     N = 282.00123960    
          Norm of current diis error: 0.73031E-03
          max. resid. norm for Fia-block=  1.225D-04 for orbital    141a         
          max. resid. fock norm         =  1.225D-04 for orbital    141a         
          Delta Eig. =     0.0023173880 eV 
 
                                              current damping :  0.100
 ITERATION  ENERGY          1e-ENERGY        2e-ENERGY     NORM[dD(SAO)]  TOL
  45  -2887.1425752125    -14650.658634     6552.6458125    0.245D-03 0.186D-11
                            Exc =  -288.429270933309     N = 282.00123958    
          Norm of current diis error: 0.60648E-03
          max. resid. norm for Fia-block=  1.152D-04 for orbital    141a         
          max. resid. fock norm         =  1.158D-04 for orbital    141a         
 mo-orthogonalization: Cholesky decomposition
          Delta Eig. =     0.0016289193 eV 
 
                                              current damping :  0.150
 ITERATION  ENERGY          1e-ENERGY        2e-ENERGY     NORM[dD(SAO)]  TOL
  46  -2887.1425753481    -14650.659198     6552.6463763    0.146D-03 0.149D-11
                            Exc =  -288.429290037580     N = 282.00123956    
          Norm of current diis error: 0.57897E-03
          max. resid. norm for Fia-block=  1.085D-04 for orbital    141a         
          max. resid. fock norm         =  1.090D-04 for orbital    141a         
          Delta Eig. =     0.0021720544 eV 
 
                                              current damping :  0.100
 ITERATION  ENERGY          1e-ENERGY        2e-ENERGY     NORM[dD(SAO)]  TOL
  47  -2887.1425754589    -14650.661011     6552.6481897    0.126D-03 0.131D-11
                            Exc =  -288.429329571199     N = 282.00123957    
          Norm of current diis error: 0.51217E-03
          max. resid. norm for Fia-block=  9.752D-05 for orbital    141a         
          max. resid. fock norm         =  9.836D-05 for orbital    141a         
          Delta Eig. =     0.0026624857 eV 
 
                                              current damping :  0.150
 ITERATION  ENERGY          1e-ENERGY        2e-ENERGY     NORM[dD(SAO)]  TOL
  48  -2887.1425755476    -14650.658517     6552.6456956    0.409D-04 0.119D-11
                            Exc =  -288.429304004856     N = 282.00123956    
          Norm of current diis error: 0.48294E-03
          max. resid. norm for Fia-block=  8.939D-05 for orbital    141a         
          max. resid. fock norm         =  9.050D-05 for orbital    141a         
          Delta Eig. =     0.0017438606 eV 
 
                                              current damping :  0.200
 ITERATION  ENERGY          1e-ENERGY        2e-ENERGY     NORM[dD(SAO)]  TOL
  49  -2887.1425756237    -14650.659996     6552.6471743    0.172D-04 0.112D-11
                            Exc =  -288.429318727706     N = 282.00123955    
          Norm of current diis error: 0.42454E-03
          max. resid. norm for Fia-block=  8.524D-05 for orbital    141a         
          max. resid. fock norm         =  8.536D-05 for orbital    141a         
          Delta Eig. =     0.0014239651 eV 
 
                                              current damping :  0.100
 ITERATION  ENERGY          1e-ENERGY        2e-ENERGY     NORM[dD(SAO)]  TOL
  50  -2887.1425756837    -14650.661167     6552.6483455    0.181D-03 0.112D-11
                            Exc =  -288.429354592506     N = 282.00123955    
          Norm of current diis error: 0.39641E-03
          max. resid. norm for Fia-block=  7.615D-05 for orbital    141a         
          max. resid. fock norm         =  7.660D-05 for orbital    141a         
 mo-orthogonalization: Cholesky decomposition
          Delta Eig. =     0.0015135452 eV 
 
                                              current damping :  0.150
 ITERATION  ENERGY          1e-ENERGY        2e-ENERGY     NORM[dD(SAO)]  TOL
  51  -2887.1425757371    -14650.660328     6552.6475060    0.345D-04 0.112D-11
                            Exc =  -288.429345572235     N = 282.00123955    
          Norm of current diis error: 0.34270E-03
          max. resid. norm for Fia-block=  7.105D-05 for orbital    141a         
          max. resid. fock norm         =  7.126D-05 for orbital    141a         
          Delta Eig. =     0.0011870368 eV 
 
                                              current damping :  0.100
 ITERATION  ENERGY          1e-ENERGY        2e-ENERGY     NORM[dD(SAO)]  TOL
  52  -2887.1425757782    -14650.659850     6552.6470280    0.124D-04 0.112D-11
                            Exc =  -288.429337328352     N = 282.00123954    
          Norm of current diis error: 0.33404E-03
          max. resid. norm for Fia-block=  6.668D-05 for orbital    141a         
          max. resid. fock norm         =  6.679D-05 for orbital    141a         
          Delta Eig. =     0.0015809359 eV 
 
                                              current damping :  0.150
 ITERATION  ENERGY          1e-ENERGY        2e-ENERGY     NORM[dD(SAO)]  TOL
  53  -2887.1425758169    -14650.661479     6552.6486566    0.172D-04 0.112D-11
                            Exc =  -288.429366312753     N = 282.00123955    
          Norm of current diis error: 0.28877E-03
          max. resid. norm for Fia-block=  6.149D-05 for orbital    141a         
          max. resid. fock norm         =  6.216D-05 for orbital    141a         
          Delta Eig. =     0.0012580562 eV 
 
                                              current damping :  0.200
 ITERATION  ENERGY          1e-ENERGY        2e-ENERGY     NORM[dD(SAO)]  TOL
  54  -2887.1425758460    -14650.660599     6552.6477770    0.735D-04 0.112D-11
                            Exc =  -288.429366001917     N = 282.00123955    
          Norm of current diis error: 0.28063E-03
          max. resid. norm for Fia-block=  5.502D-05 for orbital    141a         
          max. resid. fock norm         =  5.520D-05 for orbital    141a         
          Delta Eig. =     0.0008572892 eV 

 ENERGY CONVERGED !

 Evaluating v_xc on big grid 
          Overall gridpoints after grid construction =        440463
 
                                              current damping :  0.250
 ITERATION  ENERGY          1e-ENERGY        2e-ENERGY     NORM[dD(SAO)]  TOL
  55  -2887.1422746341    -14650.660526     6552.6480057    0.634D-04 0.112D-11
                            Exc =  -288.429059217159     N = 281.99992503    
          max. resid. norm for Fia-block=  5.370D-05 for orbital    141a         
          max. resid. fock norm         =  5.375D-05 for orbital    141a         

 convergence criteria satisfied after    55 iterations


                  ------------------------------------------ 
                 |  total energy      =  -2887.14227463406  |
                  ------------------------------------------ 
                 :  kinetic energy    =   2295.42893764217  :
                 :  potential energy  =  -5182.57121227623  :
                 :  virial theorem    =      1.79505224173  :
                 :  wavefunction norm =      1.00000000000  :
                  .......................................... 


 <geterg> : there is no data group $energy 


 <skperg> : $end is missing 


 orbitals $scfmo  will be written to file mos

    irrep                137a        138a        139a        140a        141a   
 eigenvalues H         -0.38155    -0.37276    -0.36663    -0.36201    -0.35653
            eV         -10.3827    -10.1435     -9.9766     -9.8510     -9.7016
 occupation              2.0000      2.0000      2.0000      2.0000      2.0000

    irrep                142a        143a        144a        145a        146a   
 eigenvalues H         -0.32499    -0.32377    -0.32135    -0.31978    -0.31614
            eV          -8.8434     -8.8104     -8.7445     -8.7018     -8.6026
 
 
 
 
 ==============================================================================
                           electrostatic moments
 ==============================================================================

 reference point for electrostatic moments:    0.00000   0.00000   0.00000

 
              nuc           elec       ->  total
 ------------------------------------------------------------------------------
                          charge      
 ------------------------------------------------------------------------------
         283.000000    -282.000000       1.000000
 
 ------------------------------------------------------------------------------
                       dipole moment  
 ------------------------------------------------------------------------------
   x     337.511658    -338.229584      -0.717926
   y      45.727678     -45.487172       0.240506
   z     899.059393    -892.686991       6.372402
 
   | dipole moment | =     6.4172 a.u. =    16.3110 debye 
 
 ------------------------------------------------------------------------------
                     quadrupole moment
 ------------------------------------------------------------------------------
  xx    3675.083342   -3853.860786    -178.777444
  yy    2701.273659   -2846.936658    -145.662999
  zz    8613.587537   -8653.821078     -40.233540
  xy     425.696849    -435.621716      -9.924867
  xz    1825.744120   -1813.635719      12.108401
  yz     -76.306700      83.884182       7.577482
 
     1/3  trace=    -121.557994
     anisotropy=     128.882811
 
 ==============================================================================
 
HOMO-LUMO Separation
 HOMO         :   -0.35652610 H =     -9.70157 eV
 LUMO         :   -0.32498780 H =     -8.84337 eV
 HOMO-LUMO gap:    0.03153830 H =     +0.85820 eV
 
 ==============================================================================


    ------------------------------------------------------------------------
         total  cpu-time :  3 hours 16 minutes and 27 seconds
         total wall-time : 24 minutes and 44 seconds
    ------------------------------------------------------------------------

   ****  dscf : all done  ****


    2024-04-10 17:05:36.593 

 dscf ended normally
