
  ========================================================================
                license information 
 Customer : 200000000019588
 ID       : LKO2306259

 License file is VALID, continuing with full version
  ========================================================================

   OpenMP run-time library returned nthreads =  8

 dscf (u-0-12.local) : TURBOMOLE rev. V7-7-1 compiled 2 Jan 2023 at 20:18:50
 Copyright (C) 2023 TURBOMOLE GmbH, Karlsruhe


    2024-03-07 10:19:09.606 



                             d s c f - program

                   idea & directorship : reinhart ahlrichs
                   program development : marco haeser
                                         michael baer
                           dft version : oliver treutler


                          quantum chemistry group
                          universitaet  karlsruhe
                                  germany



   *-----------------------------------------------------------------------*
   |                     program will use  8 thread(s)                     |
   *-----------------------------------------------------------------------*


              +--------------------------------------------------+
              | Atomic coordinate, charge and isotop information |
              +--------------------------------------------------+

                    atomic coordinates            atom    charge  isotop
         -0.01127978    0.27449595   -3.49041108    o      8.000     0
          1.14567481   -0.35783476   -0.01837192    ce    58.000     0
          3.11186303   -1.69500497    4.16254320    o      8.000     0
          5.50514637    1.03818341   -1.00845613    o      8.000     0
          5.08567630    3.38339589   -0.89501209    n      7.000     0
          6.70300407    4.92558626   -1.28539738    o      8.000     0
          2.84564220    3.99589392   -0.34832377    o      8.000     0
         -3.34101878   -1.54752129    0.87440651    o      8.000     0
         -1.05491504    2.74356108    2.77986839    o      8.000     0
          3.77511533   -3.81561594   -1.79523793    o      8.000     0
          2.30695120   -5.59926040   -1.21923051    n      7.000     0
          2.73942447   -7.75928728   -1.75512471    o      8.000     0
          0.33629944   -4.95316870   -0.02873140    o      8.000     0
         -0.95876767    0.80809980   -7.33602642    ce    58.000     0
         -4.43165154    2.56187147  -10.15251770    o      8.000     0
         -5.11683599   -0.73190416   -5.99182643    o      8.000     0
         -4.57918435   -3.05604241   -5.80063150    n      7.000     0
         -6.10392688   -4.58592689   -5.10049175    o      8.000     0
         -2.35214967   -3.63621857   -6.38106655    o      8.000     0
          0.54857994    3.07178950  -11.30325131    o      8.000     0
          3.73487172    1.41792576   -7.26202663    o      8.000     0
          4.27201503   -0.84053695   -7.76276815    n      7.000     0
          6.40850537   -1.58483960   -7.93533794    o      8.000     0
          2.39523542   -2.29392154   -8.06719358    o      8.000     0
         -1.63715289   -1.59052579  -11.48482375    o      8.000     0
         -3.43711324    4.17254930   -5.09983980    o      8.000     0
         -1.78388445    5.86567777   -5.31083150    n      7.000     0
         -2.06327857    7.96145018   -4.48465835    o      8.000     0
          0.21253939    5.20922470   -6.45200309    o      8.000     0
          2.05808560    4.08664613  -11.17962731    h      1.000     0
         -3.92655231   -3.07438976    0.06479304    h      1.000     0
          0.84234164    1.86586266  -12.64226210    h      1.000     0
         -4.60115241   -0.27681464    0.51739190    h      1.000     0
         -1.13461613   -3.34158003  -11.54342416    h      1.000     0
         -0.06736307    4.15305299    3.38353384    h      1.000     0
         -3.36814202   -1.52836136  -12.05723313    h      1.000     0
         -1.96988642    2.10225417    4.22123620    h      1.000     0
         -5.93239266    3.19905689   -9.33658498    h      1.000     0
          4.82485630   -1.10799745    4.39055377    h      1.000     0
         -3.79779582    3.91720006  -11.19829214    h      1.000     0
          3.14682108   -3.48540520    4.51228237    h      1.000     0
 
       center of nuclear mass  :    0.31731751    0.16385556   -3.97764881
       center of nuclear charge:    0.30725979    0.16615430   -4.00360254

              +--------------------------------------------------+
              |               basis set information              |
              +--------------------------------------------------+

              we will work with the 1s 3p 5d 7f 9g ... basis set
              ...i.e. with spherical basis functions...

   type   atoms  prim   cont   basis
   ---------------------------------------------------------------------------
    o       22     34     19   def-TZVP   [5s3p1d|11s6p1d]
    ce       2    168     96   def-TZVP   [10s8p5d4f1g|14s13p10d8f1g]
    n        5     34     19   def-TZVP   [5s3p1d|11s6p1d]
    h       12      8      6   def-TZVP   [3s1p|5s1p]
   ---------------------------------------------------------------------------
   total:   41   1350    777
   ---------------------------------------------------------------------------

   total number of primitive shells          :   88
   total number of contracted shells         :  347
   total number of cartesian basis functions :  850
   total number of SCF-basis functions       :  777

  number of unique ecp types :    1

 integral neglect threshold       :  0.39E-11
 integral storage threshold THIZE :  0.10E-04
 integral storage threshold THIME :         5


 symmetry group of the molecule :   c1 

 the group has the following generators :
   c1(z)

    1 symmetry operations found

 there are 1 real representations :   a   

 maximum number of shells which are related by symmetry :  1


          ------------------------
          nuclear repulsion energy  :   5250.29405001    
          ------------------------


         -----------------
         -S,T+V- integrals
         -----------------

 1e-integrals will be neglected if expon. factor < 0.393172E-12


          ----------------
          -ecp-  integrals
          ----------------
 
 Difference densities algorithm switched on.
 The maximal number of linear combinations of
 difference densities is  20.

 DIIS switched on: error vector is FDS-SDF
 Max. Iterations for DIIS is     :   5
 DIIS matrix (see manual) 
    Scaling factor of diagonals  :  1.200
    threshold for scaling factor :  0.000

 scf convergence criterion : increment of total energy < .1000000D-06
                  and increment of one-electron energy < .1000000D-03

 MOs are in ASCII format !


    mo occupation :
   irrep   mo's   occupied
    a      777      141
 
 number of basis functions   :   777
 number of occupied orbitals :   141
 

 reading orbital data $scfmo  from file mos
 orbital characterization : expanded
 virtual MOs provided and orthogonalized by Cholesky decomposition

 automatic virtual orbital shift switched on 
      shift if e(lumo)-e(homo) < 0.10000000    


 DSCF restart information will be dumped onto file mos

 
                                              current damping :  0.300
 ITERATION  ENERGY          1e-ENERGY        2e-ENERGY     NORM[dD(SAO)]  TOL
   1  -2864.4164129212    -14674.832319     6560.1218565    0.000D+00 0.392D-11
          max. resid. norm for Fia-block=  6.021D-01 for orbital    141a         
          max. resid. fock norm         =  1.118D+02 for orbital    761a         
          Delta Eig. =  9077.6705331005 eV 
 
                                              current damping :  0.250
 ITERATION  ENERGY          1e-ENERGY        2e-ENERGY     NORM[dD(SAO)]  TOL
   2  -2872.8314062377    -14710.969126     6587.8436699    0.398D+01 0.249D-11
          Norm of current diis error:  3.1555    
          max. resid. norm for Fia-block=  1.425D-01 for orbital     48a         
          max. resid. fock norm         =  3.671D-01 for orbital    490a         
          Delta Eig. =  2197.7896659260 eV 
 
                                              current damping :  0.100
 ITERATION  ENERGY          1e-ENERGY        2e-ENERGY     NORM[dD(SAO)]  TOL
   3  -2873.5007813587    -14712.022779     6588.2279477    0.123D+01 0.212D-11
          Norm of current diis error: 0.99345    
          max. resid. norm for Fia-block=  5.139D-02 for orbital     75a         
          max. resid. fock norm         =  1.051D-01 for orbital    757a         
          Delta Eig. =   498.3524554497 eV 
 
                                              current damping :  0.100
 ITERATION  ENERGY          1e-ENERGY        2e-ENERGY     NORM[dD(SAO)]  TOL
   4  -2873.6223481851    -14712.905358     6588.9889603    0.397D+00 0.183D-11
          Norm of current diis error: 0.43290    
          max. resid. norm for Fia-block=  4.508D-02 for orbital    127a         
          max. resid. fock norm         =  5.873D-02 for orbital    676a         
          Delta Eig. =    46.5787826316 eV 
 
                                              current damping :  0.100
 ITERATION  ENERGY          1e-ENERGY        2e-ENERGY     NORM[dD(SAO)]  TOL
   5  -2873.6445121453    -14713.159725     6589.2211629    0.175D+00 0.172D-11
          Norm of current diis error: 0.22998    
          max. resid. norm for Fia-block=  1.711D-02 for orbital    121a         
          max. resid. fock norm         =  3.344D-02 for orbital    757a         
 mo-orthogonalization: Cholesky decomposition
          Delta Eig. =     4.1360320521 eV 
 
                                              current damping :  0.150
 ITERATION  ENERGY          1e-ENERGY        2e-ENERGY     NORM[dD(SAO)]  TOL
   6  -2873.6513812231    -14712.932887     6588.9874562    0.637D-01 0.163D-11
          Norm of current diis error: 0.79007E-01
          max. resid. norm for Fia-block=  1.476D-02 for orbital    124a         
          max. resid. fock norm         =  1.530D-02 for orbital    124a         
          Delta Eig. =     0.3578199785 eV 
 
                                              current damping :  0.200
 ITERATION  ENERGY          1e-ENERGY        2e-ENERGY     NORM[dD(SAO)]  TOL
   7  -2873.6532227062    -14713.044385     6589.0971123    0.217D-01 0.153D-11
          Norm of current diis error: 0.39764E-01
          max. resid. norm for Fia-block=  6.555D-03 for orbital    121a         
          max. resid. fock norm         =  7.482D-03 for orbital    146a         
          Delta Eig. =     0.1022898313 eV 
 
                                              current damping :  0.250
 ITERATION  ENERGY          1e-ENERGY        2e-ENERGY     NORM[dD(SAO)]  TOL
   8  -2873.6537129504    -14712.951890     6589.0041268    0.103D-01 0.145D-11
          Norm of current diis error: 0.18465E-01
          max. resid. norm for Fia-block=  3.540D-03 for orbital    121a         
          max. resid. fock norm         =  3.639D-03 for orbital    121a         
          Delta Eig. =     0.0501796746 eV 
 
                                              current damping :  0.300
 ITERATION  ENERGY          1e-ENERGY        2e-ENERGY     NORM[dD(SAO)]  TOL
   9  -2873.6538283881    -14713.013511     6589.0656328    0.353D-02 0.139D-11
          Norm of current diis error: 0.85275E-02
          max. resid. norm for Fia-block=  1.691D-03 for orbital    121a         
          max. resid. fock norm         =  1.723D-03 for orbital    121a         
          Delta Eig. =     0.0275377564 eV 
 
                                              current damping :  0.350
 ITERATION  ENERGY          1e-ENERGY        2e-ENERGY     NORM[dD(SAO)]  TOL
  10  -2873.6538496088    -14712.994025     6589.0461249    0.137D-02 0.134D-11
          Norm of current diis error: 0.35222E-02
          max. resid. norm for Fia-block=  7.476D-04 for orbital    121a         
          max. resid. fock norm         =  7.601D-04 for orbital    121a         
 mo-orthogonalization: Cholesky decomposition
          Delta Eig. =     0.0061620600 eV 
 
                                              current damping :  0.400
 ITERATION  ENERGY          1e-ENERGY        2e-ENERGY     NORM[dD(SAO)]  TOL
  11  -2873.6538535791    -14713.000466     6589.0525622    0.443D-03 0.131D-11
          Norm of current diis error: 0.18348E-02
          max. resid. norm for Fia-block=  3.418D-04 for orbital     75a         
          max. resid. fock norm         =  3.525D-04 for orbital     75a         
          Delta Eig. =     0.0044391385 eV 
 
                                              current damping :  0.450
 ITERATION  ENERGY          1e-ENERGY        2e-ENERGY     NORM[dD(SAO)]  TOL
  12  -2873.6538545094    -14713.000435     6589.0525304    0.119D-03 0.128D-11
          Norm of current diis error: 0.87753E-03
          max. resid. norm for Fia-block=  1.638D-04 for orbital    121a         
          max. resid. fock norm         =  1.709D-04 for orbital    121a         
          Delta Eig. =     0.0029457096 eV 
 
                                              current damping :  0.500
 ITERATION  ENERGY          1e-ENERGY        2e-ENERGY     NORM[dD(SAO)]  TOL
  13  -2873.6538547173    -14713.001442     6589.0535378    0.437D-04 0.124D-11
          Norm of current diis error: 0.45892E-03
          max. resid. norm for Fia-block=  7.377D-05 for orbital     75a         
          max. resid. fock norm         =  7.844D-05 for orbital    146a         
          Delta Eig. =     0.0018432056 eV 

 ENERGY CONVERGED !

 
                                              current damping :  0.550
 ITERATION  ENERGY          1e-ENERGY        2e-ENERGY     NORM[dD(SAO)]  TOL
  14  -2873.6538547701    -14713.001437     6589.0535324    0.180D-04 0.121D-11
          max. resid. norm for Fia-block=  1.690D-05 for orbital     75a         
          max. resid. fock norm         =  2.055D-05 for orbital    146a         

 convergence criteria satisfied after    14 iterations


                  ------------------------------------------ 
                 |  total energy      =  -2873.65385477013  |
                  ------------------------------------------ 
                 :  kinetic energy    =   2278.03391557273  :
                 :  potential energy  =  -5151.68777034287  :
                 :  virial theorem    =      1.79273079873  :
                 :  wavefunction norm =      1.00000000000  :
                  .......................................... 


 <geterg> : there is no data group $energy 


 <skperg> : $end is missing 


 orbitals $scfmo  will be written to file mos

    irrep                137a        138a        139a        140a        141a   
 eigenvalues H         -0.58816    -0.58455    -0.58209    -0.57837    -0.57006
            eV         -16.0048    -15.9065    -15.8397    -15.7383    -15.5123
 occupation              2.0000      2.0000      2.0000      2.0000      2.0000

    irrep                142a        143a        144a        145a        146a   
 eigenvalues H         -0.07189    -0.05794    -0.05115    -0.04758    -0.03985
            eV          -1.9564     -1.5767     -1.3919     -1.2947     -1.0843
 
 
 
 
 ==============================================================================
                           electrostatic moments
 ==============================================================================

 reference point for electrostatic moments:    0.00000   0.00000   0.00000

 
              nuc           elec       ->  total
 ------------------------------------------------------------------------------
                          charge      
 ------------------------------------------------------------------------------
         283.000000    -282.000000       1.000000
 
 ------------------------------------------------------------------------------
                       dipole moment  
 ------------------------------------------------------------------------------
   x      98.927669    -101.511403      -2.583734
   y      43.718888     -42.907128       0.811759
   z   -1151.298109    1148.622993      -2.675116
 
   | dipole moment | =     3.8067 a.u. =     9.6756 debye 
 
 ------------------------------------------------------------------------------
                     quadrupole moment
 ------------------------------------------------------------------------------
  xx    3087.933741   -3250.998973    -163.065232
  yy    3334.093186   -3510.535276    -176.442090
  zz    9578.560923   -9629.891212     -51.330289
  xy      -4.384844      -1.349674      -5.734518
  xz     664.243220    -635.248241      28.994979
  yz    -692.921201     680.566501     -12.354700
 
     1/3  trace=    -130.279204
     anisotropy=     131.289744
 
 ==============================================================================
 
HOMO-LUMO Separation
 HOMO         :   -0.57006206 H =    -15.51219 eV
 LUMO         :   -0.07189432 H =     -1.95634 eV
 HOMO-LUMO gap:    0.49816775 H =    +13.55584 eV
 
 ==============================================================================


    ------------------------------------------------------------------------
         total  cpu-time :  1 hours 33 minutes and 57 seconds
         total wall-time : 12 minutes and  6 seconds
    ------------------------------------------------------------------------

   ****  dscf : all done  ****


    2024-03-07 10:31:15.757 

 dscf ended normally
