
  ========================================================================
                license information 
 Customer : 200000000019588
 ID       : LKO2306259

 License file is VALID, continuing with full version
  ========================================================================

   OpenMP run-time library returned nthreads =  8

 dscf (u-0-12.local) : TURBOMOLE rev. V7-7-1 compiled 2 Jan 2023 at 20:18:50
 Copyright (C) 2023 TURBOMOLE GmbH, Karlsruhe


    2024-03-07 12:03:00.834 



                             d s c f - program

                   idea & directorship : reinhart ahlrichs
                   program development : marco haeser
                                         michael baer
                           dft version : oliver treutler


                          quantum chemistry group
                          universitaet  karlsruhe
                                  germany



   *-----------------------------------------------------------------------*
   |                     program will use  8 thread(s)                     |
   *-----------------------------------------------------------------------*


              +--------------------------------------------------+
              | Atomic coordinate, charge and isotop information |
              +--------------------------------------------------+

                    atomic coordinates            atom    charge  isotop
         -0.01127978    0.27449595   -3.49041108    o      8.000     0
          1.14567481   -0.35783476   -0.01837192    ce    58.000     0
          3.11186303   -1.69500497    4.16254320    o      8.000     0
          5.50514637    1.03818341   -1.00845613    o      8.000     0
          5.08567630    3.38339589   -0.89501209    n      7.000     0
          6.70300407    4.92558626   -1.28539738    o      8.000     0
          2.84564220    3.99589392   -0.34832377    o      8.000     0
         -3.34101878   -1.54752129    0.87440651    o      8.000     0
         -1.05491504    2.74356108    2.77986839    o      8.000     0
          3.77511533   -3.81561594   -1.79523793    o      8.000     0
          2.30695120   -5.59926040   -1.21923051    n      7.000     0
          2.73942447   -7.75928728   -1.75512471    o      8.000     0
          0.33629944   -4.95316870   -0.02873140    o      8.000     0
         -0.95876767    0.80809980   -7.33602642    ce    58.000     0
         -4.43165154    2.56187147  -10.15251770    o      8.000     0
         -5.11683599   -0.73190416   -5.99182643    o      8.000     0
         -4.57918435   -3.05604241   -5.80063150    n      7.000     0
         -6.10392688   -4.58592689   -5.10049175    o      8.000     0
         -2.35214967   -3.63621857   -6.38106655    o      8.000     0
          0.54857994    3.07178950  -11.30325131    o      8.000     0
          3.73487172    1.41792576   -7.26202663    o      8.000     0
          4.27201503   -0.84053695   -7.76276815    n      7.000     0
          6.40850537   -1.58483960   -7.93533794    o      8.000     0
          2.39523542   -2.29392154   -8.06719358    o      8.000     0
         -1.63715289   -1.59052579  -11.48482375    o      8.000     0
         -3.43711324    4.17254930   -5.09983980    o      8.000     0
         -1.78388445    5.86567777   -5.31083150    n      7.000     0
         -2.06327857    7.96145018   -4.48465835    o      8.000     0
          0.21253939    5.20922470   -6.45200309    o      8.000     0
          2.05808560    4.08664613  -11.17962731    h      1.000     0
         -3.92655231   -3.07438976    0.06479304    h      1.000     0
          0.84234164    1.86586266  -12.64226210    h      1.000     0
         -4.60115241   -0.27681464    0.51739190    h      1.000     0
         -1.13461613   -3.34158003  -11.54342416    h      1.000     0
         -0.06736307    4.15305299    3.38353384    h      1.000     0
         -3.36814202   -1.52836136  -12.05723313    h      1.000     0
         -1.96988642    2.10225417    4.22123620    h      1.000     0
         -5.93239266    3.19905689   -9.33658498    h      1.000     0
          4.82485630   -1.10799745    4.39055377    h      1.000     0
         -3.79779582    3.91720006  -11.19829214    h      1.000     0
          3.14682108   -3.48540520    4.51228237    h      1.000     0
 
       center of nuclear mass  :    0.31731751    0.16385556   -3.97764881
       center of nuclear charge:    0.30725979    0.16615430   -4.00360254

              +--------------------------------------------------+
              |               basis set information              |
              +--------------------------------------------------+

              we will work with the 1s 3p 5d 7f 9g ... basis set
              ...i.e. with spherical basis functions...

   type   atoms  prim   cont   basis
   ---------------------------------------------------------------------------
    o       22     34     19   def-TZVP   [5s3p1d|11s6p1d]
    ce       2    168     96   def-TZVP   [10s8p5d4f1g|14s13p10d8f1g]
    n        5     34     19   def-TZVP   [5s3p1d|11s6p1d]
    h       12      8      6   def-TZVP   [3s1p|5s1p]
   ---------------------------------------------------------------------------
   total:   41   1350    777
   ---------------------------------------------------------------------------

   total number of primitive shells          :   88
   total number of contracted shells         :  347
   total number of cartesian basis functions :  850
   total number of SCF-basis functions       :  777

  number of unique ecp types :    1

 integral neglect threshold       :  0.39E-11
 integral storage threshold THIZE :  0.10E-04
 integral storage threshold THIME :         5


 symmetry group of the molecule :   c1 

 the group has the following generators :
   c1(z)

    1 symmetry operations found

 there are 1 real representations :   a   

 maximum number of shells which are related by symmetry :  1

 ==============================================================================
                      COSMO switched on
 ==============================================================================
 COSMO stati: segments per atom: H   32 other atoms   92
 COSMO statistics: nps   1242 npspher:    600
 COSMO surface:
   number of segments: 1242
   area (bohr**2):     1243.041528
   volume (bohr**3):   3212.957797
 COSMO: check number of disjunct cavities:

       ... OK contiguous cavity found
  
           ------------------
           density functional
           ------------------
 B-P86 functional
 exchange:    LDA + Becke (B88)
 correlation: LDA (VWN) + Perdew (P86)
 iterations will be done with small grid
  
 spherical integration : Lebedev's spherical grid
 spherical gridsize    :                     4
    i.e. gridpoints    :                   434
  maximum batchsize    :                   100
 value for diffuse not defined
 radial integration    : Chebyshev 2nd kind (scaling 3)
 radial gridsize       :                     6
 integration cells     :                    41
 partition function    : becke
 partition sharpness   :                     3
  

          ------------------------
          nuclear repulsion energy  :   5250.29405001    
          ------------------------


         -----------------
         -S,T+V- integrals
         -----------------

 1e-integrals will be neglected if expon. factor < 0.393172E-12


          ----------------
          -ecp-  integrals
          ----------------
 
 Difference densities algorithm switched on.
 The maximal number of linear combinations of
 difference densities is  20.

 DIIS switched on: error vector is FDS-SDF
 Max. Iterations for DIIS is     :   4
 DIIS matrix (see manual) 
    Scaling factor of diagonals  :  1.200
    threshold for scaling factor :  0.000

 scf convergence criterion : increment of total energy < .1000000D-06
                  and increment of one-electron energy < .1000000D-03

 MOs are in ASCII format !


    mo occupation :
   irrep   mo's   occupied
    a      777      141
 
 number of basis functions   :   777
 number of occupied orbitals :   141
 

 reading orbital data $scfmo  from file mos
 orbital characterization : scfconv=7
 mo-orthogonalization by Cholesky decomposition

 automatic virtual orbital shift switched on 
      shift if e(lumo)-e(homo) < 0.10000000    


 DSCF restart information will be dumped onto file mos

          Overall gridpoints after grid construction =        130594
 
                                              current damping :  0.300
 ITERATION  ENERGY          1e-ENERGY        2e-ENERGY     NORM[dD(SAO)]  TOL
   1  -2886.7101640416    -14713.160457     6576.1562431    0.000D+00 0.392D-11
                            Exc =  -287.764433488865     N = 281.99982516    
                          Ediel =    -0.159019939561
          max. resid. norm for Fia-block=  1.038D-01 for orbital     22a         
          max. resid. fock norm         =  5.671D-01 for orbital    774a         
          irrep a   : virtual orbitals shifted by    0.09683
          Delta Eig. =    40.1823954725 eV 
 
                                              current damping :  0.300
 ITERATION  ENERGY          1e-ENERGY        2e-ENERGY     NORM[dD(SAO)]  TOL
   2  -2865.8851967485    -14902.075609     6785.8963623    0.276D+01 0.250D-11
                            Exc =  -294.006662350164     N = 282.00002927    
                          Ediel =    -0.381857182263
          Norm of current diis error:  18.978    
          max. resid. norm for Fia-block=  7.293D-02 for orbital    141a         
          max. resid. fock norm         =  1.389D-01 for orbital    774a         
          irrep a   : virtual orbitals shifted by    0.24405
          Delta Eig. =     9.4298767888 eV 
 
                                              current damping :  0.350
 ITERATION  ENERGY          1e-ENERGY        2e-ENERGY     NORM[dD(SAO)]  TOL
   3  -2759.2618050197    -15244.025775     7234.4699204    0.388D+01 0.218D-11
                            Exc =  -307.400412276758     N = 281.99994457    
                          Ediel =    -2.279333043626
          Norm of current diis error:  48.762    
          max. resid. norm for Fia-block=  5.023D-02 for orbital    126a         
          max. resid. fock norm         =  7.808D-02 for orbital    126a         
          irrep a   : virtual orbitals shifted by    0.10389
          Delta Eig. =     2.1466980659 eV 
 
                                              current damping :  0.400
 ITERATION  ENERGY          1e-ENERGY        2e-ENERGY     NORM[dD(SAO)]  TOL
   4  -2764.7067588956    -15213.158246     7198.1574368    0.213D+01 0.201D-11
                            Exc =  -307.440080157949     N = 282.00029753    
                          Ediel =    -1.358491388001
          Norm of current diis error:  47.773    
          max. resid. norm for Fia-block=  2.484D-02 for orbital    140a         
          max. resid. fock norm         =  3.391D-02 for orbital    140a         
          irrep a   : virtual orbitals shifted by    0.10644
          Delta Eig. =     0.8389119286 eV 
 
                                              current damping :  0.450
 ITERATION  ENERGY          1e-ENERGY        2e-ENERGY     NORM[dD(SAO)]  TOL
   5  -2763.3655867523    -15216.644397     7202.9847604    0.148D+01 0.193D-11
                            Exc =  -307.519775970975     N = 282.00029348    
                          Ediel =    -1.142974291071
          Norm of current diis error:  47.050    
          max. resid. norm for Fia-block=  1.916D+00 for orbital    119a         
          max. resid. fock norm         =  3.487D+00 for orbital    776a         
          irrep a   : virtual orbitals shifted by    5.00076
 mo-orthogonalization: Cholesky decomposition
          Delta Eig. =   142.1255496280 eV 
 
                                              current damping :  0.500
 ITERATION  ENERGY          1e-ENERGY        2e-ENERGY     NORM[dD(SAO)]  TOL
   6  -2795.3207167591    -14788.093412     6742.4786447    0.117D+02 0.263D-11
                            Exc =  -297.700695737434     N = 282.00015433    
                          Ediel =   -10.171631928815
          Norm of current diis error:  44.592    
          max. resid. norm for Fia-block=  3.543D+00 for orbital    127a         
          max. resid. fock norm         =  5.209D+00 for orbital    142a         
          irrep a   : virtual orbitals shifted by    9.59660
          Delta Eig. =   105.1499322220 eV 
 
                                              current damping :  0.550
 ITERATION  ENERGY          1e-ENERGY        2e-ENERGY     NORM[dD(SAO)]  TOL
   7  -2634.2493479171    -14196.321076     6311.7776783    0.647D+02 0.268D-11
                            Exc =  -278.450920487530     N = 281.99326002    
                          Ediel =   -53.317849335849
          Norm of current diis error:  54.281    
          max. resid. norm for Fia-block=  7.576D-01 for orbital    107a         
          max. resid. fock norm         =  1.359D+00 for orbital    667a         
          irrep a   : virtual orbitals shifted by    1.29682
          Delta Eig. =   100.1064768298 eV 
 
                                              current damping :  0.600
 ITERATION  ENERGY          1e-ENERGY        2e-ENERGY     NORM[dD(SAO)]  TOL
   8  -2849.4837846167    -14596.212458     6496.4346235    0.210D+02 0.297D-11
                            Exc =  -287.883744234154     N = 281.99529188    
                          Ediel =    -2.866594653204
          Norm of current diis error:  22.496    
          max. resid. norm for Fia-block=  7.711D-01 for orbital    127a         
          max. resid. fock norm         =  2.384D+00 for orbital    125a         
          irrep a   : virtual orbitals shifted by    0.55996
          Delta Eig. =    95.9907577177 eV 
 
                                              current damping :  0.500
 ITERATION  ENERGY          1e-ENERGY        2e-ENERGY     NORM[dD(SAO)]  TOL
   9  -2878.8013529234    -14656.510289     6527.4148862    0.127D+02 0.244D-11
                            Exc =  -286.083085876845     N = 281.99790883    
                          Ediel =    -0.512725586117
          Norm of current diis error:  8.1698    
          max. resid. norm for Fia-block=  5.047D-01 for orbital    115a         
          max. resid. fock norm         =  8.157D-01 for orbital    196a         
          irrep a   : virtual orbitals shifted by    1.10237
          Delta Eig. =    50.6645589246 eV 
 
                                              current damping :  0.550
 ITERATION  ENERGY          1e-ENERGY        2e-ENERGY     NORM[dD(SAO)]  TOL
  10  -2769.5454698823    -15206.985115     7187.1455954    0.507D+01 0.221D-11
                            Exc =  -305.615233894113     N = 281.99971230    
                          Ediel =    -5.458127947669
          Norm of current diis error:  47.976    
          max. resid. norm for Fia-block=  2.625D-01 for orbital     88a         
          max. resid. fock norm         =  4.410D-01 for orbital     95a         
          irrep a   : virtual orbitals shifted by    0.29776
 mo-orthogonalization: Cholesky decomposition
          Delta Eig. =    10.2320241790 eV 
 
                                              current damping :  0.600
 ITERATION  ENERGY          1e-ENERGY        2e-ENERGY     NORM[dD(SAO)]  TOL
  11  -2732.0887224795    -15290.606845     7308.2240727    0.271D+01 0.206D-11
                            Exc =  -309.323765977530     N = 281.99989652    
                          Ediel =   -10.719947906078
          Norm of current diis error:  47.858    
          max. resid. norm for Fia-block=  1.243D-01 for orbital    140a         
          max. resid. fock norm         =  1.636D-01 for orbital    165a         
          irrep a   : virtual orbitals shifted by    0.29193
          Delta Eig. =     3.2044070294 eV 
 
                                              current damping :  0.650
 ITERATION  ENERGY          1e-ENERGY        2e-ENERGY     NORM[dD(SAO)]  TOL
  12  -2712.7674176628    -15334.401674     7371.3402063    0.192D+01 0.194D-11
                            Exc =  -311.481319292471     N = 282.00044960    
                          Ediel =   -12.637533409893
          Norm of current diis error:  48.714    
          max. resid. norm for Fia-block=  6.224D-02 for orbital    100a         
          max. resid. fock norm         =  1.289D-01 for orbital    777a         
          irrep a   : virtual orbitals shifted by    0.10523
          Delta Eig. =     4.8318641161 eV 
 
                                              current damping :  0.700
 ITERATION  ENERGY          1e-ENERGY        2e-ENERGY     NORM[dD(SAO)]  TOL
  13  -2716.5833547235    -15332.757546     7365.8801411    0.162D+01 0.190D-11
                            Exc =  -310.916862102313     N = 282.00067633    
                          Ediel =   -10.241284537364
          Norm of current diis error:  47.789    
          max. resid. norm for Fia-block=  3.039D+00 for orbital     85a         
          max. resid. fock norm         =  5.683D+00 for orbital     94a         
          irrep a   : virtual orbitals shifted by   11.46164
          Delta Eig. =   241.6094170515 eV 
 
                                              current damping :  0.750
 ITERATION  ENERGY          1e-ENERGY        2e-ENERGY     NORM[dD(SAO)]  TOL
  14  -2514.5102739631    -13624.909903     5860.1055787    0.129D+03 0.168D-11
                            Exc =  -268.363870385044     N = 281.99273199    
                          Ediel =   -24.235286018606
          Norm of current diis error:  66.921    
          max. resid. norm for Fia-block=  2.145D+00 for orbital     40a         
          max. resid. fock norm         =  2.671D+00 for orbital    665a         
          irrep a   : virtual orbitals shifted by    2.51437
          Delta Eig. =    54.7200989236 eV 
 
                                              current damping :  0.800
 ITERATION  ENERGY          1e-ENERGY        2e-ENERGY     NORM[dD(SAO)]  TOL
  15  -2637.3377845032    -14047.833733     6160.2018987    0.506D+02 0.240D-11
                            Exc =  -279.612770145799     N = 282.00021219    
                          Ediel =   -19.770056152169
          Norm of current diis error:  50.481    
          max. resid. norm for Fia-block=  8.672D-01 for orbital     36a         
          max. resid. fock norm         =  2.622D+00 for orbital    329a         
          irrep a   : virtual orbitals shifted by    1.10565
 mo-orthogonalization: Cholesky decomposition
          Delta Eig. =    72.7172479939 eV 
 
                                              current damping :  0.700
 ITERATION  ENERGY          1e-ENERGY        2e-ENERGY     NORM[dD(SAO)]  TOL
  16  -2808.1805830497    -14463.149992     6404.6753586    0.240D+02 0.212D-11
                            Exc =  -289.882588998386     N = 282.00414773    
                          Ediel =   -12.435274790664
          Norm of current diis error:  28.701    
          max. resid. norm for Fia-block=  9.109D-01 for orbital    100a         
          max. resid. fock norm         =  2.570D+00 for orbital     69a         
          irrep a   : virtual orbitals shifted by    2.55380
          Delta Eig. =    68.1318965792 eV 
 
                                              current damping :  0.600
 ITERATION  ENERGY          1e-ENERGY        2e-ENERGY     NORM[dD(SAO)]  TOL
  17  -2846.3186426653    -14551.872624     6455.2599318    0.195D+02 0.279D-11
                            Exc =  -285.769629056226     N = 281.99989710    
                          Ediel =    -6.926560675856
          Norm of current diis error:  16.449    
          max. resid. norm for Fia-block=  9.849D-01 for orbital    136a         
          max. resid. fock norm         =  1.622D+00 for orbital    689a         
          irrep a   : virtual orbitals shifted by    2.87641
          Delta Eig. =    94.8877697980 eV 
 
                                              current damping :  0.650
 ITERATION  ENERGY          1e-ENERGY        2e-ENERGY     NORM[dD(SAO)]  TOL
  18  -2618.2796675484    -15435.831168     7567.2574508    0.331D+02 0.177D-11
                            Exc =  -308.082956793550     N = 282.00519888    
                          Ediel =   -27.755914795747
          Norm of current diis error:  66.849    
          max. resid. norm for Fia-block=  1.032D+00 for orbital     64a         
          max. resid. fock norm         =  1.335D+00 for orbital     64a         
          irrep a   : virtual orbitals shifted by    1.19701
          Delta Eig. =    19.5634498922 eV 
 
                                              current damping :  0.700
 ITERATION  ENERGY          1e-ENERGY        2e-ENERGY     NORM[dD(SAO)]  TOL
  19  -2403.9146333996    -15721.554431     8067.3457480    0.220D+02 0.156D-11
                            Exc =  -318.230706722753     N = 282.00053907    
                          Ediel =   -45.626365093511
          Norm of current diis error:  76.401    
          max. resid. norm for Fia-block=  5.771D-01 for orbital     65a         
          max. resid. fock norm         =  9.412D-01 for orbital    108a         
          irrep a   : virtual orbitals shifted by    0.39911
          Delta Eig. =     5.6324105889 eV 
 
                                              current damping :  0.750
 ITERATION  ENERGY          1e-ENERGY        2e-ENERGY     NORM[dD(SAO)]  TOL
  20  -2371.9152170050    -15746.509824     8124.3005570    0.174D+02 0.157D-11
                            Exc =  -319.732878787488     N = 282.00051228    
                          Ediel =   -47.744734179757
          Norm of current diis error:  69.863    
          max. resid. norm for Fia-block=  2.501D-01 for orbital     64a         
          max. resid. fock norm         =  6.821D-01 for orbital     64a         
          irrep a   : virtual orbitals shifted by    0.14266
 mo-orthogonalization: Cholesky decomposition
          Delta Eig. =    18.1593762215 eV 
 
                                              current damping :  0.800
 ITERATION  ENERGY          1e-ENERGY        2e-ENERGY     NORM[dD(SAO)]  TOL
  21  -2396.2621191464    -15676.438822     8029.8826527    0.195D+02 0.156D-11
                            Exc =  -317.730000082496     N = 282.00258484    
                          Ediel =   -60.422451895089
          Norm of current diis error:  68.147    
          max. resid. norm for Fia-block=  3.613D+00 for orbital     94a         
          max. resid. fock norm         =  6.579D+00 for orbital     86a         
          irrep a   : virtual orbitals shifted by   13.57353
          Delta Eig. =   300.2976364256 eV 
 
                                              current damping :  0.700
 ITERATION  ENERGY          1e-ENERGY        2e-ENERGY     NORM[dD(SAO)]  TOL
  22  -2444.8825350790    -13687.964031     5992.7874461    0.195D+02 0.392D-11
                            Exc =  -271.152032236367     N = 281.98500525    
                          Ediel =   -58.592796559704
          Norm of current diis error:  65.865    
          max. resid. norm for Fia-block=  1.499D+00 for orbital     39a         
          max. resid. fock norm         =  2.108D+00 for orbital    582a         
          irrep a   : virtual orbitals shifted by    8.28323
          Delta Eig. =   111.2528969852 eV 
 
                                              current damping :  0.750
 ITERATION  ENERGY          1e-ENERGY        2e-ENERGY     NORM[dD(SAO)]  TOL
  23  -2619.0473861318    -14150.836208     6281.4947723    0.396D+02 0.392D-11
                            Exc =  -288.175423534935     N = 281.99735971    
                          Ediel =   -12.041319991145
          Norm of current diis error:  48.401    
          max. resid. norm for Fia-block=  1.251D+00 for orbital    112a         
          max. resid. fock norm         =  3.517D+00 for orbital    244a         
          irrep a   : virtual orbitals shifted by    5.56332
          Delta Eig. =   101.9563087459 eV 
 
                                              current damping :  0.650
 ITERATION  ENERGY          1e-ENERGY        2e-ENERGY     NORM[dD(SAO)]  TOL
  24  -2822.1166508470    -14979.245579     6906.8348781    0.190D+02 0.382D-11
                            Exc =  -303.248171499364     N = 281.99903387    
                          Ediel =    -8.227864698480
          Norm of current diis error:  32.849    
          max. resid. norm for Fia-block=  8.307D-01 for orbital     68a         
          max. resid. fock norm         =  3.455D+00 for orbital     38a         
          irrep a   : virtual orbitals shifted by    1.65954
          Delta Eig. =    77.8474133184 eV 
 
                                              current damping :  0.700
 ITERATION  ENERGY          1e-ENERGY        2e-ENERGY     NORM[dD(SAO)]  TOL
  25  -2833.2092092472    -14881.106131     6797.6028722    0.147D+02 0.304D-11
                            Exc =  -297.305047806139     N = 281.99982302    
                          Ediel =    -8.950370920915
          Norm of current diis error:  22.696    
          max. resid. norm for Fia-block=  5.441D-01 for orbital     82a         
          max. resid. fock norm         =  8.889D-01 for orbital     46a         
          irrep a   : virtual orbitals shifted by    1.47522
 mo-orthogonalization: Cholesky decomposition
          Delta Eig. =    26.4923908020 eV 
 
                                              current damping :  0.600
 ITERATION  ENERGY          1e-ENERGY        2e-ENERGY     NORM[dD(SAO)]  TOL
  26  -2862.2382562088    -14709.595156     6597.0628502    0.130D+02 0.273D-11
                            Exc =  -292.249192528152     N = 281.99935789    
                          Ediel =    -2.903187810815
          Norm of current diis error:  16.735    
          max. resid. norm for Fia-block=  3.613D-01 for orbital     46a         
          max. resid. fock norm         =  6.618D-01 for orbital    769a         
          irrep a   : virtual orbitals shifted by    0.68633
          Delta Eig. =    32.6493211758 eV 
 
                                              current damping :  0.650
 ITERATION  ENERGY          1e-ENERGY        2e-ENERGY     NORM[dD(SAO)]  TOL
  27  -2876.8570227965    -14731.743714     6604.5926412    0.120D+02 0.217D-11
                            Exc =  -288.526626502872     N = 281.99956699    
                          Ediel =    -0.953530158023
          Norm of current diis error:  7.9022    
          max. resid. norm for Fia-block=  3.275D-01 for orbital    100a         
          max. resid. fock norm         =  7.311D-01 for orbital    756a         
          irrep a   : virtual orbitals shifted by    0.76115
          Delta Eig. =    12.4969043689 eV 
 
                                              current damping :  0.700
 ITERATION  ENERGY          1e-ENERGY        2e-ENERGY     NORM[dD(SAO)]  TOL
  28  -2879.1594239593    -14728.426284     6598.9728098    0.975D+01 0.317D-11
                            Exc =  -289.463361039126     N = 281.99964941    
                          Ediel =    -0.645605475367
          Norm of current diis error:  8.5442    
          max. resid. norm for Fia-block=  1.812D-01 for orbital    141a         
          max. resid. fock norm         =  2.884D-01 for orbital    151a         
          irrep a   : virtual orbitals shifted by    0.37287
          Delta Eig. =     9.2314918706 eV 
 
                                              current damping :  0.600
 ITERATION  ENERGY          1e-ENERGY        2e-ENERGY     NORM[dD(SAO)]  TOL
  29  -2882.9574209358    -14718.411871     6585.1604000    0.548D+01 0.260D-11
                            Exc =  -288.751685768433     N = 281.99968169    
                          Ediel =    -0.623108341131
          Norm of current diis error:  5.1234    
          max. resid. norm for Fia-block=  1.447D-01 for orbital    135a         
          max. resid. fock norm         =  2.815D-01 for orbital     73a         
          irrep a   : virtual orbitals shifted by    0.38705
          Delta Eig. =    11.2637412634 eV 
 
                                              current damping :  0.650
 ITERATION  ENERGY          1e-ENERGY        2e-ENERGY     NORM[dD(SAO)]  TOL
  30  -2885.6498902671    -14748.141426     6612.1974853    0.337D+01 0.216D-11
                            Exc =  -289.022428567333     N = 281.99968264    
                          Ediel =    -0.173044008527
          Norm of current diis error:  2.9689    
          max. resid. norm for Fia-block=  1.377D-01 for orbital    141a         
          max. resid. fock norm         =  3.256D-01 for orbital    764a         
          irrep a   : virtual orbitals shifted by    0.29653
 mo-orthogonalization: Cholesky decomposition
          Delta Eig. =     6.1761475541 eV 
 
                                              current damping :  0.700
 ITERATION  ENERGY          1e-ENERGY        2e-ENERGY     NORM[dD(SAO)]  TOL
  31  -2885.2154630872    -14735.843402     6600.3338886    0.208D+01 0.197D-11
                            Exc =  -289.001693352765     N = 281.99982655    
                          Ediel =    -0.380273623432
          Norm of current diis error:  4.2988    
          max. resid. norm for Fia-block=  1.073D-01 for orbital    140a         
          max. resid. fock norm         =  1.311D-01 for orbital    138a         
          irrep a   : virtual orbitals shifted by    0.23776
          Delta Eig. =     4.0814840965 eV 
 
                                              current damping :  0.600
 ITERATION  ENERGY          1e-ENERGY        2e-ENERGY     NORM[dD(SAO)]  TOL
  32  -2886.4111652823    -14702.658566     6565.9533510    0.197D+01 0.189D-11
                            Exc =  -287.930774576565     N = 281.99983143    
                          Ediel =    -0.249254708501
          Norm of current diis error:  2.6406    
          max. resid. norm for Fia-block=  1.037D-01 for orbital    141a         
          max. resid. fock norm         =  1.580D-01 for orbital    168a         
          irrep a   : virtual orbitals shifted by    0.12473
          Delta Eig. =     6.9588503832 eV 
 
                                              current damping :  0.650
 ITERATION  ENERGY          1e-ENERGY        2e-ENERGY     NORM[dD(SAO)]  TOL
  33  -2886.4971707072    -14745.694393     6608.9031727    0.141D+01 0.179D-11
                            Exc =  -288.895202600974     N = 281.99990674    
                          Ediel =    -0.185092001653
          Norm of current diis error:  3.0586    
          max. resid. norm for Fia-block=  5.130D-02 for orbital    141a         
          max. resid. fock norm         =  7.373D-02 for orbital    755a         
          irrep a   : virtual orbitals shifted by    0.22249
          Delta Eig. =     1.6452157464 eV 
 
                                              current damping :  0.700
 ITERATION  ENERGY          1e-ENERGY        2e-ENERGY     NORM[dD(SAO)]  TOL
  34  -2887.1044031028    -14725.477741     6588.0792880    0.883D+00 0.175D-11
                            Exc =  -288.320013524038     N = 281.99987110    
                          Ediel =    -0.171957101565
          Norm of current diis error:  1.1067    
          max. resid. norm for Fia-block=  1.156D-01 for orbital    141a         
          max. resid. fock norm         =  2.559D-01 for orbital    766a         
          irrep a   : virtual orbitals shifted by    0.19845
          Delta Eig. =     6.5446780040 eV 
 
                                              current damping :  0.750
 ITERATION  ENERGY          1e-ENERGY        2e-ENERGY     NORM[dD(SAO)]  TOL
  35  -2840.2308386632    -14955.484808     6864.9599194    0.300D+01 0.176D-11
                            Exc =  -295.585135116640     N = 281.99997341    
                          Ediel =    -1.786657611374
          Norm of current diis error:  30.212    
          max. resid. norm for Fia-block=  4.237D-02 for orbital    134a         
          max. resid. fock norm         =  7.806D-02 for orbital    148a         
          irrep a   : virtual orbitals shifted by    0.11345
 mo-orthogonalization: Cholesky decomposition
          Delta Eig. =     1.0563927990 eV 
 
                                              current damping :  0.800
 ITERATION  ENERGY          1e-ENERGY        2e-ENERGY     NORM[dD(SAO)]  TOL
  36  -2817.7102506092    -15008.843989     6940.8396882    0.165D+01 0.171D-11
                            Exc =  -297.490073445492     N = 281.99991710    
                          Ediel =    -3.119468115829
          Norm of current diis error:  33.016    
          max. resid. norm for Fia-block=  1.675D-02 for orbital    132a         
          max. resid. fock norm         =  2.564D-02 for orbital    148a         
          irrep a   : virtual orbitals shifted by    0.09770
          Delta Eig. =     0.4965954461 eV 
 
                                              current damping :  0.850
 ITERATION  ENERGY          1e-ENERGY        2e-ENERGY     NORM[dD(SAO)]  TOL
  37  -2816.0440288674    -15013.608219     6947.2701398    0.988D+00 0.169D-11
                            Exc =  -297.608733557563     N = 281.99997581    
                          Ediel =    -3.570696074555
          Norm of current diis error:  32.576    
          max. resid. norm for Fia-block=  1.094D-02 for orbital    132a         
          max. resid. fock norm         =  1.360D-02 for orbital    132a         
          irrep a   : virtual orbitals shifted by    0.09862
          Delta Eig. =     0.4723174350 eV 
 
                                              current damping :  0.900
 ITERATION  ENERGY          1e-ENERGY        2e-ENERGY     NORM[dD(SAO)]  TOL
  38  -2816.5459945702    -15013.535563     6946.6955188    0.755D+00 0.167D-11
                            Exc =  -297.563877639674     N = 281.99994883    
                          Ediel =    -3.690198994884
          Norm of current diis error:  32.793    
          max. resid. norm for Fia-block=  2.431D+00 for orbital    133a         
          max. resid. fock norm         =  4.649D+00 for orbital    723a         
          irrep a   : virtual orbitals shifted by    6.29289
          Delta Eig. =   168.9124407914 eV 
 
                                              current damping :  0.950
 ITERATION  ENERGY          1e-ENERGY        2e-ENERGY     NORM[dD(SAO)]  TOL
  39  -2596.2262182292    -14511.766284     6665.2460156    0.265D+02 0.219D-11
                            Exc =  -289.436092133883     N = 281.99795176    
                          Ediel =   -36.795688544038
          Norm of current diis error:  51.570    
          max. resid. norm for Fia-block=  7.824D-01 for orbital    100a         
          max. resid. fock norm         =  1.365D+00 for orbital     92a         
          irrep a   : virtual orbitals shifted by    2.17500
          Delta Eig. =    50.5174440063 eV 
 
                                              current damping :  0.850
 ITERATION  ENERGY          1e-ENERGY        2e-ENERGY     NORM[dD(SAO)]  TOL
  40  -2698.5839150057    -14108.935568     6160.0576034    0.353D+02 0.218D-11
                            Exc =  -277.630326866902     N = 281.99411527    
                          Ediel =    -3.645609163969
          Norm of current diis error:  39.724    
          max. resid. norm for Fia-block=  6.493D-01 for orbital     34a         
          max. resid. fock norm         =  2.158D+00 for orbital    168a         
          irrep a   : virtual orbitals shifted by    3.70365
 mo-orthogonalization: Cholesky decomposition
          Delta Eig. =    81.6367310263 eV 
 
                                              current damping :  0.900
 ITERATION  ENERGY          1e-ENERGY        2e-ENERGY     NORM[dD(SAO)]  TOL
  41  -2825.4359706437    -14481.273081     6405.5430606    0.178D+02 0.228D-11
                            Exc =  -286.504512624193     N = 281.99836644    
                          Ediel =    -2.289713640472
          Norm of current diis error:  41.700    
          max. resid. norm for Fia-block=  1.582D+00 for orbital    140a         
          max. resid. fock norm         =  2.386D+00 for orbital     43a         
          irrep a   : virtual orbitals shifted by    2.68302
          Delta Eig. =    50.9076628708 eV 
 
                                              current damping :  0.800
 ITERATION  ENERGY          1e-ENERGY        2e-ENERGY     NORM[dD(SAO)]  TOL
  42  -2876.6063254324    -14672.372382     6545.4720062    0.131D+02 0.189D-11
                            Exc =  -288.091709097522     N = 281.99801451    
                          Ediel =    -1.592488195324
          Norm of current diis error:  8.8720    
          max. resid. norm for Fia-block=  5.310D-01 for orbital     42a         
          max. resid. fock norm         =  1.877D+00 for orbital     45a         
          irrep a   : virtual orbitals shifted by    1.43395
          Delta Eig. =    55.5158045789 eV 
 
                                              current damping :  0.850
 ITERATION  ENERGY          1e-ENERGY        2e-ENERGY     NORM[dD(SAO)]  TOL
  43  -2797.8289820397    -15136.401094     7088.2780615    0.131D+02 0.392D-11
                            Exc =  -304.129418020240     N = 281.99958781    
                          Ediel =    -3.253131842401
          Norm of current diis error:  39.902    
          max. resid. norm for Fia-block=  4.895D-01 for orbital    105a         
          max. resid. fock norm         =  5.776D-01 for orbital    105a         
          irrep a   : virtual orbitals shifted by    0.57548
          Delta Eig. =    11.7504736836 eV 
 
                                              current damping :  0.900
 ITERATION  ENERGY          1e-ENERGY        2e-ENERGY     NORM[dD(SAO)]  TOL
  44  -2738.5908862005    -15218.633746     7229.7488096    0.818D+01 0.317D-11
                            Exc =  -308.554969081953     N = 282.00054843    
                          Ediel =   -10.412503866045
          Norm of current diis error:  49.781    
          max. resid. norm for Fia-block=  2.142D-01 for orbital    123a         
          max. resid. fock norm         =  3.005D-01 for orbital     78a         
          irrep a   : virtual orbitals shifted by    0.14385
          Delta Eig. =     6.2418404806 eV 
 
                                              current damping :  0.950
 ITERATION  ENERGY          1e-ENERGY        2e-ENERGY     NORM[dD(SAO)]  TOL
  45  -2720.5010958649    -15231.094814     7260.2996684    0.337D+01 0.223D-11
                            Exc =  -308.996167543174     N = 282.00126736    
                          Ediel =   -14.617759204141
          Norm of current diis error:  49.765    
          max. resid. norm for Fia-block=  7.016D-02 for orbital     43a         
          max. resid. fock norm         =  1.263D-01 for orbital    109a         
          irrep a   : virtual orbitals shifted by    0.08494
 mo-orthogonalization: Cholesky decomposition
          Delta Eig. =     4.4226906068 eV 
 
                                              current damping :  1.000
 ITERATION  ENERGY          1e-ENERGY        2e-ENERGY     NORM[dD(SAO)]  TOL
  46  -2738.4603209054    -15199.533123     7210.7787523    0.174D+01 0.202D-11
                            Exc =  -307.563686229366     N = 282.00121318    
                          Ediel =   -13.253771886458
          Norm of current diis error:  46.914    
          max. resid. norm for Fia-block=  2.579D+00 for orbital    108a         
          max. resid. fock norm         =  4.324D+00 for orbital    109a         
          irrep a   : virtual orbitals shifted by    8.35217
          Delta Eig. =   168.1063481735 eV 
 
                                              current damping :  1.050
 ITERATION  ENERGY          1e-ENERGY        2e-ENERGY     NORM[dD(SAO)]  TOL
  47  -2681.0008821360    -14123.208917     6191.9139848    0.511D+02 0.141D-11
                            Exc =  -282.458110399862     N = 281.99281077    
                          Ediel =    -5.977312253362
          Norm of current diis error:  48.415    
          max. resid. norm for Fia-block=  9.273D-01 for orbital    106a         
          max. resid. fock norm         =  1.710D+00 for orbital    635a         
          irrep a   : virtual orbitals shifted by    3.27409
          Delta Eig. =    47.8185611062 eV 
 
                                              current damping :  1.100
 ITERATION  ENERGY          1e-ENERGY        2e-ENERGY     NORM[dD(SAO)]  TOL
  48  -2779.7532582578    -14409.993071     6379.9457629    0.268D+02 0.190D-11
                            Exc =  -283.166214815585     N = 281.99188652    
                          Ediel =    -7.902533860325
          Norm of current diis error:  50.750    
          max. resid. norm for Fia-block=  1.844D+00 for orbital     42a         
          max. resid. fock norm         =  2.195D+00 for orbital     43a         
          irrep a   : virtual orbitals shifted by    3.13449
          Delta Eig. =    48.7100826282 eV 
 
                                              current damping :  1.000
 ITERATION  ENERGY          1e-ENERGY        2e-ENERGY     NORM[dD(SAO)]  TOL
  49  -2852.7527940150    -14694.921555     6591.8747107    0.170D+02 0.257D-11
                            Exc =  -288.796983743747     N = 281.99614135    
                          Ediel =    -1.531622830204
          Norm of current diis error:  18.124    
          max. resid. norm for Fia-block=  1.101D+00 for orbital    134a         
          max. resid. fock norm         =  2.139D+00 for orbital     40a         
          irrep a   : virtual orbitals shifted by    0.88286
          Delta Eig. =    50.5029048165 eV 
 
                                              current damping :  1.050
 ITERATION  ENERGY          1e-ENERGY        2e-ENERGY     NORM[dD(SAO)]  TOL
  50  -2871.6322511530    -14678.111228     6556.1849267    0.135D+02 0.240D-11
                            Exc =  -287.518997182309     N = 281.99737578    
                          Ediel =    -1.097189395470
          Norm of current diis error:  12.321    
          max. resid. norm for Fia-block=  6.680D-01 for orbital     44a         
          max. resid. fock norm         =  1.155D+00 for orbital    329a         
          irrep a   : virtual orbitals shifted by    0.94436
 mo-orthogonalization: Cholesky decomposition
          Delta Eig. =    49.4214593070 eV 
 
                                              current damping :  1.100
 ITERATION  ENERGY          1e-ENERGY        2e-ENERGY     NORM[dD(SAO)]  TOL
  51  -2854.3310680385    -14830.627839     6726.0027206    0.114D+02 0.217D-11
                            Exc =  -292.619598480713     N = 281.99850713    
                          Ediel =    -4.195299141624
          Norm of current diis error:  23.563    
          max. resid. norm for Fia-block=  2.675D-01 for orbital    103a         
          max. resid. fock norm         =  3.825D-01 for orbital    108a         
          irrep a   : virtual orbitals shifted by    0.23659
          Delta Eig. =     7.8010519071 eV 
 
                                              current damping :  1.150
 ITERATION  ENERGY          1e-ENERGY        2e-ENERGY     NORM[dD(SAO)]  TOL
  52  -2819.2706327702    -14914.042338     6844.4776552    0.459D+01 0.207D-11
                            Exc =  -296.140322479326     N = 282.00006476    
                          Ediel =    -9.120535988570
          Norm of current diis error:  37.657    
          max. resid. norm for Fia-block=  1.236D-01 for orbital    141a         
          max. resid. fock norm         =  2.073D-01 for orbital    145a         
          irrep a   : virtual orbitals shifted by    0.17472
          Delta Eig. =     2.8525971995 eV 
 
                                              current damping :  1.200
 ITERATION  ENERGY          1e-ENERGY        2e-ENERGY     NORM[dD(SAO)]  TOL
  53  -2829.6233919549    -14905.615242     6825.6977997    0.258D+01 0.193D-11
                            Exc =  -295.310001264505     N = 282.00040857    
                          Ediel =    -8.100285952090
          Norm of current diis error:  34.887    
          max. resid. norm for Fia-block=  2.352D-01 for orbital    125a         
          max. resid. fock norm         =  5.233D-01 for orbital    776a         
          irrep a   : virtual orbitals shifted by    0.37642
          Delta Eig. =    12.5796770334 eV 
 
                                              current damping :  1.250
 ITERATION  ENERGY          1e-ENERGY        2e-ENERGY     NORM[dD(SAO)]  TOL
  54  -2798.0323643628    -14981.273122     6932.9467081    0.357D+01 0.191D-11
                            Exc =  -296.455417444012     N = 282.00089163    
                          Ediel =   -17.478384383012
          Norm of current diis error:  39.912    
          max. resid. norm for Fia-block=  2.515D+00 for orbital    134a         
          max. resid. fock norm         =  3.075D+00 for orbital    134a         
          irrep a   : virtual orbitals shifted by    5.35170
          Delta Eig. =    85.7791912656 eV 
 
                                              current damping :  1.300
 ITERATION  ENERGY          1e-ENERGY        2e-ENERGY     NORM[dD(SAO)]  TOL
  55  -2797.3655838604    -14983.082148     6935.4225141    0.114D+02 0.239D-11
                            Exc =  -298.535671185684     N = 281.99955489    
                          Ediel =   -13.598578239235
          Norm of current diis error:  34.961    
          max. resid. norm for Fia-block=  1.207D+00 for orbital    136a         
          max. resid. fock norm         =  1.858D+00 for orbital     98a         
          irrep a   : virtual orbitals shifted by    3.11127
 mo-orthogonalization: Cholesky decomposition
          Delta Eig. =    52.7648398956 eV 
 
                                              current damping :  1.350
 ITERATION  ENERGY          1e-ENERGY        2e-ENERGY     NORM[dD(SAO)]  TOL
  56  -2836.5981340222    -14417.226813     6330.3346290    0.209D+02 0.245D-11
                            Exc =  -285.871694713039     N = 281.99710027    
                          Ediel =    -4.590618449016
          Norm of current diis error:  21.295    
          max. resid. norm for Fia-block=  6.583D-01 for orbital     89a         
          max. resid. fock norm         =  1.847D+00 for orbital    668a         
          irrep a   : virtual orbitals shifted by    1.92250
          Delta Eig. =    68.4385978595 eV 
 
                                              current damping :  1.400
 ITERATION  ENERGY          1e-ENERGY        2e-ENERGY     NORM[dD(SAO)]  TOL
  57  -2878.4359717836    -14676.276258     6547.5462363    0.184D+02 0.216D-11
                            Exc =  -288.031850330256     N = 281.99908815    
                          Ediel =    -0.673176754058
          Norm of current diis error:  7.3378    
          max. resid. norm for Fia-block=  4.284D-01 for orbital    138a         
          max. resid. fock norm         =  6.242D-01 for orbital    238a         
          irrep a   : virtual orbitals shifted by    0.49092
          Delta Eig. =    23.7505461638 eV 
 
                                              current damping :  1.450
 ITERATION  ENERGY          1e-ENERGY        2e-ENERGY     NORM[dD(SAO)]  TOL
  58  -2873.3659388960    -14790.332931     6666.6729419    0.716D+01 0.200D-11
                            Exc =  -291.273168890877     N = 282.00012547    
                          Ediel =    -0.332651578897
          Norm of current diis error:  14.696    
          max. resid. norm for Fia-block=  3.309D-01 for orbital     72a         
          max. resid. fock norm         =  4.951D-01 for orbital    692a         
          irrep a   : virtual orbitals shifted by    0.30684
          Delta Eig. =    19.9968085210 eV 
 
                                              current damping :  1.500
 ITERATION  ENERGY          1e-ENERGY        2e-ENERGY     NORM[dD(SAO)]  TOL
  59  -2864.2401563950    -14848.528640     6733.9944340    0.485D+01 0.205D-11
                            Exc =  -292.485590387975     N = 282.00048117    
                          Ediel =    -1.847903817282
          Norm of current diis error:  21.901    
          max. resid. norm for Fia-block=  1.892D-01 for orbital     45a         
          max. resid. fock norm         =  2.924D-01 for orbital    677a         
          irrep a   : virtual orbitals shifted by    0.18850
          Delta Eig. =    11.5735182458 eV 
 
                                              current damping :  1.550
 ITERATION  ENERGY          1e-ENERGY        2e-ENERGY     NORM[dD(SAO)]  TOL
  60  -2833.0772379670    -14952.338767     6868.9674788    0.294D+01 0.197D-11
                            Exc =  -295.415449698321     N = 282.00065699    
                          Ediel =    -6.386632653792
          Norm of current diis error:  35.016    
          max. resid. norm for Fia-block=  1.256D-01 for orbital     45a         
          max. resid. fock norm         =  2.436D-01 for orbital    165a         
          irrep a   : virtual orbitals shifted by    0.10835
 mo-orthogonalization: Cholesky decomposition
          Delta Eig. =     7.5653782278 eV 
 
                                              current damping :  1.600
 ITERATION  ENERGY          1e-ENERGY        2e-ENERGY     NORM[dD(SAO)]  TOL
  61  -2815.0042012321    -15051.185405     6985.8871538    0.196D+01 0.186D-11
                            Exc =  -298.720204381465     N = 282.00067563    
                          Ediel =    -8.112709909549
          Norm of current diis error:  35.973    
          max. resid. norm for Fia-block=  1.208D+00 for orbital    132a         
          max. resid. fock norm         =  3.335D+00 for orbital    776a         
          irrep a   : virtual orbitals shifted by    3.77409
          Delta Eig. =    52.8871732428 eV 
 
                                              current damping :  1.650
 ITERATION  ENERGY          1e-ENERGY        2e-ENERGY     NORM[dD(SAO)]  TOL
  62  -2859.9259824202    -14876.781627     6766.5615950    0.406D+01 0.192D-11
                            Exc =  -294.482320108849     N = 282.00058252    
                          Ediel =    -0.462820883028
          Norm of current diis error:  24.891    
          max. resid. norm for Fia-block=  1.178D+00 for orbital     85a         
          max. resid. fock norm         =  1.524D+00 for orbital    296a         
          irrep a   : virtual orbitals shifted by    1.72790
          Delta Eig. =    32.3783854835 eV 
 
                                              current damping :  1.550
 ITERATION  ENERGY          1e-ENERGY        2e-ENERGY     NORM[dD(SAO)]  TOL
  63  -2860.2163159644    -14586.281801     6475.7714352    0.124D+02 0.222D-11
                            Exc =  -288.402753817944     N = 282.00050668    
                          Ediel =    -2.233038797322
          Norm of current diis error:  15.725    
          max. resid. norm for Fia-block=  6.789D-01 for orbital    140a         
          max. resid. fock norm         =  1.177D+00 for orbital    652a         
          irrep a   : virtual orbitals shifted by    1.77269
          Delta Eig. =    42.0470829729 eV 
 
                                              current damping :  1.600
 ITERATION  ENERGY          1e-ENERGY        2e-ENERGY     NORM[dD(SAO)]  TOL
  64  -2882.7069100891    -14730.218985     6597.2180249    0.124D+02 0.392D-11
                            Exc =  -288.212165992027     N = 282.00019518    
                          Ediel =    -0.444224834508
          Norm of current diis error:  5.2435    
          max. resid. norm for Fia-block=  3.350D-01 for orbital    141a         
          max. resid. fock norm         =  6.550D-01 for orbital    348a         
          irrep a   : virtual orbitals shifted by    0.72545
          Delta Eig. =    14.2800192763 eV 
 
                                              current damping :  1.650
 ITERATION  ENERGY          1e-ENERGY        2e-ENERGY     NORM[dD(SAO)]  TOL
  65  -2885.0061996210    -14703.090432     6567.7901827    0.296D+01 0.258D-11
                            Exc =  -287.915753218074     N = 282.00018449    
                          Ediel =    -0.178415645271
          Norm of current diis error:  3.9513    
          max. resid. norm for Fia-block=  2.646D-01 for orbital     44a         
          max. resid. fock norm         =  4.027D-01 for orbital    698a         
          irrep a   : virtual orbitals shifted by    0.02579
 mo-orthogonalization: Cholesky decomposition
          Delta Eig. =    15.3146562540 eV 
 
                                              current damping :  1.700
 ITERATION  ENERGY          1e-ENERGY        2e-ENERGY     NORM[dD(SAO)]  TOL
  66  -2886.3472857711    -14723.039754     6586.3984184    0.227D+01 0.202D-11
                            Exc =  -288.336712335761     N = 282.00018033    
                          Ediel =    -0.165329873202
          Norm of current diis error:  2.2798    
          max. resid. norm for Fia-block=  1.341D-01 for orbital    112a         
          max. resid. fock norm         =  2.282D-01 for orbital    708a         
          Delta Eig. =     6.8286893370 eV 
 
                                              current damping :  1.750
 ITERATION  ENERGY          1e-ENERGY        2e-ENERGY     NORM[dD(SAO)]  TOL
  67  -2886.8856861347    -14720.223069     6583.0433328    0.116D+01 0.171D-11
                            Exc =  -288.195755264628     N = 282.00006988    
                          Ediel =    -0.181005417805
          Norm of current diis error:  1.4985    
          max. resid. norm for Fia-block=  9.213D-02 for orbital     75a         
          max. resid. fock norm         =  1.930D-01 for orbital    161a         
          irrep a   : virtual orbitals shifted by    0.02946
          Delta Eig. =     4.1498182309 eV 
 
                                              current damping :  1.800
 ITERATION  ENERGY          1e-ENERGY        2e-ENERGY     NORM[dD(SAO)]  TOL
  68  -2887.1031056244    -14735.232017     6597.8348613    0.575D+00 0.157D-11
                            Exc =  -288.510007057088     N = 281.99999909    
                          Ediel =    -0.154486428277
          Norm of current diis error: 0.79210    
          max. resid. norm for Fia-block=  5.096D-02 for orbital    136a         
          max. resid. fock norm         =  6.090D-02 for orbital    143a         
          Delta Eig. =     0.9577847332 eV 
 
                                              current damping :  1.850
 ITERATION  ENERGY          1e-ENERGY        2e-ENERGY     NORM[dD(SAO)]  TOL
  69  -2887.2007172164    -14723.469261     6585.9744936    0.424D+00 0.150D-11
                            Exc =  -288.216135468210     N = 281.99996390    
                          Ediel =    -0.174236427890
          Norm of current diis error: 0.68989    
          max. resid. norm for Fia-block=  2.803D-02 for orbital    136a         
          max. resid. fock norm         =  6.324D-02 for orbital    157a         
          Delta Eig. =     1.4272253758 eV 
 
                                              current damping :  1.900
 ITERATION  ENERGY          1e-ENERGY        2e-ENERGY     NORM[dD(SAO)]  TOL
  70  -2887.2604669785    -14728.882734     6591.3282174    0.177D+00 0.143D-11
                            Exc =  -288.347539663649     N = 281.99996922    
                          Ediel =    -0.169416626824
          Norm of current diis error: 0.27420    
          max. resid. norm for Fia-block=  1.461D-02 for orbital    112a         
          max. resid. fock norm         =  3.042D-02 for orbital     75a         
 mo-orthogonalization: Cholesky decomposition
          Delta Eig. =     0.5494013597 eV 
 
                                              current damping :  1.750
 ITERATION  ENERGY          1e-ENERGY        2e-ENERGY     NORM[dD(SAO)]  TOL
  71  -2887.2778560588    -14729.102245     6591.5303387    0.876D-01 0.138D-11
                            Exc =  -288.371566421389     N = 281.99994873    
                          Ediel =    -0.168705171879
          Norm of current diis error: 0.17176    
          max. resid. norm for Fia-block=  9.344D-03 for orbital    140a         
          max. resid. fock norm         =  1.746D-02 for orbital    153a         
          Delta Eig. =     0.4567131780 eV 
 
                                              current damping :  1.650
 ITERATION  ENERGY          1e-ENERGY        2e-ENERGY     NORM[dD(SAO)]  TOL
  72  -2887.2845089747    -14731.265855     6593.6872959    0.543D-01 0.134D-11
                            Exc =  -288.425231046254     N = 281.99995891    
                          Ediel =    -0.166345228835
          Norm of current diis error: 0.15751    
          max. resid. norm for Fia-block=  6.616D-03 for orbital    112a         
          max. resid. fock norm         =  1.510D-02 for orbital    764a         
          Delta Eig. =     0.2385835225 eV 
 
                                              current damping :  1.700
 ITERATION  ENERGY          1e-ENERGY        2e-ENERGY     NORM[dD(SAO)]  TOL
  73  -2887.2881192680    -14729.662108     6592.0799390    0.503D-01 0.131D-11
                            Exc =  -288.389771821516     N = 281.99995278    
                          Ediel =    -0.169323778110
          Norm of current diis error: 0.12090    
          max. resid. norm for Fia-block=  4.315D-03 for orbital    138a         
          max. resid. fock norm         =  1.396D-02 for orbital    147a         
          Delta Eig. =     0.1553687750 eV 
 
                                              current damping :  1.550
 ITERATION  ENERGY          1e-ENERGY        2e-ENERGY     NORM[dD(SAO)]  TOL
  74  -2887.2889757815    -14729.539435     6591.9564090    0.417D-01 0.128D-11
                            Exc =  -288.393911818331     N = 281.99995003    
                          Ediel =    -0.169078233389
          Norm of current diis error: 0.12420    
          max. resid. norm for Fia-block=  3.592D-03 for orbital    141a         
          max. resid. fock norm         =  1.093D-02 for orbital    767a         
          Delta Eig. =     0.2037871155 eV 
 
                                              current damping :  1.600
 ITERATION  ENERGY          1e-ENERGY        2e-ENERGY     NORM[dD(SAO)]  TOL
  75  -2887.2902802683    -14730.390803     6592.8064730    0.176D-01 0.126D-11
                            Exc =  -288.414869670917     N = 281.99994246    
                          Ediel =    -0.167897774667
          Norm of current diis error: 0.62321E-01
          max. resid. norm for Fia-block=  1.952D-03 for orbital    111a         
          max. resid. fock norm         =  4.394D-03 for orbital    742a         
 mo-orthogonalization: Cholesky decomposition
          Delta Eig. =     0.0805939971 eV 
 
                                              current damping :  1.450
 ITERATION  ENERGY          1e-ENERGY        2e-ENERGY     NORM[dD(SAO)]  TOL
  76  -2887.2906308265    -14730.393862     6592.8091815    0.567D-02 0.125D-11
                            Exc =  -288.412511153966     N = 281.99994603    
                          Ediel =    -0.167963100380
          Norm of current diis error: 0.30488E-01
          max. resid. norm for Fia-block=  1.297D-03 for orbital    138a         
          max. resid. fock norm         =  2.070D-03 for orbital    142a         
          Delta Eig. =     0.0650821549 eV 
 
                                              current damping :  1.500
 ITERATION  ENERGY          1e-ENERGY        2e-ENERGY     NORM[dD(SAO)]  TOL
  77  -2887.2907035372    -14729.872117     6592.2873635    0.262D-02 0.124D-11
                            Exc =  -288.401005631848     N = 281.99994393    
                          Ediel =    -0.168762453599
          Norm of current diis error: 0.25302E-01
          max. resid. norm for Fia-block=  7.566D-04 for orbital    138a         
          max. resid. fock norm         =  1.379D-03 for orbital    147a         
          Delta Eig. =     0.0338979093 eV 
 
                                              current damping :  1.550
 ITERATION  ENERGY          1e-ENERGY        2e-ENERGY     NORM[dD(SAO)]  TOL
  78  -2887.2907673557    -14730.117048     6592.5322310    0.167D-02 0.123D-11
                            Exc =  -288.406391639895     N = 281.99994461    
                          Ediel =    -0.168449788143
          Norm of current diis error: 0.10463E-01
          max. resid. norm for Fia-block=  5.863D-04 for orbital    141a         
          max. resid. fock norm         =  2.209D-03 for orbital    766a         
          Delta Eig. =     0.0308752198 eV 
 
                                              current damping :  1.600
 ITERATION  ENERGY          1e-ENERGY        2e-ENERGY     NORM[dD(SAO)]  TOL
  79  -2887.2907523885    -14730.204507     6592.6197049    0.750D-03 0.122D-11
                            Exc =  -288.407812368583     N = 281.99994393    
                          Ediel =    -0.168354386466
          Norm of current diis error: 0.19752E-01
          max. resid. norm for Fia-block=  2.699D-04 for orbital    141a         
          max. resid. fock norm         =  6.908D-04 for orbital    147a         
          Delta Eig. =     0.0095559463 eV 
 
                                              current damping :  1.650
 ITERATION  ENERGY          1e-ENERGY        2e-ENERGY     NORM[dD(SAO)]  TOL
  80  -2887.2907754578    -14730.161865     6592.5770400    0.442D-03 0.121D-11
                            Exc =  -288.407026562336     N = 281.99994376    
                          Ediel =    -0.168364705506
          Norm of current diis error: 0.11037E-01
          max. resid. norm for Fia-block=  2.252D-04 for orbital    138a         
          max. resid. fock norm         =  4.913D-04 for orbital    147a         
 mo-orthogonalization: Cholesky decomposition
          Delta Eig. =     0.0084766616 eV 
 
                                              current damping :  1.500
 ITERATION  ENERGY          1e-ENERGY        2e-ENERGY     NORM[dD(SAO)]  TOL
  81  -2887.2907849392    -14730.145590     6592.5607553    0.155D-03 0.120D-11
                            Exc =  -288.406776464767     N = 281.99994382    
                          Ediel =    -0.168389446905
          Norm of current diis error: 0.36256E-02
          max. resid. norm for Fia-block=  1.375D-04 for orbital    138a         
          max. resid. fock norm         =  2.456D-04 for orbital    742a         
          Delta Eig. =     0.0055412356 eV 
 
                                              current damping :  1.550
 ITERATION  ENERGY          1e-ENERGY        2e-ENERGY     NORM[dD(SAO)]  TOL
  82  -2887.2907861583    -14730.153301     6592.5684644    0.851D-04 0.119D-11
                            Exc =  -288.407020421282     N = 281.99994384    
                          Ediel =    -0.168392913008
          Norm of current diis error: 0.16797E-02
          max. resid. norm for Fia-block=  7.946D-05 for orbital    141a         
          max. resid. fock norm         =  1.264D-04 for orbital    155a         
          Delta Eig. =     0.0033691644 eV 
 
                                              current damping :  1.600
 ITERATION  ENERGY          1e-ENERGY        2e-ENERGY     NORM[dD(SAO)]  TOL
  83  -2887.2907861347    -14730.119393     6592.5345568    0.406D-04 0.119D-11
                            Exc =  -288.406228796170     N = 281.99994376    
                          Ediel =    -0.168438114241
          Norm of current diis error: 0.22685E-02
          max. resid. norm for Fia-block=  4.886D-05 for orbital    138a         
          max. resid. fock norm         =  1.118D-04 for orbital    147a         
          Delta Eig. =     0.0023012767 eV 
 
                                              current damping :  1.650
 ITERATION  ENERGY          1e-ENERGY        2e-ENERGY     NORM[dD(SAO)]  TOL
  84  -2887.2907863011    -14730.125619     6592.5407832    0.160D-04 0.118D-11
                            Exc =  -288.406414748642     N = 281.99994375    
                          Ediel =    -0.168422507442
          Norm of current diis error: 0.18608E-02
          max. resid. norm for Fia-block=  3.672D-05 for orbital    141a         
          max. resid. fock norm         =  6.575D-05 for orbital    766a         
          Delta Eig. =     0.0016878925 eV 
 
                                              current damping :  1.500
 ITERATION  ENERGY          1e-ENERGY        2e-ENERGY     NORM[dD(SAO)]  TOL
  85  -2887.2907865662    -14730.136947     6592.5521101    0.160D-04 0.392D-11
                            Exc =  -288.406657001268     N = 281.99994374    
                          Ediel =    -0.168410786511
          Norm of current diis error: 0.62611E-03
          max. resid. norm for Fia-block=  1.626D-05 for orbital    141a         
          max. resid. fock norm         =  4.596D-05 for orbital    766a         
 mo-orthogonalization: Cholesky decomposition
          Delta Eig. =     0.0008153390 eV 
 
                                              current damping :  1.350
 ITERATION  ENERGY          1e-ENERGY        2e-ENERGY     NORM[dD(SAO)]  TOL
  86  -2887.2907865999    -14730.139726     6592.5548899    0.215D-03 0.249D-11
                            Exc =  -288.406721776113     N = 281.99994373    
                          Ediel =    -0.168410446811
          Norm of current diis error: 0.22175E-03
          max. resid. norm for Fia-block=  8.792D-06 for orbital    138a         
          max. resid. fock norm         =  2.248D-05 for orbital    771a         
          Delta Eig. =     0.0005185956 eV 
 
                                              current damping :  1.200
 ITERATION  ENERGY          1e-ENERGY        2e-ENERGY     NORM[dD(SAO)]  TOL
  87  -2887.2907866054    -14730.141393     6592.5565562    0.108D-03 0.203D-11
                            Exc =  -288.406756170635     N = 281.99994373    
                          Ediel =    -0.168407351649
          Norm of current diis error: 0.12422E-03
          max. resid. norm for Fia-block=  5.261D-06 for orbital     32a         
          max. resid. fock norm         =  1.400D-05 for orbital    772a         
          Delta Eig. =     0.0002341593 eV 
 
                                              current damping :  1.250
 ITERATION  ENERGY          1e-ENERGY        2e-ENERGY     NORM[dD(SAO)]  TOL
  88  -2887.2907866052    -14730.140960     6592.5561230    0.462D-04 0.177D-11
                            Exc =  -288.406750684794     N = 281.99994372    
                          Ediel =    -0.168408043239
          Norm of current diis error: 0.66938E-04
          max. resid. norm for Fia-block=  2.705D-06 for orbital     32a         
          max. resid. fock norm         =  6.681D-06 for orbital    772a         
          Delta Eig. =     0.0000976477 eV 

 ENERGY CONVERGED !

 Evaluating v_xc on big grid 
          Overall gridpoints after grid construction =        440685
 
                                              current damping :  1.300
 ITERATION  ENERGY          1e-ENERGY        2e-ENERGY     NORM[dD(SAO)]  TOL
  89  -2887.2903566257    -14730.140835     6592.5564282    0.173D-04 0.164D-11
                            Exc =  -288.406315424591     N = 281.99983567    
                          Ediel =    -0.168408578633
          max. resid. norm for Fia-block=  4.602D-06 for orbital    138a         
          max. resid. fock norm         =  7.175D-06 for orbital    151a         

 convergence criteria satisfied after    89 iterations


                  ------------------------------------------ 
                 |  total energy      =  -2887.29035662569  |
                  ------------------------------------------ 
                 :  kinetic energy    =   2294.86071762797  :
                 :  potential energy  =  -5182.15107425366  :
                 :  virial theorem    =      1.79481466502  :
                 :  wavefunction norm =      1.00000000000  :
                  .......................................... 


 orbitals $scfmo  will be written to file mos

    irrep                137a        138a        139a        140a        141a   
 eigenvalues H         -0.28121    -0.27875    -0.27403    -0.27278    -0.27133
            eV          -7.6521     -7.5852     -7.4569     -7.4227     -7.3832
 occupation              2.0000      2.0000      2.0000      2.0000      2.0000

    irrep                142a        143a        144a        145a        146a   
 eigenvalues H         -0.21674    -0.21611    -0.21512    -0.21218    -0.21187
            eV          -5.8977     -5.8806     -5.8537     -5.7737     -5.7654
 
 ==============================================================================
                                  COSMO RESULTS
 ==============================================================================
  PARAMETER:
    nppa:      1082
    nspa:        92
    nsph:        32
    nps:       1242
    npspher:    600
    disex:   10.0000    
    disex2:  3817.41    
    rsolv [A]: 1.3000
    routf:     0.8500
    phsran:    0.0    
    ampran:   0.10E-04
    cavity:  closed
    epsilon: infinity
    refind:     1.300
    fepsi:      1.0000000
  CAVITY VOLUME/AREA [a.u.]:
    surface: V1.0, A matrix: V1.0
    area:  1243.04
    volume:  3212.96
  SCREENING CHARGE:
    cosmo      :  -1.024450
    correction :   0.024266
    total      :  -1.000184
  ENERGIES [a.u.]:
    Total energy            =   -2887.2903566256900
    Total energy + OC corr. =    -2887.2891018741
    Dielectric energy       =       -0.1684085786
    Diel. energy + OC corr. =       -0.1671538270
  ELEMENT RADIUS [A]: ATOM LIST
    o  1.72: 1,3,4,6-10,12,13,15,16,18-21,23-26,28,29
    ce 2.22: 2,14
    n  1.83: 5,11,17,22,27
    h  1.30: 30-41
 ==============================================================================
 
 
 
 ==============================================================================
                           electrostatic moments
 ==============================================================================

 reference point for electrostatic moments:    0.00000   0.00000   0.00000

 
              nuc           elec       ->  total
 ------------------------------------------------------------------------------
                          charge      
 ------------------------------------------------------------------------------
         283.000000    -282.000000       1.000000
 
 ------------------------------------------------------------------------------
                       dipole moment  
 ------------------------------------------------------------------------------
   x      98.927669    -102.084363      -3.156694
   y      43.718888     -42.806592       0.912295
   z   -1151.298109    1148.788674      -2.509435
 
   | dipole moment | =     4.1345 a.u. =    10.5089 debye 
 
 ------------------------------------------------------------------------------
                     quadrupole moment
 ------------------------------------------------------------------------------
  xx    3087.933741   -3249.049290    -161.115549
  yy    3334.093186   -3510.324570    -176.231384
  zz    9578.560923   -9621.339213     -42.778290
  xy      -4.384844      -1.878368      -6.263212
  xz     664.243220    -631.532976      32.710244
  yz    -692.921201     679.267440     -13.653760
 
     1/3  trace=    -126.708408
     anisotropy=     141.095008
 
 ==============================================================================
 
HOMO-LUMO Separation
 HOMO         :   -0.27132696 H =     -7.38319 eV
 LUMO         :   -0.21673561 H =     -5.89768 eV
 HOMO-LUMO gap:    0.05459135 H =     +1.48551 eV
 
 ==============================================================================


    ------------------------------------------------------------------------
         total  cpu-time : 11 hours 12 minutes and  1 seconds
         total wall-time :  1 hours 30 minutes and 13 seconds
    ------------------------------------------------------------------------

   ****  dscf : all done  ****


    2024-03-07 13:33:14.172 

 dscf ended normally
