
  ========================================================================
                license information 
 Customer : 200000000019588
 ID       : LKO2306259

 License file is VALID, continuing with full version
  ========================================================================

   OpenMP run-time library returned nthreads =  8
 operating system is UNIX !

 dscf (u-0-8.local) : TURBOMOLE rev. V7-7-1 compiled 2 Jan 2023 at 20:18:50
 Copyright (C) 2023 TURBOMOLE GmbH, Karlsruhe


    2024-02-15 15:38:47.237 



                             d s c f - program

                   idea & directorship : reinhart ahlrichs
                   program development : marco haeser
                                         michael baer
                           dft version : oliver treutler


                          quantum chemistry group
                          universitaet  karlsruhe
                                  germany



   *-----------------------------------------------------------------------*
   |                     program will use  8 thread(s)                     |
   *-----------------------------------------------------------------------*


              +--------------------------------------------------+
              | Atomic coordinate, charge and isotop information |
              +--------------------------------------------------+

                    atomic coordinates            atom    charge  isotop
         -0.44428028    0.47398300   -3.83559792    ce    58.000     0
          0.47412095   -0.49803543    3.77745483    ce    58.000     0
          3.13814347   -1.39100095   -8.14784146    h      1.000     0
         -3.07779884    1.71003585    7.95877058    h      1.000     0
          0.40506847   -1.45868905   -9.17681624    h      1.000     0
         -0.35815035    1.67325045    9.02542650    h      1.000     0
         -5.03986558   -1.40187254   -7.12981009    h      1.000     0
          5.06131019    1.24511976    7.13501250    h      1.000     0
         -4.12415154    1.14165726   -8.23105744    h      1.000     0
          4.04188420   -1.23708465    8.27950813    h      1.000     0
         -0.87838817    5.69213668   -6.62666673    h      1.000     0
          0.37937008   -5.64514297    6.69270698    h      1.000     0
          0.44330707    3.83957768   -8.45473109    h      1.000     0
         -0.79688050   -3.61794682    8.43930526    h      1.000     0
          5.28186202   -2.70553791    2.15300656    n      7.000     0
         -5.44996828    1.93538948   -1.93911602    n      7.000     0
          0.80564127   -4.91869445   -3.65802413    n      7.000     0
         -0.01538993    5.00855660    3.59697275    n      7.000     0
          3.74784282    3.98863550   -2.95393674    n      7.000     0
         -4.09701129   -3.49789441    2.93033406    n      7.000     0
          0.07586117    0.03355965   -0.04065935    o      8.000     0
          3.36114249   -4.01216637    2.71040207    o      8.000     0
         -3.77697295    3.51911037   -2.57025242    o      8.000     0
          5.01412562   -0.35439168    2.34485533    o      8.000     0
         -4.86605802   -0.34755654   -2.22576290    o      8.000     0
          7.23235986   -3.66248956    1.48109364    o      8.000     0
         -7.46734352    2.58495071   -1.11115330    o      8.000     0
          1.56192857   -0.47541730   -8.16387579    o      8.000     0
         -1.55539201    0.71149134    8.03942220    o      8.000     0
          2.50998338   -3.26928668   -3.58307193    o      8.000     0
         -1.93465059    3.61514814    3.53230821    o      8.000     0
         -1.42760872   -4.08909334   -3.85410779    o      8.000     0
          2.08340227    3.87327717    3.73651958    o      8.000     0
          1.25269189   -7.14597669   -3.54568936    o      8.000     0
         -0.14847011    7.27811579    3.52579055    o      8.000     0
         -3.54389034   -0.45049937   -7.55336574    o      8.000     0
          3.52679210    0.34310624    7.52639746    o      8.000     0
          1.51639940    4.62686216   -2.47031425    o      8.000     0
         -1.94654264   -4.38169476    2.45194044    o      8.000     0
          4.02121060    1.79661366   -3.87159909    o      8.000     0
         -4.12707684   -1.27379825    3.80352927    o      8.000     0
          5.52439514    5.35753988   -2.57265048    o      8.000     0
         -6.00923462   -4.67894301    2.58539857    o      8.000     0
         -0.91421549    3.97740297   -7.24336751    o      8.000     0
          0.54049002   -3.91230946    7.23331228    o      8.000     0
 
       center of nuclear mass  :    0.01963671   -0.01398015   -0.00506617
       center of nuclear charge:    0.01854610   -0.01314426   -0.00373794

              +--------------------------------------------------+
              |               basis set information              |
              +--------------------------------------------------+

              we will work with the 1s 3p 5d 7f 9g ... basis set
              ...i.e. with spherical basis functions...

   type   atoms  prim   cont   basis
   ---------------------------------------------------------------------------
    ce       2    168     96   def-TZVP   [10s8p5d4f1g|14s13p10d8f1g]
    h       12      8      6   def-TZVP   [3s1p|5s1p]
    n        6     34     19   def-TZVP   [5s3p1d|11s6p1d]
    o       25     34     19   def-TZVP   [5s3p1d|11s6p1d]
   ---------------------------------------------------------------------------
   total:   45   1486    853
   ---------------------------------------------------------------------------

   total number of primitive shells          :   88
   total number of contracted shells         :  383
   total number of cartesian basis functions :  930
   total number of SCF-basis functions       :  853

  number of unique ecp types :    1

 integral neglect threshold       :  0.36E-11
 integral storage threshold THIZE :  0.10E-04
 integral storage threshold THIME :         5


 DENSITY CONVERGENCE CHECK SWITCHED ON !
 SCF CONVERGENCE IF RMS(delta[D]) <     0.1000000000E-06


 symmetry group of the molecule :   c1 

 the group has the following generators :
   c1(z)

    1 symmetry operations found

 there are 1 real representations :   a   

 maximum number of shells which are related by symmetry :  1

  
           ------------------
           density functional
           ------------------
 B-P86 functional
 exchange:    LDA + Becke (B88)
 correlation: LDA (VWN) + Perdew (P86)
 iterations will be done with small grid
  
 spherical integration : Lebedev's spherical grid
 spherical gridsize    :                     4
    i.e. gridpoints    :                   434
  maximum batchsize    :                   100
 value for diffuse not defined
 radial integration    : Chebyshev 2nd kind (scaling 3)
 radial gridsize       :                     6
 integration cells     :                    45
 partition function    : becke
 partition sharpness   :                     3
  

          ------------------------
          nuclear repulsion energy  :   6388.18521056    
          ------------------------


         -----------------
         -S,T+V- integrals
         -----------------

 1e-integrals will be neglected if expon. factor < 0.359351E-12


          ----------------
          -ecp-  integrals
          ----------------
 
 Difference densities algorithm switched on.
 The maximal number of linear combinations of
 difference densities is  20.

 DIIS switched on: error vector is FDS-SDF
 Max. Iterations for DIIS is     :   4
 DIIS matrix (see manual) 
    Scaling factor of diagonals  :  1.200
    threshold for scaling factor :  0.000

 scf convergence criterion : increment of total energy < .1000000D-06
                  and increment of one-electron energy < .1000000D-03

 MOs are in ASCII format !


    mo occupation :
   irrep   mo's   occupied
    a      853      157
 
 number of basis functions   :   853
 number of occupied orbitals :   157
 

 reading orbital data $scfmo  from file mos
 orbital characterization : scfconv=7
 mo-orthogonalization by Cholesky decomposition

 automatic virtual orbital shift switched on 
      shift if e(lumo)-e(homo) < 0.10000000    


 DSCF restart information will be dumped onto file mos

          Overall gridpoints after grid construction =        144153
 
                                              current damping :  0.300
 ITERATION  ENERGY          1e-ENERGY        2e-ENERGY     RMS[dD(SAO)]   TOL
   1  -3167.8211312096    -17423.995936     7867.9895941    0.000D+00 0.358D-11
                            Exc =  -321.384536930343     N = 314.00010702    
          max. resid. norm for Fia-block=  1.441D-02 for orbital    143a         
          max. resid. fock norm         =  5.007D-02 for orbital    188a         
          irrep a   : virtual orbitals shifted by    0.04425
          Delta Eig. =     1.1767990004 eV 
 
                                              current damping :  0.300
 ITERATION  ENERGY          1e-ENERGY        2e-ENERGY     RMS[dD(SAO)]   TOL
   2  -3167.8063778719    -17431.873451     7875.8818622    0.937D-03 0.227D-11
                            Exc =  -321.510232751210     N = 314.00000790    
          Norm of current diis error: 0.70083    
          max. resid. norm for Fia-block=  6.845D-03 for orbital    157a         
          max. resid. fock norm         =  1.420D-02 for orbital    490a         
          irrep a   : virtual orbitals shifted by    0.02013
          Delta Eig. =     0.9280760519 eV 
 
                                              current damping :  0.250
 ITERATION  ENERGY          1e-ENERGY        2e-ENERGY     RMS[dD(SAO)]   TOL
   3  -3167.8354750109    -17422.763809     7866.7431234    0.336D-03 0.194D-11
                            Exc =  -321.325090437382     N = 314.00000731    
          Norm of current diis error: 0.28227    
          max. resid. norm for Fia-block=  6.563D-03 for orbital    151a         
          max. resid. fock norm         =  1.127D-02 for orbital    816a         
          irrep a   : virtual orbitals shifted by    0.03205
          Delta Eig. =     0.5929701995 eV 
 
                                              current damping :  0.300
 ITERATION  ENERGY          1e-ENERGY        2e-ENERGY     RMS[dD(SAO)]   TOL
   4  -3167.8344742811    -17425.229976     7869.2102908    0.242D-03 0.191D-11
                            Exc =  -321.452411803011     N = 314.00000741    
          Norm of current diis error: 0.31979    
          max. resid. norm for Fia-block=  2.636D-03 for orbital    151a         
          max. resid. fock norm         =  6.691D-03 for orbital    816a         
          irrep a   : virtual orbitals shifted by    0.02789
          Delta Eig. =     0.2822427156 eV 
 
                                              current damping :  0.200
 ITERATION  ENERGY          1e-ENERGY        2e-ENERGY     RMS[dD(SAO)]   TOL
   5  -3167.8394044474    -17425.834116     7869.8095013    0.952D-04 0.184D-11
                            Exc =  -321.447386794163     N = 314.00001326    
          Norm of current diis error: 0.16931    
          max. resid. norm for Fia-block=  4.511D-03 for orbital    156a         
          max. resid. fock norm         =  5.895D-03 for orbital    170a         
          irrep a   : virtual orbitals shifted by    0.02632
 mo-orthogonalization: Cholesky decomposition
          Delta Eig. =     0.3404542822 eV 
 
                                              current damping :  0.250
 ITERATION  ENERGY          1e-ENERGY        2e-ENERGY     RMS[dD(SAO)]   TOL
   6  -3167.8395340111    -17422.753201     7866.7284567    0.129D-03 0.174D-11
                            Exc =  -321.378749272739     N = 314.00002322    
          Norm of current diis error: 0.15526    
          max. resid. norm for Fia-block=  3.416D-03 for orbital    157a         
          max. resid. fock norm         =  1.373D-02 for orbital    852a         
          irrep a   : virtual orbitals shifted by    0.03108
          Delta Eig. =     0.2076756175 eV 
 
                                              current damping :  0.300
 ITERATION  ENERGY          1e-ENERGY        2e-ENERGY     RMS[dD(SAO)]   TOL
   7  -3167.8387028969    -17423.807740     7867.7838265    0.115D-03 0.166D-11
                            Exc =  -321.387923762715     N = 314.00001862    
          Norm of current diis error: 0.19450    
          max. resid. norm for Fia-block=  2.705D-03 for orbital    157a         
          max. resid. fock norm         =  7.027D-03 for orbital    853a         
          irrep a   : virtual orbitals shifted by    0.02880
          Delta Eig. =     0.2151082257 eV 
 
                                              current damping :  0.200
 ITERATION  ENERGY          1e-ENERGY        2e-ENERGY     RMS[dD(SAO)]   TOL
   8  -3167.8403825826    -17425.355315     7869.3297220    0.757D-04 0.169D-11
                            Exc =  -321.404268832335     N = 314.00001533    
          Norm of current diis error: 0.11835    
          max. resid. norm for Fia-block=  1.772D-03 for orbital    156a         
          max. resid. fock norm         =  3.328D-03 for orbital    816a         
          irrep a   : virtual orbitals shifted by    0.02935
          Delta Eig. =     0.1714233668 eV 
 
                                              current damping :  0.250
 ITERATION  ENERGY          1e-ENERGY        2e-ENERGY     RMS[dD(SAO)]   TOL
   9  -3167.8414750831    -17424.193842     7868.1671563    0.560D-04 0.171D-11
                            Exc =  -321.397080202676     N = 314.00001876    
          Norm of current diis error: 0.18812E-01
          max. resid. norm for Fia-block=  5.441D-04 for orbital    156a         
          max. resid. fock norm         =  1.216D-03 for orbital    819a         
          irrep a   : virtual orbitals shifted by    0.02723
          Delta Eig. =     0.0383988384 eV 
 
                                              current damping :  0.300
 ITERATION  ENERGY          1e-ENERGY        2e-ENERGY     RMS[dD(SAO)]   TOL
  10  -3167.8414573324    -17424.250411     7868.2237431    0.193D-04 0.167D-11
                            Exc =  -321.397528764515     N = 314.00001939    
          Norm of current diis error: 0.24359E-01
          max. resid. norm for Fia-block=  1.931D-04 for orbital     45a         
          max. resid. fock norm         =  5.280D-04 for orbital    848a         
          irrep a   : virtual orbitals shifted by    0.02422
 mo-orthogonalization: Cholesky decomposition
          Delta Eig. =     0.0135222820 eV 
 
                                              current damping :  0.350
 ITERATION  ENERGY          1e-ENERGY        2e-ENERGY     RMS[dD(SAO)]   TOL
  11  -3167.8414910363    -17424.216716     7868.1900145    0.611D-05 0.164D-11
                            Exc =  -321.398527029202     N = 314.00001861    
          Norm of current diis error: 0.11223E-01
          max. resid. norm for Fia-block=  1.914D-04 for orbital    156a         
          max. resid. fock norm         =  3.583D-04 for orbital    848a         
          irrep a   : virtual orbitals shifted by    0.02159
          Delta Eig. =     0.0126198742 eV 
 
                                              current damping :  0.400
 ITERATION  ENERGY          1e-ENERGY        2e-ENERGY     RMS[dD(SAO)]   TOL
  12  -3167.8414994563    -17424.274048     7868.2473377    0.553D-05 0.160D-11
                            Exc =  -321.399462749014     N = 314.00001859    
          Norm of current diis error: 0.39695E-02
          max. resid. norm for Fia-block=  1.113D-04 for orbital     82a         
          max. resid. fock norm         =  2.442D-04 for orbital    833a         
          irrep a   : virtual orbitals shifted by    0.01859
          Delta Eig. =     0.0086034475 eV 
 
                                              current damping :  0.450
 ITERATION  ENERGY          1e-ENERGY        2e-ENERGY     RMS[dD(SAO)]   TOL
  13  -3167.8414996164    -17424.222263     7868.1955527    0.275D-05 0.151D-11
                            Exc =  -321.397898470691     N = 314.00001841    
          Norm of current diis error: 0.37510E-02
          max. resid. norm for Fia-block=  1.194D-04 for orbital    151a         
          max. resid. fock norm         =  2.647D-04 for orbital    833a         
          irrep a   : virtual orbitals shifted by    0.01576
          Delta Eig. =     0.0118453077 eV 
 
                                              current damping :  0.500
 ITERATION  ENERGY          1e-ENERGY        2e-ENERGY     RMS[dD(SAO)]   TOL
  14  -3167.8414984097    -17424.250617     7868.2239083    0.251D-05 0.150D-11
                            Exc =  -321.398784582556     N = 314.00001848    
          Norm of current diis error: 0.54813E-02
          max. resid. norm for Fia-block=  5.776D-05 for orbital    157a         
          max. resid. fock norm         =  1.970D-04 for orbital    852a         
          irrep a   : virtual orbitals shifted by    0.01280
          Delta Eig. =     0.0039982560 eV 
 
                                              current damping :  0.550
 ITERATION  ENERGY          1e-ENERGY        2e-ENERGY     RMS[dD(SAO)]   TOL
  15  -3167.8415002670    -17424.240282     7868.2135707    0.162D-05 0.149D-11
                            Exc =  -321.398489936312     N = 314.00001853    
          Norm of current diis error: 0.19921E-02
          max. resid. norm for Fia-block=  4.868D-05 for orbital     82a         
          max. resid. fock norm         =  1.101D-04 for orbital    833a         
          irrep a   : virtual orbitals shifted by    0.00994
 mo-orthogonalization: Cholesky decomposition
          Delta Eig. =     0.0051561790 eV 
 
                                              current damping :  0.600
 ITERATION  ENERGY          1e-ENERGY        2e-ENERGY     RMS[dD(SAO)]   TOL
  16  -3167.8415004869    -17424.250035     7868.2233238    0.821D-06 0.149D-11
                            Exc =  -321.398573523619     N = 314.00001851    
          Norm of current diis error: 0.59620E-03
          max. resid. norm for Fia-block=  2.692D-05 for orbital    157a         
          max. resid. fock norm         =  5.025D-05 for orbital    852a         
          irrep a   : virtual orbitals shifted by    0.00700
          Delta Eig. =     0.0013623042 eV 
 
                                              current damping :  0.650
 ITERATION  ENERGY          1e-ENERGY        2e-ENERGY     RMS[dD(SAO)]   TOL
  17  -3167.8415004329    -17424.235754     7868.2090430    0.711D-06 0.146D-11
                            Exc =  -321.398477184555     N = 314.00001853    
          Norm of current diis error: 0.10267E-02
          max. resid. norm for Fia-block=  1.227D-05 for orbital    156a         
          max. resid. fock norm         =  3.358D-05 for orbital    842a         
          irrep a   : virtual orbitals shifted by    0.00408
          Delta Eig. =     0.0007849337 eV 
 
                                              current damping :  0.500
 ITERATION  ENERGY          1e-ENERGY        2e-ENERGY     RMS[dD(SAO)]   TOL
  18  -3167.8415004484    -17424.232823     7868.2061115    0.334D-06 0.145D-11
                            Exc =  -321.398359483134     N = 314.00001853    
          Norm of current diis error: 0.90494E-03
          max. resid. norm for Fia-block=  8.308D-06 for orbital    156a         
          max. resid. fock norm         =  9.745D-06 for orbital    170a         
          irrep a   : virtual orbitals shifted by    0.01282
          Delta Eig. =     0.0005754577 eV 
 
                                              current damping :  0.550
 ITERATION  ENERGY          1e-ENERGY        2e-ENERGY     RMS[dD(SAO)]   TOL
  19  -3167.8415005025    -17424.239938     7868.2132270    0.243D-06 0.143D-11
                            Exc =  -321.398492116621     N = 314.00001851    
          Norm of current diis error: 0.40436E-03
          max. resid. norm for Fia-block=  6.064D-06 for orbital    157a         
          max. resid. fock norm         =  1.121D-05 for orbital    852a         
          irrep a   : virtual orbitals shifted by    0.00992
          Delta Eig. =     0.0003763634 eV 
 
                                              current damping :  0.400
 ITERATION  ENERGY          1e-ENERGY        2e-ENERGY     RMS[dD(SAO)]   TOL
  20  -3167.8415005150    -17424.243463     7868.2167519    0.170D-06 0.140D-11
                            Exc =  -321.398551469178     N = 314.00001852    
          Norm of current diis error: 0.15360E-03
          max. resid. norm for Fia-block=  8.673D-06 for orbital    151a         
          max. resid. fock norm         =  1.784D-05 for orbital    833a         
          irrep a   : virtual orbitals shifted by    0.01865
 mo-orthogonalization: Cholesky decomposition
          Delta Eig. =     0.0008559209 eV 
 
                                              current damping :  0.250
 ITERATION  ENERGY          1e-ENERGY        2e-ENERGY     RMS[dD(SAO)]   TOL
  21  -3167.8415005008    -17424.246675     7868.2199644    0.216D-06 0.141D-11
                            Exc =  -321.398537046130     N = 314.00001851    
          Norm of current diis error: 0.36026E-03
          max. resid. norm for Fia-block=  4.758D-06 for orbital    156a         
          max. resid. fock norm         =  1.709D-05 for orbital    842a         
          irrep a   : virtual orbitals shifted by    0.02736
          Delta Eig. =     0.0004423118 eV 
 
                                              current damping :  0.300
 ITERATION  ENERGY          1e-ENERGY        2e-ENERGY     RMS[dD(SAO)]   TOL
  22  -3167.8415005100    -17424.245151     7868.2184402    0.151D-06 0.358D-11
                            Exc =  -321.398522194370     N = 314.00001851    
          Norm of current diis error: 0.25179E-03
          max. resid. norm for Fia-block=  2.690D-06 for orbital    151a         
          max. resid. fock norm         =  7.376D-06 for orbital    842a         
          irrep a   : virtual orbitals shifted by    0.02445
          Delta Eig. =     0.0002994501 eV 

 DENSITY CONVERGED !

 
                                              current damping :  0.150
 ITERATION  ENERGY          1e-ENERGY        2e-ENERGY     RMS[dD(SAO)]   TOL
  23  -3167.8415005108    -17424.244339     7868.2176275    0.697D-07 0.227D-11
                            Exc =  -321.398523587981     N = 314.00001851    
          Norm of current diis error: 0.91224E-04
          max. resid. norm for Fia-block=  1.569D-06 for orbital    157a         
          max. resid. fock norm         =  3.480D-06 for orbital    842a         
          irrep a   : virtual orbitals shifted by    0.03317
          Delta Eig. =     0.0001062763 eV 

 DENSITY CONVERGED !

 
                                              current damping :  0.100
 ITERATION  ENERGY          1e-ENERGY        2e-ENERGY     RMS[dD(SAO)]   TOL
  24  -3167.8415005054    -17424.243497     7868.2167861    0.498D-07 0.165D-11
                            Exc =  -321.398521063851     N = 314.00001851    
          Norm of current diis error: 0.93604E-04
          max. resid. norm for Fia-block=  3.328D-06 for orbital     82a         
          max. resid. fock norm         =  5.932D-06 for orbital     82a         
          irrep a   : virtual orbitals shifted by    0.03608
          Delta Eig. =     0.0003342026 eV 
 
                                              current damping :  0.150
 ITERATION  ENERGY          1e-ENERGY        2e-ENERGY     RMS[dD(SAO)]   TOL
  25  -3167.8415005109    -17424.245962     7868.2192506    0.119D-06 0.135D-11
                            Exc =  -321.398594422462     N = 314.00001851    
          Norm of current diis error: 0.27221E-03
          max. resid. norm for Fia-block=  4.044D-06 for orbital    156a         
          max. resid. fock norm         =  5.659D-06 for orbital    171a         
          irrep a   : virtual orbitals shifted by    0.03317
 mo-orthogonalization: Cholesky decomposition
          Delta Eig. =     0.0004116304 eV 
 
                                              current damping :  0.200
 ITERATION  ENERGY          1e-ENERGY        2e-ENERGY     RMS[dD(SAO)]   TOL
  26  -3167.8415005056    -17424.243064     7868.2163526    0.118D-06 0.169D-11
                            Exc =  -321.398532592241     N = 314.00001852    
          Norm of current diis error: 0.14865E-03
          max. resid. norm for Fia-block=  1.349D-06 for orbital    151a         
          max. resid. fock norm         =  4.526D-06 for orbital    842a         
          irrep a   : virtual orbitals shifted by    0.03026
          Delta Eig. =     0.0001590501 eV 

 ENERGY & DENSITY CONVERGED !

 Evaluating v_xc on big grid 
          Overall gridpoints after grid construction =        484713
 
                                              current damping :  0.250
 ITERATION  ENERGY          1e-ENERGY        2e-ENERGY     RMS[dD(SAO)]   TOL
  27  -3167.8408130931    -17424.243479     7868.2174554    0.427D-07 0.168D-11
                            Exc =  -321.397841309630     N = 314.00001903    
          max. resid. norm for Fia-block=  5.796D-06 for orbital    156a         
          max. resid. fock norm         =  1.049D-05 for orbital    842a         

 convergence criteria satisfied after    27 iterations


                  ------------------------------------------ 
                 |  total energy      =  -3167.84081309313  |
                  ------------------------------------------ 
                 :  kinetic energy    =   2575.37351822208  :
                 :  potential energy  =  -5743.21433131520  :
                 :  virial theorem    =      1.81297441070  :
                 :  wavefunction norm =      1.00000000000  :
                  .......................................... 


 orbitals $scfmo  will be written to file mos

    irrep                153a        154a        155a        156a        157a   
 eigenvalues H         -0.24087    -0.24054    -0.24022    -0.23939    -0.23892
            eV          -6.5543     -6.5454     -6.5367     -6.5143     -6.5014
 occupation              2.0000      2.0000      2.0000      2.0000      2.0000

    irrep                158a        159a        160a        161a        162a   
 eigenvalues H         -0.18081    -0.18070    -0.18029    -0.18020    -0.18019
            eV          -4.9202     -4.9171     -4.9060     -4.9036     -4.9032
 
 
 
 
 ==============================================================================
                           electrostatic moments
 ==============================================================================

 reference point for electrostatic moments:    0.00000   0.00000   0.00000

 
              nuc           elec       ->  total
 ------------------------------------------------------------------------------
                          charge      
 ------------------------------------------------------------------------------
         314.000000    -314.000000       0.000000
 
 ------------------------------------------------------------------------------
                       dipole moment  
 ------------------------------------------------------------------------------
   x       6.026518      -6.181456      -0.154938
   y      -4.189908       4.266344       0.076436
   z       0.244967      -0.293410      -0.048443
 
   | dipole moment | =     0.1794 a.u. =     0.4561 debye 
 
 ------------------------------------------------------------------------------
                     quadrupole moment
 ------------------------------------------------------------------------------
  xx    3440.957607   -3639.485915    -198.528309
  yy    3434.429613   -3632.296655    -197.867042
  zz    6091.364277   -6184.133239     -92.768962
  xy     -44.534930      43.076724      -1.458207
  xz     331.897209    -319.039365      12.857844
  yz    -357.512930     343.915967     -13.596963
 
     1/3  trace=    -163.054771
     anisotropy=     110.329168
 
 ==============================================================================
 
HOMO-LUMO Separation
 HOMO         :   -0.23891870 H =     -6.50131 eV
 LUMO         :   -0.18081392 H =     -4.92020 eV
 HOMO-LUMO gap:    0.05810478 H =     +1.58111 eV
 
 ==============================================================================


    ------------------------------------------------------------------------
         total  cpu-time :  2 hours  6 minutes and 44 seconds
         total wall-time : 16 minutes and  2 seconds
    ------------------------------------------------------------------------

   ****  dscf : all done  ****


    2024-02-15 15:54:49.429 

 dscf ended normally
