
  ========================================================================
                license information 
 Customer : 200000000019588
 ID       : LKO2306259

 License file is VALID, continuing with full version
  ========================================================================

   OpenMP run-time library returned nthreads =  8

 dscf (u-0-12.local) : TURBOMOLE rev. V7-7-1 compiled 2 Jan 2023 at 20:18:50
 Copyright (C) 2023 TURBOMOLE GmbH, Karlsruhe


    2024-03-27 13:10:23.264 



                             d s c f - program

                   idea & directorship : reinhart ahlrichs
                   program development : marco haeser
                                         michael baer
                           dft version : oliver treutler


                          quantum chemistry group
                          universitaet  karlsruhe
                                  germany



   *-----------------------------------------------------------------------*
   |                     program will use  8 thread(s)                     |
   *-----------------------------------------------------------------------*


              +--------------------------------------------------+
              | Atomic coordinate, charge and isotop information |
              +--------------------------------------------------+

                    atomic coordinates            atom    charge  isotop
          0.61372824   -0.45104172    3.64106383    o      8.000     0
          0.02626719   -0.06155972   -0.18799940    ce    58.000     0
         -0.87840328    2.74971403   -4.05450567    o      8.000     0
          4.53899365   -1.45886290    0.08654946    o      8.000     0
          5.07126714   -1.20995573   -2.22430213    n      7.000     0
          7.14326302   -1.64734985   -3.04616859    o      8.000     0
          3.28141682   -0.46853870   -3.61144048    o      8.000     0
          0.52269258   -4.82906094    0.03623172    o      8.000     0
          3.00518610    3.63647557   -0.16009949    o      8.000     0
          1.55670536    5.22160052    0.85483273    n      7.000     0
          2.20870245    7.34425051    1.33035585    o      8.000     0
         -0.64624098    4.42769634    1.34375401    o      8.000     0
         -1.93868326   -2.37272122   -3.88341931    o      8.000     0
         -4.46570818    1.20787325   -0.40216018    o      8.000     0
         -5.41846841   -0.76436776    0.55139374    n      7.000     0
         -7.66032799   -1.01096379    0.81826842    o      8.000     0
         -3.86078795   -2.43483463    1.19567696    o      8.000     0
          0.96162115   -0.00881179    7.41435935    ce    58.000     0
          2.59723392   -0.82425696   11.81742311    o      8.000     0
         -3.79119312    0.24952889    7.07909170    o      8.000     0
         -4.17574671    0.63138395    9.38733925    n      7.000     0
         -6.25611975    0.95638661   10.24695487    o      8.000     0
         -2.22245587    0.65728265   10.76860243    o      8.000     0
         -0.81233279    4.45441140    6.85780288    o      8.000     0
         -1.27549332   -4.16342759    7.98193481    o      8.000     0
          0.63085483   -5.54359473    7.62942719    n      7.000     0
          0.51542847   -7.81372273    7.67396425    o      8.000     0
          2.67183463   -4.38315361    7.22129359    o      8.000     0
          5.66997773   -0.39914795    7.25651430    o      8.000     0
          6.13271496    1.90727790    6.88910241    n      7.000     0
          8.24622435    2.70494453    6.66190064    o      8.000     0
          4.21751911    3.32332150    6.77000431    o      8.000     0
         -1.14318982    4.73006386    5.07144666    h      1.000     0
          2.08362525   -5.38930993    0.79404024    h      1.000     0
          0.35558032    5.76885009    7.34122695    h      1.000     0
         -0.81113848   -5.73303600    0.88991550    h      1.000     0
         -1.86631998   -1.37817537   -5.41161437    h      1.000     0
         -1.14026641   -3.96955303   -4.25637377    h      1.000     0
          1.40944467   -1.48568000   13.03273054    h      1.000     0
          0.52078962    3.67020718   -4.77506013    h      1.000     0
          4.12208605   -1.80723391   11.99840029    h      1.000     0
         -2.25097373    3.94201783   -3.91839247    h      1.000     0
 
       center of nuclear mass  :    0.49540112   -0.02222434    3.55365186
       center of nuclear charge:    0.49042802   -0.02332935    3.52929582

              +--------------------------------------------------+
              |               basis set information              |
              +--------------------------------------------------+

              we will work with the 1s 3p 5d 7f 9g ... basis set
              ...i.e. with spherical basis functions...

   type   atoms  prim   cont   basis
   ---------------------------------------------------------------------------
    o       24     34     19   def-TZVP   [5s3p1d|11s6p1d]
    ce       2    168     96   def-TZVP   [10s8p5d4f1g|14s13p10d8f1g]
    n        6     34     19   def-TZVP   [5s3p1d|11s6p1d]
    h       10      8      6   def-TZVP   [3s1p|5s1p]
   ---------------------------------------------------------------------------
   total:   42   1436    822
   ---------------------------------------------------------------------------

   total number of primitive shells          :   88
   total number of contracted shells         :  366
   total number of cartesian basis functions :  898
   total number of SCF-basis functions       :  822

  number of unique ecp types :    1

 integral neglect threshold       :  0.37E-11
 integral storage threshold THIZE :  0.10E-04
 integral storage threshold THIME :         5


 symmetry group of the molecule :   c1 

 the group has the following generators :
   c1(z)

    1 symmetry operations found

 there are 1 real representations :   a   

 maximum number of shells which are related by symmetry :  1


   ----> a dscf RESTART run will be tried ! <----
     2e integrals will be read from 2e integral file(s)

 $restart flag 'dscf  twoint' will be switched off !

  
           ------------------
           density functional
           ------------------
 B-P86 functional
 exchange:    LDA + Becke (B88)
 correlation: LDA (VWN) + Perdew (P86)
 iterations will be done with small grid
  
 spherical integration : Lebedev's spherical grid
 spherical gridsize    :                     4
    i.e. gridpoints    :                   434
  maximum batchsize    :                   100
 value for diffuse not defined
 radial integration    : Chebyshev 2nd kind (scaling 3)
 radial gridsize       :                     6
 integration cells     :                    42
 partition function    : becke
 partition sharpness   :                     3
  

          ------------------------
          nuclear repulsion energy  :   5908.02456835    
          ------------------------


         -----------------
         -S,T+V- integrals
         -----------------

 1e-integrals will be neglected if expon. factor < 0.372156E-12


          ----------------
          -ecp-  integrals
          ----------------
 
 Difference densities algorithm switched on.
 The maximal number of linear combinations of
 difference densities is  20.

 DIIS switched on: error vector is FDS-SDF
 Max. Iterations for DIIS is     :   4
 DIIS matrix (see manual) 
    Scaling factor of diagonals  :  1.200
    threshold for scaling factor :  0.000

 scf convergence criterion : increment of total energy < .1000000D-06
                  and increment of one-electron energy < .1000000D-03

 MOs are in ASCII format !


    mo occupation :
   irrep   mo's   occupied
    a      822      152
 
 number of basis functions   :   822
 number of occupied orbitals :   152
 

 reading orbital data $scfmo  from file mos
 orbital characterization : scfdump=60
 mo-orthogonalization by Cholesky decomposition

 automatic virtual orbital shift switched on 
      shift if e(lumo)-e(homo) < 0.10000000    


 DSCF restart information will be dumped onto file mos


 complete restart information read in from $restartd
 iterations from earlier run will be continued
no density matrices from previous iterations found
  expected :                     18  found :                      0
          Overall gridpoints after grid construction =        137542
 
                                              current damping :  1.350
 ITERATION  ENERGY          1e-ENERGY        2e-ENERGY     NORM[dD(SAO)]  TOL
  61  -3091.3667277602    -16353.124068     7353.7327718    0.000D+00 0.371D-11
                            Exc =  -312.027141230390     N = 303.99925730    
          max. resid. norm for Fia-block=  1.268D-02 for orbital    139a         
          max. resid. fock norm         =  3.933D-02 for orbital    438a         
          Delta Eig. =     0.6956512789 eV 
 
                                              current damping :  1.400
 ITERATION  ENERGY          1e-ENERGY        2e-ENERGY     NORM[dD(SAO)]  TOL
  62  -3091.3687535278    -16358.446227     7359.0529049    0.279D+00 0.235D-11
                            Exc =  -312.097429426018     N = 303.99924353    
          Norm of current diis error: 0.35870    
          max. resid. norm for Fia-block=  8.833D-03 for orbital    151a         
          max. resid. fock norm         =  2.030D-02 for orbital    176a         
          Delta Eig. =     0.4448235803 eV 
 
                                              current damping :  1.450
 ITERATION  ENERGY          1e-ENERGY        2e-ENERGY     NORM[dD(SAO)]  TOL
  63  -3091.3763999420    -16353.199023     7353.7980547    0.141D+00 0.193D-11
                            Exc =  -311.984525330282     N = 303.99924575    
          Norm of current diis error: 0.18799    
          max. resid. norm for Fia-block=  6.084D-03 for orbital    150a         
          max. resid. fock norm         =  1.075D-02 for orbital    788a         
          Delta Eig. =     0.2301116604 eV 
 
                                              current damping :  1.500
 ITERATION  ENERGY          1e-ENERGY        2e-ENERGY     NORM[dD(SAO)]  TOL
  64  -3091.3784964442    -16354.754023     7355.3509580    0.676D-01 0.178D-11
                            Exc =  -312.043996794675     N = 303.99923968    
          Norm of current diis error: 0.10995    
          max. resid. norm for Fia-block=  2.361D-03 for orbital    150a         
          max. resid. fock norm         =  7.566D-03 for orbital    821a         
          Delta Eig. =     0.0828531211 eV 
 
                                              current damping :  1.350
 ITERATION  ENERGY          1e-ENERGY        2e-ENERGY     NORM[dD(SAO)]  TOL
  65  -3091.3787635705    -16354.863440     7355.4601081    0.330D-01 0.167D-11
                            Exc =  -312.048124318902     N = 303.99923817    
          Norm of current diis error: 0.91898E-01
          max. resid. norm for Fia-block=  2.587D-03 for orbital    152a         
          max. resid. fock norm         =  7.754D-03 for orbital    817a         
 mo-orthogonalization: Cholesky decomposition
          Delta Eig. =     0.1166799027 eV 
 
                                              current damping :  1.400
 ITERATION  ENERGY          1e-ENERGY        2e-ENERGY     NORM[dD(SAO)]  TOL
  66  -3091.3791914916    -16354.166440     7354.7626802    0.268D-01 0.163D-11
                            Exc =  -312.037050191003     N = 303.99923838    
          Norm of current diis error: 0.54673E-01
          max. resid. norm for Fia-block=  9.314D-04 for orbital    152a         
          max. resid. fock norm         =  2.822D-03 for orbital    821a         
          Delta Eig. =     0.0418422124 eV 
 
                                              current damping :  1.250
 ITERATION  ENERGY          1e-ENERGY        2e-ENERGY     NORM[dD(SAO)]  TOL
  67  -3091.3793936228    -16354.070487     7354.6665248    0.795D-02 0.158D-11
                            Exc =  -312.035859208823     N = 303.99923761    
          Norm of current diis error: 0.16669E-01
          max. resid. norm for Fia-block=  7.415D-04 for orbital    150a         
          max. resid. fock norm         =  1.579D-03 for orbital    801a         
          irrep a   : virtual orbitals shifted by    0.00124
          Delta Eig. =     0.0411808859 eV 
 
                                              current damping :  1.300
 ITERATION  ENERGY          1e-ENERGY        2e-ENERGY     NORM[dD(SAO)]  TOL
  68  -3091.3793958614    -16354.505011     7355.1010471    0.392D-02 0.153D-11
                            Exc =  -312.040136300396     N = 303.99923693    
          Norm of current diis error: 0.16805E-01
          max. resid. norm for Fia-block=  3.416D-04 for orbital    150a         
          max. resid. fock norm         =  5.767D-04 for orbital    186a         
          Delta Eig. =     0.0158590597 eV 
 
                                              current damping :  1.350
 ITERATION  ENERGY          1e-ENERGY        2e-ENERGY     NORM[dD(SAO)]  TOL
  69  -3091.3794162239    -16354.321935     7354.9179500    0.805D-03 0.147D-11
                            Exc =  -312.036370477998     N = 303.99923705    
          Norm of current diis error: 0.78674E-02
          max. resid. norm for Fia-block=  2.650D-04 for orbital    123a         
          max. resid. fock norm         =  5.829D-04 for orbital    801a         
          Delta Eig. =     0.0151709939 eV 
 
                                              current damping :  1.400
 ITERATION  ENERGY          1e-ENERGY        2e-ENERGY     NORM[dD(SAO)]  TOL
  70  -3091.3794185450    -16354.325929     7354.9219426    0.383D-03 0.140D-11
                            Exc =  -312.037320717931     N = 303.99923687    
          Norm of current diis error: 0.59575E-02
          max. resid. norm for Fia-block=  1.052D-04 for orbital    150a         
          max. resid. fock norm         =  1.870D-04 for orbital    186a         
 mo-orthogonalization: Cholesky decomposition
          Delta Eig. =     0.0047710210 eV 
 
                                              current damping :  1.450
 ITERATION  ENERGY          1e-ENERGY        2e-ENERGY     NORM[dD(SAO)]  TOL
  71  -3091.3794211177    -16354.264543     7354.8605539    0.181D-03 0.135D-11
                            Exc =  -312.035989753620     N = 303.99923690    
          Norm of current diis error: 0.16969E-02
          max. resid. norm for Fia-block=  5.993D-05 for orbital    151a         
          max. resid. fock norm         =  2.089D-04 for orbital    822a         
          Delta Eig. =     0.0029189757 eV 
 
                                              current damping :  1.500
 ITERATION  ENERGY          1e-ENERGY        2e-ENERGY     NORM[dD(SAO)]  TOL
  72  -3091.3794210369    -16354.269932     7354.8659425    0.890D-04 0.130D-11
                            Exc =  -312.036455431225     N = 303.99923685    
          Norm of current diis error: 0.21027E-02
          max. resid. norm for Fia-block=  3.356D-05 for orbital    145a         
          max. resid. fock norm         =  7.840D-05 for orbital    817a         
          Delta Eig. =     0.0015277240 eV 
 
                                              current damping :  1.550
 ITERATION  ENERGY          1e-ENERGY        2e-ENERGY     NORM[dD(SAO)]  TOL
  73  -3091.3794212546    -16354.264918     7354.8609288    0.175D-04 0.126D-11
                            Exc =  -312.036442956892     N = 303.99923685    
          Norm of current diis error: 0.12404E-02
          max. resid. norm for Fia-block=  2.504D-05 for orbital    135a         
          max. resid. fock norm         =  4.524D-05 for orbital    817a         
          Delta Eig. =     0.0007446364 eV 
 
                                              current damping :  1.600
 ITERATION  ENERGY          1e-ENERGY        2e-ENERGY     NORM[dD(SAO)]  TOL
  74  -3091.3794213596    -16354.271031     7354.8670417    0.114D-04 0.120D-11
                            Exc =  -312.036497213743     N = 303.99923684    
          Norm of current diis error: 0.49464E-03
          max. resid. norm for Fia-block=  1.167D-05 for orbital    151a         
          max. resid. fock norm         =  2.827D-05 for orbital    185a         
          Delta Eig. =     0.0006155827 eV 
 
                                              current damping :  1.650
 ITERATION  ENERGY          1e-ENERGY        2e-ENERGY     NORM[dD(SAO)]  TOL
  75  -3091.3794213688    -16354.264836     7354.8608466    0.784D-05 0.115D-11
                            Exc =  -312.036327817001     N = 303.99923684    
          Norm of current diis error: 0.36342E-03
          max. resid. norm for Fia-block=  1.478D-05 for orbital    150a         
          max. resid. fock norm         =  2.351D-05 for orbital    817a         
 mo-orthogonalization: Cholesky decomposition
          Delta Eig. =     0.0005406259 eV 
 
                                              current damping :  1.700
 ITERATION  ENERGY          1e-ENERGY        2e-ENERGY     NORM[dD(SAO)]  TOL
  76  -3091.3794213741    -16354.270901     7354.8669112    0.265D-05 0.110D-11
                            Exc =  -312.036417186771     N = 303.99923683    
          Norm of current diis error: 0.30416E-03
          max. resid. norm for Fia-block=  5.892D-06 for orbital    123a         
          max. resid. fock norm         =  1.219D-05 for orbital    801a         
          Delta Eig. =     0.0002602934 eV 
 
                                              current damping :  1.750
 ITERATION  ENERGY          1e-ENERGY        2e-ENERGY     NORM[dD(SAO)]  TOL
  77  -3091.3794213829    -16354.270044     7354.8660546    0.168D-05 0.107D-11
                            Exc =  -312.036370720069     N = 303.99923683    
          Norm of current diis error: 0.12746E-03
          max. resid. norm for Fia-block=  2.851D-06 for orbital    152a         
          max. resid. fock norm         =  7.300D-06 for orbital    186a         
          Delta Eig. =     0.0001061407 eV 
 
                                              current damping :  1.600
 ITERATION  ENERGY          1e-ENERGY        2e-ENERGY     NORM[dD(SAO)]  TOL
  78  -3091.3794213898    -16354.268480     7354.8644902    0.198D-05 0.106D-11
                            Exc =  -312.036348075624     N = 303.99923683    
          Norm of current diis error: 0.53436E-04
          max. resid. norm for Fia-block=  1.975D-06 for orbital    151a         
          max. resid. fock norm         =  7.560D-06 for orbital    822a         
          Delta Eig. =     0.0000846249 eV 

 ENERGY CONVERGED !

 Evaluating v_xc on big grid 
          Overall gridpoints after grid construction =        459514
 
                                              current damping :  1.650
 ITERATION  ENERGY          1e-ENERGY        2e-ENERGY     NORM[dD(SAO)]  TOL
  79  -3091.3787621580    -16354.268671     7354.8653402    0.198D-05 0.106D-11
                            Exc =  -312.035695968920     N = 303.99998160    
          max. resid. norm for Fia-block=  5.996D-06 for orbital    151a         
          max. resid. fock norm         =  2.051D-05 for orbital    817a         

 convergence criteria satisfied after    79 iterations


                  ------------------------------------------ 
                 |  total energy      =  -3091.37876215796  |
                  ------------------------------------------ 
                 :  kinetic energy    =   2499.07395441639  :
                 :  potential energy  =  -5590.45271657435  :
                 :  virial theorem    =      1.80840108789  :
                 :  wavefunction norm =      1.00000000000  :
                  .......................................... 


 orbitals $scfmo  will be written to file mos

    irrep                148a        149a        150a        151a        152a   
 eigenvalues H         -0.26567    -0.26222    -0.26187    -0.25790    -0.25186
            eV          -7.2293     -7.1354     -7.1258     -7.0178     -6.8536
 occupation              2.0000      2.0000      2.0000      2.0000      2.0000

    irrep                153a        154a        155a        156a        157a   
 eigenvalues H         -0.20756    -0.20654    -0.20462    -0.20345    -0.20219
            eV          -5.6480     -5.6204     -5.5679     -5.5361     -5.5018
 
 
 
 
 ==============================================================================
                           electrostatic moments
 ==============================================================================

 reference point for electrostatic moments:    0.00000   0.00000   0.00000

 
              nuc           elec       ->  total
 ------------------------------------------------------------------------------
                          charge      
 ------------------------------------------------------------------------------
         304.000000    -304.000000       0.000000
 
 ------------------------------------------------------------------------------
                       dipole moment  
 ------------------------------------------------------------------------------
   x     148.893215    -148.883952       0.009262
   y      -6.428164       6.207989      -0.220176
   z    1068.208417   -1069.900374      -1.691956
 
   | dipole moment | =     1.7062 a.u. =     4.3368 debye 
 
 ------------------------------------------------------------------------------
                     quadrupole moment
 ------------------------------------------------------------------------------
  xx    3959.971065   -4170.894655    -210.923590
  yy    2818.409950   -2988.784758    -170.374808
  zz   10315.824431  -10462.206199    -146.381768
  xy     262.052632    -267.811026      -5.758395
  xz     429.664953    -409.479523      20.185430
  yz    -381.994035     381.455302      -0.538733
 
     1/3  trace=    -175.893389
     anisotropy=      67.197180
 
 ==============================================================================
 
HOMO-LUMO Separation
 HOMO         :   -0.25186322 H =     -6.85355 eV
 LUMO         :   -0.20755700 H =     -5.64792 eV
 HOMO-LUMO gap:    0.04430622 H =     +1.20563 eV
 
 ==============================================================================


    ------------------------------------------------------------------------
         total  cpu-time :  1 hours 18 minutes and  8 seconds
         total wall-time :  9 minutes and 51 seconds
    ------------------------------------------------------------------------

   ****  dscf : all done  ****


    2024-03-27 13:20:14.301 

 dscf ended normally
