
  ========================================================================
                license information 
 Customer : 200000000019588
 ID       : LKO2306259

 License file is VALID, continuing with full version
  ========================================================================

   OpenMP run-time library returned nthreads =  8

 dscf (u-0-12.local) : TURBOMOLE rev. V7-7-1 compiled 2 Jan 2023 at 20:18:50
 Copyright (C) 2023 TURBOMOLE GmbH, Karlsruhe


    2024-03-27 15:48:00.518 



                             d s c f - program

                   idea & directorship : reinhart ahlrichs
                   program development : marco haeser
                                         michael baer
                           dft version : oliver treutler


                          quantum chemistry group
                          universitaet  karlsruhe
                                  germany



   *-----------------------------------------------------------------------*
   |                     program will use  8 thread(s)                     |
   *-----------------------------------------------------------------------*


              +--------------------------------------------------+
              | Atomic coordinate, charge and isotop information |
              +--------------------------------------------------+

                    atomic coordinates            atom    charge  isotop
          0.61372824   -0.45104172    3.64106383    o      8.000     0
          0.02626719   -0.06155972   -0.18799940    ce    58.000     0
         -0.87840328    2.74971403   -4.05450567    o      8.000     0
          4.53899365   -1.45886290    0.08654946    o      8.000     0
          5.07126714   -1.20995573   -2.22430213    n      7.000     0
          7.14326302   -1.64734985   -3.04616859    o      8.000     0
          3.28141682   -0.46853870   -3.61144048    o      8.000     0
          0.52269258   -4.82906094    0.03623172    o      8.000     0
          3.00518610    3.63647557   -0.16009949    o      8.000     0
          1.55670536    5.22160052    0.85483273    n      7.000     0
          2.20870245    7.34425051    1.33035585    o      8.000     0
         -0.64624098    4.42769634    1.34375401    o      8.000     0
         -1.93868326   -2.37272122   -3.88341931    o      8.000     0
         -4.46570818    1.20787325   -0.40216018    o      8.000     0
         -5.41846841   -0.76436776    0.55139374    n      7.000     0
         -7.66032799   -1.01096379    0.81826842    o      8.000     0
         -3.86078795   -2.43483463    1.19567696    o      8.000     0
          0.96162115   -0.00881179    7.41435935    ce    58.000     0
          2.59723392   -0.82425696   11.81742311    o      8.000     0
         -3.79119312    0.24952889    7.07909170    o      8.000     0
         -4.17574671    0.63138395    9.38733925    n      7.000     0
         -6.25611975    0.95638661   10.24695487    o      8.000     0
         -2.22245587    0.65728265   10.76860243    o      8.000     0
         -0.81233279    4.45441140    6.85780288    o      8.000     0
         -1.27549332   -4.16342759    7.98193481    o      8.000     0
          0.63085483   -5.54359473    7.62942719    n      7.000     0
          0.51542847   -7.81372273    7.67396425    o      8.000     0
          2.67183463   -4.38315361    7.22129359    o      8.000     0
          5.66997773   -0.39914795    7.25651430    o      8.000     0
          6.13271496    1.90727790    6.88910241    n      7.000     0
          8.24622435    2.70494453    6.66190064    o      8.000     0
          4.21751911    3.32332150    6.77000431    o      8.000     0
         -1.14318982    4.73006386    5.07144666    h      1.000     0
          2.08362525   -5.38930993    0.79404024    h      1.000     0
          0.35558032    5.76885009    7.34122695    h      1.000     0
         -0.81113848   -5.73303600    0.88991550    h      1.000     0
         -1.86631998   -1.37817537   -5.41161437    h      1.000     0
         -1.14026641   -3.96955303   -4.25637377    h      1.000     0
          1.40944467   -1.48568000   13.03273054    h      1.000     0
          0.52078962    3.67020718   -4.77506013    h      1.000     0
          4.12208605   -1.80723391   11.99840029    h      1.000     0
         -2.25097373    3.94201783   -3.91839247    h      1.000     0
 
       center of nuclear mass  :    0.49540112   -0.02222434    3.55365186
       center of nuclear charge:    0.49042802   -0.02332935    3.52929582

              +--------------------------------------------------+
              |               basis set information              |
              +--------------------------------------------------+

              we will work with the 1s 3p 5d 7f 9g ... basis set
              ...i.e. with spherical basis functions...

   type   atoms  prim   cont   basis
   ---------------------------------------------------------------------------
    o       24     34     19   def-TZVP   [5s3p1d|11s6p1d]
    ce       2    168     96   def-TZVP   [10s8p5d4f1g|14s13p10d8f1g]
    n        6     34     19   def-TZVP   [5s3p1d|11s6p1d]
    h       10      8      6   def-TZVP   [3s1p|5s1p]
   ---------------------------------------------------------------------------
   total:   42   1436    822
   ---------------------------------------------------------------------------

   total number of primitive shells          :   88
   total number of contracted shells         :  366
   total number of cartesian basis functions :  898
   total number of SCF-basis functions       :  822

  number of unique ecp types :    1

 integral neglect threshold       :  0.37E-11
 integral storage threshold THIZE :  0.10E-04
 integral storage threshold THIME :         5


 symmetry group of the molecule :   c1 

 the group has the following generators :
   c1(z)

    1 symmetry operations found

 there are 1 real representations :   a   

 maximum number of shells which are related by symmetry :  1

 ==============================================================================
                      COSMO switched on
 ==============================================================================
 COSMO stati: segments per atom: H   32 other atoms   92
 COSMO statistics: nps   1366 npspher:    649
 COSMO surface:
   number of segments: 1366
   area (bohr**2):     1334.224002
   volume (bohr**3):   3383.744163
 COSMO: check number of disjunct cavities:

       ... OK contiguous cavity found
  
           ------------------
           density functional
           ------------------
 B-P86 functional
 exchange:    LDA + Becke (B88)
 correlation: LDA (VWN) + Perdew (P86)
 iterations will be done with small grid
  
 spherical integration : Lebedev's spherical grid
 spherical gridsize    :                     4
    i.e. gridpoints    :                   434
  maximum batchsize    :                   100
 value for diffuse not defined
 radial integration    : Chebyshev 2nd kind (scaling 3)
 radial gridsize       :                     6
 integration cells     :                    42
 partition function    : becke
 partition sharpness   :                     3
  

          ------------------------
          nuclear repulsion energy  :   5908.02456835    
          ------------------------


         -----------------
         -S,T+V- integrals
         -----------------

 1e-integrals will be neglected if expon. factor < 0.372156E-12


          ----------------
          -ecp-  integrals
          ----------------
 
 Difference densities algorithm switched on.
 The maximal number of linear combinations of
 difference densities is  20.

 DIIS switched on: error vector is FDS-SDF
 Max. Iterations for DIIS is     :   4
 DIIS matrix (see manual) 
    Scaling factor of diagonals  :  1.200
    threshold for scaling factor :  0.000

 scf convergence criterion : increment of total energy < .1000000D-06
                  and increment of one-electron energy < .1000000D-03

 MOs are in ASCII format !


    mo occupation :
   irrep   mo's   occupied
    a      822      152
 
 number of basis functions   :   822
 number of occupied orbitals :   152
 

 reading orbital data $scfmo  from file mos
 orbital characterization : scfconv=7
 mo-orthogonalization by Cholesky decomposition

 automatic virtual orbital shift switched on 
      shift if e(lumo)-e(homo) < 0.10000000    


 DSCF restart information will be dumped onto file mos

          Overall gridpoints after grid construction =        137542
 
                                              current damping :  0.300
 ITERATION  ENERGY          1e-ENERGY        2e-ENERGY     NORM[dD(SAO)]  TOL
   1  -3091.4449082524    -16354.334158     7354.8646809    0.000D+00 0.371D-11
                            Exc =  -312.036355206002     N = 303.99923682    
                          Ediel =    -0.065486869845
          max. resid. norm for Fia-block=  1.012D-02 for orbital    112a         
          max. resid. fock norm         =  3.259D-02 for orbital    266a         
          irrep a   : virtual orbitals shifted by    0.01072
          Delta Eig. =     1.0413976027 eV 
 
                                              current damping :  0.300
 ITERATION  ENERGY          1e-ENERGY        2e-ENERGY     NORM[dD(SAO)]  TOL
   2  -3091.4425857697    -16348.594293     7349.1271391    0.385D+00 0.236D-11
                            Exc =  -311.983017005812     N = 303.99925955    
                          Ediel =    -0.092578024939
          Norm of current diis error: 0.37907    
          max. resid. norm for Fia-block=  4.800D-03 for orbital    149a         
          max. resid. fock norm         =  1.010D-02 for orbital    471a         
          irrep a   : virtual orbitals shifted by    0.02983
          Delta Eig. =     0.5998664484 eV 
 
                                              current damping :  0.250
 ITERATION  ENERGY          1e-ENERGY        2e-ENERGY     NORM[dD(SAO)]  TOL
   3  -3091.4528566714    -16353.956139     7354.4787141    0.132D+00 0.200D-11
                            Exc =  -312.071807191259     N = 303.99925309    
                          Ediel =    -0.090016044414
          Norm of current diis error: 0.17156    
          max. resid. norm for Fia-block=  4.186D-03 for orbital     80a         
          max. resid. fock norm         =  8.461D-03 for orbital    792a         
          irrep a   : virtual orbitals shifted by    0.02288
          Delta Eig. =     0.4093417420 eV 
 
                                              current damping :  0.300
 ITERATION  ENERGY          1e-ENERGY        2e-ENERGY     NORM[dD(SAO)]  TOL
   4  -3091.4516503541    -16352.408498     7352.9322791    0.881D-01 0.192D-11
                            Exc =  -311.991640279957     N = 303.99926080    
                          Ediel =    -0.087814920386
          Norm of current diis error: 0.21648    
          max. resid. norm for Fia-block=  2.016D-03 for orbital     80a         
          max. resid. fock norm         =  4.968D-03 for orbital    786a         
          irrep a   : virtual orbitals shifted by    0.02211
          Delta Eig. =     0.2242734354 eV 
 
                                              current damping :  0.350
 ITERATION  ENERGY          1e-ENERGY        2e-ENERGY     NORM[dD(SAO)]  TOL
   5  -3091.4544487145    -16352.552423     7353.0734056    0.239D-01 0.182D-11
                            Exc =  -312.000972164017     N = 303.99925867    
                          Ediel =    -0.087973956977
          Norm of current diis error: 0.88812E-01
          max. resid. norm for Fia-block=  2.011D-03 for orbital    150a         
          max. resid. fock norm         =  4.492D-03 for orbital    817a         
          irrep a   : virtual orbitals shifted by    0.02220
 mo-orthogonalization: Cholesky decomposition
          Delta Eig. =     0.2034725143 eV 
 
                                              current damping :  0.400
 ITERATION  ENERGY          1e-ENERGY        2e-ENERGY     NORM[dD(SAO)]  TOL
   6  -3091.4542616173    -16353.847225     7354.3683950    0.288D-01 0.176D-11
                            Exc =  -312.035706030859     N = 303.99925646    
                          Ediel =    -0.087632787847
          Norm of current diis error: 0.10114    
          max. resid. norm for Fia-block=  8.855D-04 for orbital    151a         
          max. resid. fock norm         =  4.727D-03 for orbital    811a         
          irrep a   : virtual orbitals shifted by    0.02077
          Delta Eig. =     0.0868351064 eV 
 
                                              current damping :  0.250
 ITERATION  ENERGY          1e-ENERGY        2e-ENERGY     NORM[dD(SAO)]  TOL
   7  -3091.4547188007    -16354.019313     7354.5400257    0.913D-02 0.171D-11
                            Exc =  -312.042370967845     N = 303.99925643    
                          Ediel =    -0.087515651330
          Norm of current diis error: 0.62232E-01
          max. resid. norm for Fia-block=  1.485D-03 for orbital    151a         
          max. resid. fock norm         =  2.393D-03 for orbital    801a         
          irrep a   : virtual orbitals shifted by    0.02541
          Delta Eig. =     0.1492936996 eV 
 
                                              current damping :  0.300
 ITERATION  ENERGY          1e-ENERGY        2e-ENERGY     NORM[dD(SAO)]  TOL
   8  -3091.4546712795    -16352.363096     7352.8838562    0.630D-02 0.169D-11
                            Exc =  -312.020060790462     N = 303.99925807    
                          Ediel =    -0.089658626902
          Norm of current diis error: 0.64565E-01
          max. resid. norm for Fia-block=  6.615D-04 for orbital    139a         
          max. resid. fock norm         =  1.877D-03 for orbital    792a         
          irrep a   : virtual orbitals shifted by    0.02395
          Delta Eig. =     0.0621747774 eV 
 
                                              current damping :  0.350
 ITERATION  ENERGY          1e-ENERGY        2e-ENERGY     NORM[dD(SAO)]  TOL
   9  -3091.4549524795    -16352.783832     7353.3043112    0.166D-02 0.166D-11
                            Exc =  -312.021651357602     N = 303.99925772    
                          Ediel =    -0.088834174761
          Norm of current diis error: 0.30649E-01
          max. resid. norm for Fia-block=  4.831D-04 for orbital    151a         
          max. resid. fock norm         =  1.016D-03 for orbital    801a         
          irrep a   : virtual orbitals shifted by    0.02275
          Delta Eig. =     0.0472046029 eV 
 
                                              current damping :  0.200
 ITERATION  ENERGY          1e-ENERGY        2e-ENERGY     NORM[dD(SAO)]  TOL
  10  -3091.4550259885    -16353.248833     7353.7692384    0.109D-02 0.160D-11
                            Exc =  -312.027255764486     N = 303.99925722    
                          Ediel =    -0.088263124190
          Norm of current diis error: 0.11751E-01
          max. resid. norm for Fia-block=  4.771D-04 for orbital    150a         
          max. resid. fock norm         =  2.455D-03 for orbital    817a         
          irrep a   : virtual orbitals shifted by    0.02977
 mo-orthogonalization: Cholesky decomposition
          Delta Eig. =     0.0484017626 eV 
 
                                              current damping :  0.250
 ITERATION  ENERGY          1e-ENERGY        2e-ENERGY     NORM[dD(SAO)]  TOL
  11  -3091.4548916919    -16353.309541     7353.8300806    0.684D-03 0.164D-11
                            Exc =  -312.028339551875     N = 303.99925709    
                          Ediel =    -0.088202142598
          Norm of current diis error: 0.44192E-01
          max. resid. norm for Fia-block=  2.110D-04 for orbital     50a         
          max. resid. fock norm         =  1.357D-03 for orbital    815a         
          irrep a   : virtual orbitals shifted by    0.02700
          Delta Eig. =     0.0272274085 eV 
 
                                              current damping :  0.300
 ITERATION  ENERGY          1e-ENERGY        2e-ENERGY     NORM[dD(SAO)]  TOL
  12  -3091.4549974689    -16353.285481     7353.8059157    0.656D-03 0.164D-11
                            Exc =  -312.028737382478     N = 303.99925708    
                          Ediel =    -0.088248068086
          Norm of current diis error: 0.22885E-01
          max. resid. norm for Fia-block=  1.230D-04 for orbital    150a         
          max. resid. fock norm         =  4.547D-04 for orbital    817a         
          irrep a   : virtual orbitals shifted by    0.02486
          Delta Eig. =     0.0116631246 eV 
 
                                              current damping :  0.150
 ITERATION  ENERGY          1e-ENERGY        2e-ENERGY     NORM[dD(SAO)]  TOL
  13  -3091.4550274145    -16353.237293     7353.7576977    0.918D-04 0.161D-11
                            Exc =  -312.027920468213     N = 303.99925719    
                          Ediel =    -0.088308703424
          Norm of current diis error: 0.10870E-01
          max. resid. norm for Fia-block=  1.814D-04 for orbital    150a         
          max. resid. fock norm         =  3.238D-04 for orbital    165a         
          irrep a   : virtual orbitals shifted by    0.03336
          Delta Eig. =     0.0197126028 eV 
 
                                              current damping :  0.200
 ITERATION  ENERGY          1e-ENERGY        2e-ENERGY     NORM[dD(SAO)]  TOL
  14  -3091.4550265272    -16353.096427     7353.6168326    0.214D-03 0.161D-11
                            Exc =  -312.024780113872     N = 303.99925751    
                          Ediel =    -0.088401480889
          Norm of current diis error: 0.11362E-01
          max. resid. norm for Fia-block=  2.674D-04 for orbital    149a         
          max. resid. fock norm         =  6.010D-04 for orbital    815a         
          irrep a   : virtual orbitals shifted by    0.03153
          Delta Eig. =     0.0349491338 eV 
 
                                              current damping :  0.250
 ITERATION  ENERGY          1e-ENERGY        2e-ENERGY     NORM[dD(SAO)]  TOL
  15  -3091.4550165508    -16353.317731     7353.8381461    0.747D-04 0.141D-11
                            Exc =  -312.028406019753     N = 303.99925720    
                          Ediel =    -0.088163334690
          Norm of current diis error: 0.16078E-01
          max. resid. norm for Fia-block=  1.073D-04 for orbital     80a         
          max. resid. fock norm         =  3.676D-04 for orbital    801a         
          irrep a   : virtual orbitals shifted by    0.02819
 mo-orthogonalization: Cholesky decomposition
          Delta Eig. =     0.0170509734 eV 
 
                                              current damping :  0.300
 ITERATION  ENERGY          1e-ENERGY        2e-ENERGY     NORM[dD(SAO)]  TOL
  16  -3091.4550276571    -16353.228535     7353.7489386    0.102D-03 0.151D-11
                            Exc =  -312.027525041593     N = 303.99925728    
                          Ediel =    -0.088290399280
          Norm of current diis error: 0.10626E-01
          max. resid. norm for Fia-block=  9.413D-05 for orbital    150a         
          max. resid. fock norm         =  4.660D-04 for orbital    817a         
          irrep a   : virtual orbitals shifted by    0.02506
          Delta Eig. =     0.0096088904 eV 
 
                                              current damping :  0.350
 ITERATION  ENERGY          1e-ENERGY        2e-ENERGY     NORM[dD(SAO)]  TOL
  17  -3091.4550357948    -16353.241153     7353.7615491    0.555D-04 0.153D-11
                            Exc =  -312.027539822417     N = 303.99925727    
                          Ediel =    -0.088280791413
          Norm of current diis error: 0.20697E-02
          max. resid. norm for Fia-block=  8.623D-05 for orbital     80a         
          max. resid. fock norm         =  3.109D-04 for orbital    801a         
          irrep a   : virtual orbitals shifted by    0.02205
          Delta Eig. =     0.0123567692 eV 
 
                                              current damping :  0.400
 ITERATION  ENERGY          1e-ENERGY        2e-ENERGY     NORM[dD(SAO)]  TOL
  18  -3091.4550356583    -16353.193419     7353.7138146    0.580D-04 0.149D-11
                            Exc =  -312.026970323213     N = 303.99925728    
                          Ediel =    -0.088323908527
          Norm of current diis error: 0.26078E-02
          max. resid. norm for Fia-block=  6.547D-05 for orbital     80a         
          max. resid. fock norm         =  1.859D-04 for orbital    801a         
          irrep a   : virtual orbitals shifted by    0.01913
          Delta Eig. =     0.0073016948 eV 
 
                                              current damping :  0.450
 ITERATION  ENERGY          1e-ENERGY        2e-ENERGY     NORM[dD(SAO)]  TOL
  19  -3091.4550352615    -16353.174043     7353.6944394    0.310D-04 0.145D-11
                            Exc =  -312.026403735748     N = 303.99925734    
                          Ediel =    -0.088348663395
          Norm of current diis error: 0.33619E-02
          max. resid. norm for Fia-block=  2.339D-05 for orbital    150a         
          max. resid. fock norm         =  4.055D-05 for orbital    163a         
          irrep a   : virtual orbitals shifted by    0.01630
          Delta Eig. =     0.0024310250 eV 
 
                                              current damping :  0.500
 ITERATION  ENERGY          1e-ENERGY        2e-ENERGY     NORM[dD(SAO)]  TOL
  20  -3091.4550359274    -16353.194811     7353.7152065    0.828D-05 0.145D-11
                            Exc =  -312.026847611697     N = 303.99925730    
                          Ediel =    -0.088334778911
          Norm of current diis error: 0.17284E-02
          max. resid. norm for Fia-block=  2.246D-05 for orbital    149a         
          max. resid. fock norm         =  5.613D-05 for orbital    815a         
          irrep a   : virtual orbitals shifted by    0.01350
 mo-orthogonalization: Cholesky decomposition
          Delta Eig. =     0.0022342158 eV 
 
                                              current damping :  0.350
 ITERATION  ENERGY          1e-ENERGY        2e-ENERGY     NORM[dD(SAO)]  TOL
  21  -3091.4550361655    -16353.213424     7353.7338199    0.437D-05 0.147D-11
                            Exc =  -312.027180726164     N = 303.99925728    
                          Ediel =    -0.088311316866
          Norm of current diis error: 0.36053E-03
          max. resid. norm for Fia-block=  1.574D-05 for orbital    150a         
          max. resid. fock norm         =  6.059D-05 for orbital    817a         
          irrep a   : virtual orbitals shifted by    0.02213
          Delta Eig. =     0.0014550401 eV 
 
                                              current damping :  0.200
 ITERATION  ENERGY          1e-ENERGY        2e-ENERGY     NORM[dD(SAO)]  TOL
  22  -3091.4550360868    -16353.220749     7353.7411447    0.437D-05 0.371D-11
                            Exc =  -312.027290946192     N = 303.99925727    
                          Ediel =    -0.088303271724
          Norm of current diis error: 0.10906E-02
          max. resid. norm for Fia-block=  1.087D-05 for orbital     80a         
          max. resid. fock norm         =  3.580D-05 for orbital    817a         
          irrep a   : virtual orbitals shifted by    0.03081
          Delta Eig. =     0.0012722156 eV 
 
                                              current damping :  0.250
 ITERATION  ENERGY          1e-ENERGY        2e-ENERGY     NORM[dD(SAO)]  TOL
  23  -3091.4550361470    -16353.220188     7353.7405834    0.201D-03 0.235D-11
                            Exc =  -312.027253265724     N = 303.99925728    
                          Ediel =    -0.088305217743
          Norm of current diis error: 0.60610E-03
          max. resid. norm for Fia-block=  7.548D-06 for orbital     80a         
          max. resid. fock norm         =  2.665D-05 for orbital    801a         
          irrep a   : virtual orbitals shifted by    0.02792
          Delta Eig. =     0.0011324280 eV 
 
                                              current damping :  0.100
 ITERATION  ENERGY          1e-ENERGY        2e-ENERGY     NORM[dD(SAO)]  TOL
  24  -3091.4550361691    -16353.217824     7353.7382193    0.998D-04 0.204D-11
                            Exc =  -312.027230873854     N = 303.99925728    
                          Ediel =    -0.088306334884
          Norm of current diis error: 0.24298E-03
          max. resid. norm for Fia-block=  4.043D-06 for orbital    152a         
          max. resid. fock norm         =  1.126D-05 for orbital    801a         
          irrep a   : virtual orbitals shifted by    0.03656
          Delta Eig. =     0.0004887423 eV 
 
                                              current damping :  0.100
 ITERATION  ENERGY          1e-ENERGY        2e-ENERGY     NORM[dD(SAO)]  TOL
  25  -3091.4550361693    -16353.214102     7353.7344972    0.577D-04 0.166D-11
                            Exc =  -312.027169768438     N = 303.99925729    
                          Ediel =    -0.088309803043
          Norm of current diis error: 0.17354E-03
          max. resid. norm for Fia-block=  5.978D-06 for orbital    149a         
          max. resid. fock norm         =  1.647D-05 for orbital    817a         
          irrep a   : virtual orbitals shifted by    0.03658
 mo-orthogonalization: Cholesky decomposition
          Delta Eig. =     0.0009796469 eV 
 
                                              current damping :  0.150
 ITERATION  ENERGY          1e-ENERGY        2e-ENERGY     NORM[dD(SAO)]  TOL
  26  -3091.4550361573    -16353.219159     7353.7395543    0.697D-04 0.148D-11
                            Exc =  -312.027282351041     N = 303.99925727    
                          Ediel =    -0.088305332082
          Norm of current diis error: 0.50405E-03
          max. resid. norm for Fia-block=  4.127D-06 for orbital     80a         
          max. resid. fock norm         =  8.779D-06 for orbital    801a         
          irrep a   : virtual orbitals shifted by    0.03369
          Delta Eig. =     0.0004369297 eV 
 
                                              current damping :  0.200
 ITERATION  ENERGY          1e-ENERGY        2e-ENERGY     NORM[dD(SAO)]  TOL
  27  -3091.4550361678    -16353.217182     7353.7375773    0.152D-04 0.154D-11
                            Exc =  -312.027239891602     N = 303.99925728    
                          Ediel =    -0.088307123309
          Norm of current diis error: 0.28168E-03
          max. resid. norm for Fia-block=  1.514D-06 for orbital    151a         
          max. resid. fock norm         =  7.272D-06 for orbital    817a         
          irrep a   : virtual orbitals shifted by    0.03080
          Delta Eig. =     0.0001706936 eV 
 
                                              current damping :  0.100
 ITERATION  ENERGY          1e-ENERGY        2e-ENERGY     NORM[dD(SAO)]  TOL
  28  -3091.4550361699    -16353.216643     7353.7370381    0.411D-05 0.158D-11
                            Exc =  -312.027227207749     N = 303.99925728    
                          Ediel =    -0.088307722163
          Norm of current diis error: 0.12712E-03
          max. resid. norm for Fia-block=  1.381D-06 for orbital     80a         
          max. resid. fock norm         =  3.921D-06 for orbital    817a         
          irrep a   : virtual orbitals shifted by    0.03656
          Delta Eig. =     0.0001577176 eV 
 
                                              current damping :  0.100
 ITERATION  ENERGY          1e-ENERGY        2e-ENERGY     NORM[dD(SAO)]  TOL
  29  -3091.4550361705    -16353.216073     7353.7364688    0.500D-05 0.163D-11
                            Exc =  -312.027206947499     N = 303.99925728    
                          Ediel =    -0.088308189509
          Norm of current diis error: 0.45923E-04
          max. resid. norm for Fia-block=  2.342D-06 for orbital    150a         
          max. resid. fock norm         =  6.277D-06 for orbital    801a         
          irrep a   : virtual orbitals shifted by    0.03656
          Delta Eig. =     0.0003119367 eV 
 
                                              current damping :  0.100
 ITERATION  ENERGY          1e-ENERGY        2e-ENERGY     NORM[dD(SAO)]  TOL
  30  -3091.4550361670    -16353.213717     7353.7341124    0.997D-05 0.148D-11
                            Exc =  -312.027170165138     N = 303.99925728    
                          Ediel =    -0.088310242466
          Norm of current diis error: 0.15514E-03
          max. resid. norm for Fia-block=  1.192D-06 for orbital     79a         
          max. resid. fock norm         =  2.521D-06 for orbital    475a         
          irrep a   : virtual orbitals shifted by    0.03656
 mo-orthogonalization: Cholesky decomposition
          Delta Eig. =     0.0002027154 eV 
 
                                              current damping :  0.150
 ITERATION  ENERGY          1e-ENERGY        2e-ENERGY     NORM[dD(SAO)]  TOL
  31  -3091.4550361723    -16353.214840     7353.7352359    0.261D-05 0.145D-11
                            Exc =  -312.027188851593     N = 303.99925728    
                          Ediel =    -0.088309403776
          Norm of current diis error: 0.63011E-04
          max. resid. norm for Fia-block=  7.915D-07 for orbital     80a         
          max. resid. fock norm         =  2.687D-06 for orbital    801a         
          irrep a   : virtual orbitals shifted by    0.03368
          Delta Eig. =     0.0001327401 eV 
 
                                              current damping :  0.100
 ITERATION  ENERGY          1e-ENERGY        2e-ENERGY     NORM[dD(SAO)]  TOL
  32  -3091.4550361700    -16353.215620     7353.7360156    0.116D-05 0.149D-11
                            Exc =  -312.027200744717     N = 303.99925728    
                          Ediel =    -0.088308661798
          Norm of current diis error: 0.21285E-04
          max. resid. norm for Fia-block=  5.548D-07 for orbital     80a         
          max. resid. fock norm         =  1.196D-06 for orbital    801a         
          irrep a   : virtual orbitals shifted by    0.03656
          Delta Eig. =     0.0000644210 eV 
 
                                              current damping :  0.100
 ITERATION  ENERGY          1e-ENERGY        2e-ENERGY     NORM[dD(SAO)]  TOL
  33  -3091.4550361690    -16353.216093     7353.7364886    0.178D-05 0.150D-11
                            Exc =  -312.027212874591     N = 303.99925728    
                          Ediel =    -0.088308249628
          Norm of current diis error: 0.40541E-04
          max. resid. norm for Fia-block=  7.741D-07 for orbital     80a         
          max. resid. fock norm         =  2.518D-06 for orbital    817a         
          irrep a   : virtual orbitals shifted by    0.03656
          Delta Eig. =     0.0000945147 eV 

 ENERGY CONVERGED !

 Evaluating v_xc on big grid 
          Overall gridpoints after grid construction =        459514
 
                                              current damping :  0.150
 ITERATION  ENERGY          1e-ENERGY        2e-ENERGY     NORM[dD(SAO)]  TOL
  34  -3091.4543658164    -16353.216010     7353.7370759    0.740D-06 0.142D-11
                            Exc =  -312.026538002538     N = 303.99998226    
                          Ediel =    -0.088308348916
          max. resid. norm for Fia-block=  4.753D-06 for orbital    150a         
          max. resid. fock norm         =  2.109D-05 for orbital    817a         

 convergence criteria satisfied after    34 iterations


                  ------------------------------------------ 
                 |  total energy      =  -3091.45436581642  |
                  ------------------------------------------ 
                 :  kinetic energy    =   2498.68238262408  :
                 :  potential energy  =  -5590.13674844050  :
                 :  virial theorem    =      1.80825465524  :
                 :  wavefunction norm =      1.00000000000  :
                  .......................................... 


 orbitals $scfmo  will be written to file mos

    irrep                148a        149a        150a        151a        152a   
 eigenvalues H         -0.27274    -0.26872    -0.26756    -0.26594    -0.26270
            eV          -7.4218     -7.3123     -7.2807     -7.2367     -7.1485
 occupation              2.0000      2.0000      2.0000      2.0000      2.0000

    irrep                153a        154a        155a        156a        157a   
 eigenvalues H         -0.20504    -0.20429    -0.20319    -0.20269    -0.20250
            eV          -5.5795     -5.5592     -5.5291     -5.5156     -5.5103
 
 ==============================================================================
                                  COSMO RESULTS
 ==============================================================================
  PARAMETER:
    nppa:      1082
    nspa:        92
    nsph:        32
    nps:       1366
    npspher:    649
    disex:   10.0000    
    disex2:  3956.88    
    rsolv [A]: 1.3000
    routf:     0.8500
    phsran:    0.0    
    ampran:   0.10E-04
    cavity:  closed
    epsilon: infinity
    refind:     1.300
    fepsi:      1.0000000
  CAVITY VOLUME/AREA [a.u.]:
    surface: V1.0, A matrix: V1.0
    area:  1334.22
    volume:  3383.74
  SCREENING CHARGE:
    cosmo      :  -0.026997
    correction :   0.025927
    total      :  -0.001070
  ENERGIES [a.u.]:
    Total energy            =   -3091.4543658164248
    Total energy + OC corr. =    -3091.4557786930
    Dielectric energy       =       -0.0883083489
    Diel. energy + OC corr. =       -0.0897212255
  ELEMENT RADIUS [A]: ATOM LIST
    o  1.72: 1,3,4,6-9,11-14,16,17,19,20,22-25,27-29,31,32
    ce 2.22: 2,18
    n  1.83: 5,10,15,21,26,30
    h  1.30: 33-42
 ==============================================================================
 
 
 
 ==============================================================================
                           electrostatic moments
 ==============================================================================

 reference point for electrostatic moments:    0.00000   0.00000   0.00000

 
              nuc           elec       ->  total
 ------------------------------------------------------------------------------
                          charge      
 ------------------------------------------------------------------------------
         304.000000    -304.000000       0.000000
 
 ------------------------------------------------------------------------------
                       dipole moment  
 ------------------------------------------------------------------------------
   x     148.893215    -148.752571       0.140644
   y      -6.428164       6.127593      -0.300571
   z    1068.208417   -1070.367963      -2.159546
 
   | dipole moment | =     2.1849 a.u. =     5.5534 debye 
 
 ------------------------------------------------------------------------------
                     quadrupole moment
 ------------------------------------------------------------------------------
  xx    3959.971065   -4183.526509    -223.555444
  yy    2818.409950   -2988.835778    -170.425828
  zz   10315.824431  -10456.841579    -141.017148
  xy     262.052632    -269.470164      -7.417532
  xz     429.664953    -403.707090      25.957863
  yz    -381.994035     381.331140      -0.662895
 
     1/3  trace=    -178.332807
     anisotropy=      86.243308
 
 ==============================================================================
 
HOMO-LUMO Separation
 HOMO         :   -0.26270174 H =     -7.14848 eV
 LUMO         :   -0.20504035 H =     -5.57943 eV
 HOMO-LUMO gap:    0.05766139 H =     +1.56905 eV
 
 ==============================================================================


    ------------------------------------------------------------------------
         total  cpu-time :  2 hours 12 minutes and 11 seconds
         total wall-time : 16 minutes and 49 seconds
    ------------------------------------------------------------------------

   ****  dscf : all done  ****


    2024-03-27 16:04:49.127 

 dscf ended normally
